#
# A fatal error has been detected by the Java Runtime Environment:
#
#  SIGSEGV (0xb) at pc=0x00007fcafe0c3401, pid=5174, tid=5193
#
# JRE version: OpenJDK Runtime Environment (11.0.7+10) (build 11.0.7+10-post-Ubuntu-2ubuntu218.04)
# Java VM: OpenJDK 64-Bit Server VM (11.0.7+10-post-Ubuntu-2ubuntu218.04, mixed mode, sharing, tiered, compressed oops, g1 gc, linux-amd64)
# Problematic frame:
# C  [libjimage.so+0x2401]
#
# Core dump will be written. Default location: Core dumps may be processed with "/usr/share/apport/apport %p %s %c %d %P %E" (or dumping to /home/italo/workspace/CRUD spring boot/API-RESTful-using-spring-boot/crud/core.5174)
#
# If you would like to submit a bug report, please visit:
#   https://bugs.launchpad.net/ubuntu/+source/openjdk-lts
#

---------------  S U M M A R Y ------------

Command Line: -agentlib:jdwp=transport=dt_socket,suspend=y,address=localhost:44475 -javaagent:/home/italo/.eclipse/360744286_linux_gtk_x86_64/configuration/org.eclipse.osgi/222/0/.cp/lib/javaagent-shaded.jar -Dfile.encoding=UTF-8 com.crud.rest.CrudApplication

Host: Intel(R) Core(TM) i3-5005U CPU @ 2.00GHz, 4 cores, 3G, Ubuntu 18.04.4 LTS
Time: Tue Jun  2 17:11:44 2020 -03 elapsed time: 222 seconds (0d 0h 3m 42s)

---------------  T H R E A D  ---------------

Current thread (0x00007fcaf8130000):  JavaThread "Signal Dispatcher" daemon [_thread_in_vm, id=5193, stack(0x00007fcae0182000,0x00007fcae0283000)]

Stack: [0x00007fcae0182000,0x00007fcae0283000],  sp=0x00007fcae02801e0,  free space=1016k
Native frames: (J=compiled Java code, A=aot compiled Java code, j=interpreted, Vv=VM code, C=native code)
C  [libjimage.so+0x2401]
C  [libjimage.so+0x30ea]
C  [libjimage.so+0x35c6]  JIMAGE_FindResource+0xd6
V  [libjvm.so+0x59105e]
V  [libjvm.so+0x593dc0]
V  [libjvm.so+0xd503b5]
V  [libjvm.so+0xd4dd4a]
V  [libjvm.so+0xd50942]
V  [libjvm.so+0x64589d]
V  [libjvm.so+0x83ea5c]
j  jdk.internal.misc.Signal.dispatch(I)V+25 java.base@11.0.7
v  ~StubRoutines::call_stub
V  [libjvm.so+0x84e319]
V  [libjvm.so+0x84d105]
V  [libjvm.so+0xbc377c]
V  [libjvm.so+0xd8918f]
V  [libjvm.so+0xd85acf]
V  [libjvm.so+0xbd59de]

Java frames: (J=compiled Java code, j=interpreted, Vv=VM code)
j  jdk.internal.misc.Signal.dispatch(I)V+25 java.base@11.0.7
v  ~StubRoutines::call_stub

siginfo: si_signo: 11 (SIGSEGV), si_code: 1 (SEGV_MAPERR), si_addr: 0x00007fcaef91b498

Register to memory mapping:

RAX=0x000000000000391f is an unknown value
RBX=0x00007fcae0280291 is pointing into the stack for thread: 0x00007fcaf8130000
RCX=0x00007fcaef90d01c is an unknown value
RDX=0x000000000000391f is an unknown value
RSP=0x00007fcae02801e0 is pointing into the stack for thread: 0x00007fcaf8130000
RBP=0x00007fcae0280200 is pointing into the stack for thread: 0x00007fcaf8130000
RSI=0x00007fcae0280290 is pointing into the stack for thread: 0x00007fcaf8130000
RDI=0x00007fcafe2c6130: <offset 0x0000000000205130> in /usr/lib/jvm/java-11-openjdk-amd64/lib/libjimage.so at 0x00007fcafe0c1000
R8 =0x0 is NULL
R9 =0x0000000076100fa4 is an unknown value
R10=0x00007fcae02802b3 is pointing into the stack for thread: 0x00007fcaf8130000
R11=0x00007fcb01cf24c0: <offset 0x00000000001af4c0> in /lib/x86_64-linux-gnu/libc.so.6 at 0x00007fcb01b43000
R12=0x00007fcae0280290 is pointing into the stack for thread: 0x00007fcaf8130000
R13=0x00000000000083ac is an unknown value
R14=0x00007fcae0281328 is pointing into the stack for thread: 0x00007fcaf8130000
R15=0x00007fcaf8130cd0 points into unknown readable memory: 6a 64 6b 2f 69 6e 74 65


Registers:
RAX=0x000000000000391f, RBX=0x00007fcae0280291, RCX=0x00007fcaef90d01c, RDX=0x000000000000391f
RSP=0x00007fcae02801e0, RBP=0x00007fcae0280200, RSI=0x00007fcae0280290, RDI=0x00007fcafe2c6130
R8 =0x0000000000000000, R9 =0x0000000076100fa4, R10=0x00007fcae02802b3, R11=0x00007fcb01cf24c0
R12=0x00007fcae0280290, R13=0x00000000000083ac, R14=0x00007fcae0281328, R15=0x00007fcaf8130cd0
RIP=0x00007fcafe0c3401, EFLAGS=0x0000000000010246, CSGSFS=0x002b000000000033, ERR=0x0000000000000004
  TRAPNO=0x000000000000000e

Top of Stack: (sp=0x00007fcae02801e0)
0x00007fcae02801e0:   0000000000000000 00007fcaf8026b00
0x00007fcae02801f0:   0000000000000000 00007fcae0280290
0x00007fcae0280200:   00007fcae0280270 00007fcafe0c40ea
0x00007fcae0280210:   0000000000000000 0000000000000000 

Instructions: (pc=0x00007fcafe0c3401)
0x00007fcafe0c3301:   c5 4c 01 e3 48 89 ce e8 d3 f3 ff ff e9 69 fd ff
0x00007fcafe0c3311:   ff 89 d1 0f b7 74 08 fe 66 41 89 74 0e fe e9 7a
0x00007fcafe0c3321:   fe ff ff 0f 1f 40 00 8b 08 49 8d 1c 16 41 89 0e
0x00007fcafe0c3331:   89 d1 8b 74 08 fc 41 89 74 0e fc 48 8d 34 10 48
0x00007fcafe0c3341:   89 75 b8 e9 0b fe ff ff 0f 1f 80 00 00 00 00 0f
0x00007fcafe0c3351:   b6 17 55 89 f0 48 89 e5 84 d2 74 22 48 8d 4f 01
0x00007fcafe0c3361:   0f 1f 80 00 00 00 00 48 83 c1 01 0f b6 f2 0f b6
0x00007fcafe0c3371:   51 ff 69 c0 93 01 00 01 31 f0 84 d2 75 e9 25 ff
0x00007fcafe0c3381:   ff ff 7f 5d c3 66 2e 0f 1f 84 00 00 00 00 00 48
0x00007fcafe0c3391:   85 d2 0f 84 dd 00 00 00 85 c9 0f 84 d5 00 00 00
0x00007fcafe0c33a1:   55 48 89 e5 41 55 41 54 53 48 8d 5e 01 48 83 ec
0x00007fcafe0c33b1:   08 44 0f b6 06 45 84 c0 0f 84 a9 00 00 00 49 89
0x00007fcafe0c33c1:   da b8 93 01 00 01 66 0f 1f 84 00 00 00 00 00 49
0x00007fcafe0c33d1:   83 c2 01 44 69 c8 93 01 00 01 41 0f b6 c0 45 0f
0x00007fcafe0c33e1:   b6 42 ff 44 31 c8 45 84 c0 75 e4 25 ff ff ff 7f
0x00007fcafe0c33f1:   41 89 cd 48 89 d1 31 d2 41 f7 f5 49 89 f4 89 d0
0x00007fcafe0c3401:   8b 34 81 48 8b 07 ff 50 20 83 f8 00 7e 41 41 0f
0x00007fcafe0c3411:   b6 14 24 84 d2 74 1c 0f 1f 84 00 00 00 00 00 69
0x00007fcafe0c3421:   c0 93 01 00 01 48 83 c3 01 31 d0 0f b6 53 ff 84
0x00007fcafe0c3431:   d2 75 ec 25 ff ff ff 7f 31 d2 41 f7 f5 48 83 c4
0x00007fcafe0c3441:   08 89 d0 5b 41 5c 41 5d 5d c3 0f 1f 44 00 00 74
0x00007fcafe0c3451:   1d f7 d0 48 83 c4 08 89 c2 5b 89 d0 41 5c 41 5d
0x00007fcafe0c3461:   5d c3 0f 1f 44 00 00 b8 93 01 00 01 eb 82 ba ff
0x00007fcafe0c3471:   ff ff ff eb c8 83 ca ff 89 d0 c3 0f 1f 40 00 0f
0x00007fcafe0c3481:   b6 17 55 48 89 f8 48 89 e5 84 d2 75 15 eb 1a 38
0x00007fcafe0c3491:   ca 75 1c 48 83 c0 01 0f b6 10 48 83 c6 01 84 d2
0x00007fcafe0c34a1:   74 07 0f b6 0e 84 c9 75 e6 5d c3 0f 1f 40 00 31
0x00007fcafe0c34b1:   c0 5d c3 66 90 66 2e 0f 1f 84 00 00 00 00 00 55
0x00007fcafe0c34c1:   48 85 f6 48 89 e5 74 57 0f 1f 80 00 00 00 00 0f
0x00007fcafe0c34d1:   b6 06 84 c0 74 49 0f b6 d0 83 e0 07 c1 fa 03 44
0x00007fcafe0c34e1:   8d 50 01 0f b6 c0 41 89 d1 48 8d 56 01 4c 8d 44
0x00007fcafe0c34f1:   06 02 31 c0 0f 1f 00 0f b6 0a 48 c1 e0 08 48 83 


Stack slot to memory mapping:
stack at sp + 0 slots: 0x0 is NULL
stack at sp + 1 slots: 0x00007fcaf8026b00 points into unknown readable memory: 20 6d 00 9c ca 7f 00 00
stack at sp + 2 slots: 0x0 is NULL
stack at sp + 3 slots: 0x00007fcae0280290 is pointing into the stack for thread: 0x00007fcaf8130000
stack at sp + 4 slots: 0x00007fcae0280270 is pointing into the stack for thread: 0x00007fcaf8130000
stack at sp + 5 slots: 0x00007fcafe0c40ea: <offset 0x00000000000030ea> in /usr/lib/jvm/java-11-openjdk-amd64/lib/libjimage.so at 0x00007fcafe0c1000
stack at sp + 6 slots: 0x0 is NULL
stack at sp + 7 slots: 0x0 is NULL


---------------  P R O C E S S  ---------------

Threads class SMR info:
_java_thread_list=0x00007fca940022a0, length=31, elements={
0x00007fcaf8019800, 0x00007fcaf8128800, 0x00007fcaf812a800, 0x00007fcaf8130000,
0x00007fcaf8132800, 0x00007fcaf8134800, 0x00007fcaf8136800, 0x00007fcaf8144800,
0x00007fcaf8186800, 0x00007fcaf818a800, 0x00007fcaf8464800, 0x00007fca88c40000,
0x00007fca7c450000, 0x00007fca88c50000, 0x00007fca88d76800, 0x00007fca88d7f000,
0x00007fca885b3000, 0x00007fca88fbe000, 0x00007fca887a8000, 0x00007fca887aa000,
0x00007fca88eab800, 0x00007fca88ead800, 0x00007fca88eaf800, 0x00007fca88eb1000,
0x00007fca88017000, 0x00007fca88019000, 0x00007fca8801b000, 0x00007fca8801d000,
0x00007fca880a0800, 0x00007fca89090800, 0x00007fca8908a000
}

Java Threads: ( => current thread )
  0x00007fcaf8019800 JavaThread "main" [_thread_blocked, id=5184, stack(0x00007fcb02251000,0x00007fcb02352000)]
  0x00007fcaf8128800 JavaThread "Reference Handler" daemon [_thread_blocked, id=5191, stack(0x00007fcae0384000,0x00007fcae0485000)]
  0x00007fcaf812a800 JavaThread "Finalizer" daemon [_thread_blocked, id=5192, stack(0x00007fcae0283000,0x00007fcae0384000)]
=>0x00007fcaf8130000 JavaThread "Signal Dispatcher" daemon [_thread_in_vm, id=5193, stack(0x00007fcae0182000,0x00007fcae0283000)]
  0x00007fcaf8132800 JavaThread "C2 CompilerThread0" daemon [_thread_blocked, id=5194, stack(0x00007fcae0081000,0x00007fcae0182000)]
  0x00007fcaf8134800 JavaThread "C1 CompilerThread0" daemon [_thread_blocked, id=5195, stack(0x00007fcad87ff000,0x00007fcad8900000)]
  0x00007fcaf8136800 JavaThread "Sweeper thread" daemon [_thread_blocked, id=5196, stack(0x00007fcad86fe000,0x00007fcad87ff000)]
  0x00007fcaf8144800 JavaThread "Common-Cleaner" daemon [_thread_blocked, id=5197, stack(0x00007fcad85fd000,0x00007fcad86fe000)]
  0x00007fcaf8186800 JavaThread "JDWP Transport Listener: dt_socket" daemon [_thread_in_native, id=5199, stack(0x00007fcad82f6000,0x00007fcad83f7000)]
  0x00007fcaf818a800 JavaThread "JDWP Event Helper Thread" daemon [_thread_blocked, id=5202, stack(0x00007fcad81f5000,0x00007fcad82f6000)]
  0x00007fcaf8464800 JavaThread "Service Thread" daemon [_thread_blocked, id=5206, stack(0x00007fcabb108000,0x00007fcabb209000)]
  0x00007fca88c40000 JavaThread "Catalina-utility-1" [_thread_blocked, id=5218, stack(0x00007fcaba8f7000,0x00007fcaba9f8000)]
  0x00007fca7c450000 JavaThread "Catalina-utility-2" [_thread_blocked, id=5219, stack(0x00007fcab9ac1000,0x00007fcab9bc2000)]
  0x00007fca88c50000 JavaThread "container-0" [_thread_blocked, id=5220, stack(0x00007fcab8dc0000,0x00007fcab8ec1000)]
  0x00007fca88d76800 JavaThread "MVStore background writer nio:/home/italo/test.mv.db" daemon [_thread_blocked, id=5221, stack(0x00007fcab88bf000,0x00007fcab89c0000)]
  0x00007fca88d7f000 JavaThread "HikariPool-1 housekeeper" daemon [_thread_blocked, id=5222, stack(0x00007fcab87be000,0x00007fcab88bf000)]
  0x00007fca885b3000 JavaThread "Live Reload Server" daemon [_thread_in_native, id=5227, stack(0x00007fcab84bd000,0x00007fcab85be000)]
  0x00007fca88fbe000 JavaThread "File Watcher" daemon [_thread_blocked, id=5228, stack(0x00007fca630fc000,0x00007fca631fd000)]
  0x00007fca887a8000 JavaThread "http-nio-8080-BlockPoller" daemon [_thread_in_native, id=5229, stack(0x00007fca62ffb000,0x00007fca630fc000)]
  0x00007fca887aa000 JavaThread "http-nio-8080-exec-1" daemon [_thread_blocked, id=5230, stack(0x00007fca62efa000,0x00007fca62ffb000)]
  0x00007fca88eab800 JavaThread "http-nio-8080-exec-2" daemon [_thread_blocked, id=5231, stack(0x00007fca62df9000,0x00007fca62efa000)]
  0x00007fca88ead800 JavaThread "http-nio-8080-exec-3" daemon [_thread_blocked, id=5232, stack(0x00007fca62cf8000,0x00007fca62df9000)]
  0x00007fca88eaf800 JavaThread "http-nio-8080-exec-4" daemon [_thread_blocked, id=5233, stack(0x00007fca62bf7000,0x00007fca62cf8000)]
  0x00007fca88eb1000 JavaThread "http-nio-8080-exec-5" daemon [_thread_blocked, id=5234, stack(0x00007fca62af6000,0x00007fca62bf7000)]
  0x00007fca88017000 JavaThread "http-nio-8080-exec-6" daemon [_thread_blocked, id=5235, stack(0x00007fca629f5000,0x00007fca62af6000)]
  0x00007fca88019000 JavaThread "http-nio-8080-exec-7" daemon [_thread_blocked, id=5236, stack(0x00007fca628f4000,0x00007fca629f5000)]
  0x00007fca8801b000 JavaThread "http-nio-8080-exec-8" daemon [_thread_blocked, id=5237, stack(0x00007fca627f3000,0x00007fca628f4000)]
  0x00007fca8801d000 JavaThread "http-nio-8080-exec-9" daemon [_thread_blocked, id=5238, stack(0x00007fca626f2000,0x00007fca627f3000)]
  0x00007fca880a0800 JavaThread "http-nio-8080-exec-10" daemon [_thread_blocked, id=5239, stack(0x00007fca625f1000,0x00007fca626f2000)]
  0x00007fca89090800 JavaThread "http-nio-8080-ClientPoller" daemon [_thread_blocked, id=5240, stack(0x00007fca624f0000,0x00007fca625f1000)]
  0x00007fca8908a000 JavaThread "http-nio-8080-Acceptor" daemon [_thread_in_native, id=5241, stack(0x00007fca623ef000,0x00007fca624f0000)]

Other Threads:
  0x00007fcaf8126000 VMThread "VM Thread" [stack: 0x00007fcae0487000,0x00007fcae0587000] [id=5190]
  0x00007fcaf8466800 WatcherThread [stack: 0x00007fcabb008000,0x00007fcabb108000] [id=5207]
  0x00007fcaf8032800 GCTaskThread "GC Thread#0" [stack: 0x00007fcafddeb000,0x00007fcafdeeb000] [id=5185]
  0x00007fcac8001000 GCTaskThread "GC Thread#1" [stack: 0x00007fcabaf06000,0x00007fcabb006000] [id=5208]
  0x00007fcac803c800 GCTaskThread "GC Thread#2" [stack: 0x00007fcaba7f7000,0x00007fcaba8f7000] [id=5212]
  0x00007fcac803e000 GCTaskThread "GC Thread#3" [stack: 0x00007fcaba6f5000,0x00007fcaba7f5000] [id=5213]
  0x00007fcaf804d000 ConcurrentGCThread "G1 Main Marker" [stack: 0x00007fcafc445000,0x00007fcafc545000] [id=5186]
  0x00007fcaf804f000 ConcurrentGCThread "G1 Conc#0" [stack: 0x00007fcafc343000,0x00007fcafc443000] [id=5187]
  0x00007fcaf8090800 ConcurrentGCThread "G1 Refine#0" [stack: 0x00007fcae070c000,0x00007fcae080c000] [id=5188]
  0x00007fcaf8092800 ConcurrentGCThread "G1 Young RemSet Sampling" [stack: 0x00007fcae060a000,0x00007fcae070a000] [id=5189]

Threads with active compile tasks:

VM state:synchronizing (normal execution)

VM Mutex/Monitor currently owned by a thread:  ([mutex/lock_event])
[0x00007fcaf8015600] Threads_lock - owner thread: 0x00007fcaf8126000

Heap address: 0x00000000c4000000, size: 960 MB, Compressed Oops mode: 32-bit
Narrow klass base: 0x0000000800000000, Narrow klass shift: 3
Compressed class space size: 1073741824 Address: 0x0000000840000000

Heap:
 garbage-first heap   total 92160K, used 39746K [0x00000000c4000000, 0x0000000100000000)
  region size 1024K, 15 young (15360K), 4 survivors (4096K)
 Metaspace       used 64218K, capacity 65768K, committed 66048K, reserved 1105920K
  class space    used 8241K, capacity 8861K, committed 8960K, reserved 1048576K
Heap Regions: E=young(eden), S=young(survivor), O=old, HS=humongous(starts), HC=humongous(continues), CS=collection set, F=free, A=archive, TAMS=top-at-mark-start (previous, next)
|   0|0x00000000c4000000, 0x00000000c4100000, 0x00000000c4100000|100%|HS|  |TAMS 0x00000000c4100000, 0x00000000c4000000| Complete 
|   1|0x00000000c4100000, 0x00000000c4200000, 0x00000000c4200000|100%| O|  |TAMS 0x00000000c4200000, 0x00000000c4100000| Untracked 
|   2|0x00000000c4200000, 0x00000000c4300000, 0x00000000c4300000|100%| O|  |TAMS 0x00000000c4300000, 0x00000000c4200000| Untracked 
|   3|0x00000000c4300000, 0x00000000c4400000, 0x00000000c4400000|100%| O|  |TAMS 0x00000000c4400000, 0x00000000c4300000| Untracked 
|   4|0x00000000c4400000, 0x00000000c4500000, 0x00000000c4500000|100%| O|  |TAMS 0x00000000c4500000, 0x00000000c4400000| Untracked 
|   5|0x00000000c4500000, 0x00000000c4600000, 0x00000000c4600000|100%| O|  |TAMS 0x00000000c4600000, 0x00000000c4500000| Untracked 
|   6|0x00000000c4600000, 0x00000000c4700000, 0x00000000c4700000|100%| O|  |TAMS 0x00000000c4700000, 0x00000000c4600000| Untracked 
|   7|0x00000000c4700000, 0x00000000c4800000, 0x00000000c4800000|100%| O|  |TAMS 0x00000000c4800000, 0x00000000c4700000| Untracked 
|   8|0x00000000c4800000, 0x00000000c4900000, 0x00000000c4900000|100%| O|  |TAMS 0x00000000c4900000, 0x00000000c4800000| Untracked 
|   9|0x00000000c4900000, 0x00000000c4a00000, 0x00000000c4a00000|100%| O|  |TAMS 0x00000000c4a00000, 0x00000000c4900000| Untracked 
|  10|0x00000000c4a00000, 0x00000000c4b00000, 0x00000000c4b00000|100%| O|  |TAMS 0x00000000c4b00000, 0x00000000c4a00000| Untracked 
|  11|0x00000000c4b00000, 0x00000000c4c00000, 0x00000000c4c00000|100%| O|  |TAMS 0x00000000c4c00000, 0x00000000c4b00000| Untracked 
|  12|0x00000000c4c00000, 0x00000000c4d00000, 0x00000000c4d00000|100%| O|  |TAMS 0x00000000c4d00000, 0x00000000c4c00000| Untracked 
|  13|0x00000000c4d00000, 0x00000000c4e00000, 0x00000000c4e00000|100%| O|  |TAMS 0x00000000c4e00000, 0x00000000c4d00000| Untracked 
|  14|0x00000000c4e00000, 0x00000000c4f00000, 0x00000000c4f00000|100%| O|  |TAMS 0x00000000c4f00000, 0x00000000c4e00000| Untracked 
|  15|0x00000000c4f00000, 0x00000000c5000000, 0x00000000c5000000|100%| O|  |TAMS 0x00000000c5000000, 0x00000000c4f00000| Untracked 
|  16|0x00000000c5000000, 0x00000000c5100000, 0x00000000c5100000|100%|HS|  |TAMS 0x00000000c5100000, 0x00000000c5000000| Complete 
|  17|0x00000000c5100000, 0x00000000c5200000, 0x00000000c5200000|100%|HC|  |TAMS 0x00000000c5200000, 0x00000000c5100000| Complete 
|  18|0x00000000c5200000, 0x00000000c5300000, 0x00000000c5300000|100%| O|  |TAMS 0x00000000c5300000, 0x00000000c5200000| Untracked 
|  19|0x00000000c5300000, 0x00000000c5400000, 0x00000000c5400000|100%| O|  |TAMS 0x00000000c5400000, 0x00000000c5300000| Untracked 
|  20|0x00000000c5400000, 0x00000000c5500000, 0x00000000c5500000|100%| O|  |TAMS 0x00000000c5500000, 0x00000000c5400000| Untracked 
|  21|0x00000000c5500000, 0x00000000c5600000, 0x00000000c5600000|100%| O|  |TAMS 0x00000000c5600000, 0x00000000c5500000| Untracked 
|  22|0x00000000c5600000, 0x00000000c5700000, 0x00000000c5700000|100%| O|  |TAMS 0x00000000c56c7000, 0x00000000c5600000| Untracked 
|  23|0x00000000c5700000, 0x00000000c5800000, 0x00000000c5800000|100%| O|  |TAMS 0x00000000c5700000, 0x00000000c5700000| Untracked 
|  24|0x00000000c5800000, 0x00000000c5862000, 0x00000000c5900000| 38%| O|  |TAMS 0x00000000c5800000, 0x00000000c5800000| Untracked 
|  25|0x00000000c5900000, 0x00000000c5900000, 0x00000000c5a00000|  0%| F|  |TAMS 0x00000000c5900000, 0x00000000c5900000| Untracked 
|  26|0x00000000c5a00000, 0x00000000c5a00000, 0x00000000c5b00000|  0%| F|  |TAMS 0x00000000c5a00000, 0x00000000c5a00000| Untracked 
|  27|0x00000000c5b00000, 0x00000000c5b00000, 0x00000000c5c00000|  0%| F|  |TAMS 0x00000000c5b00000, 0x00000000c5b00000| Untracked 
|  28|0x00000000c5c00000, 0x00000000c5c00000, 0x00000000c5d00000|  0%| F|  |TAMS 0x00000000c5c00000, 0x00000000c5c00000| Untracked 
|  29|0x00000000c5d00000, 0x00000000c5d00000, 0x00000000c5e00000|  0%| F|  |TAMS 0x00000000c5d00000, 0x00000000c5d00000| Untracked 
|  30|0x00000000c5e00000, 0x00000000c5e00000, 0x00000000c5f00000|  0%| F|  |TAMS 0x00000000c5e00000, 0x00000000c5e00000| Untracked 
|  31|0x00000000c5f00000, 0x00000000c5f00000, 0x00000000c6000000|  0%| F|  |TAMS 0x00000000c5f00000, 0x00000000c5f00000| Untracked 
|  32|0x00000000c6000000, 0x00000000c6000000, 0x00000000c6100000|  0%| F|  |TAMS 0x00000000c6000000, 0x00000000c6000000| Untracked 
|  33|0x00000000c6100000, 0x00000000c6100000, 0x00000000c6200000|  0%| F|  |TAMS 0x00000000c6100000, 0x00000000c6100000| Untracked 
|  34|0x00000000c6200000, 0x00000000c6200000, 0x00000000c6300000|  0%| F|  |TAMS 0x00000000c6200000, 0x00000000c6200000| Untracked 
|  35|0x00000000c6300000, 0x00000000c6300000, 0x00000000c6400000|  0%| F|  |TAMS 0x00000000c6300000, 0x00000000c6300000| Untracked 
|  36|0x00000000c6400000, 0x00000000c6400000, 0x00000000c6500000|  0%| F|  |TAMS 0x00000000c6400000, 0x00000000c6400000| Untracked 
|  37|0x00000000c6500000, 0x00000000c6500000, 0x00000000c6600000|  0%| F|  |TAMS 0x00000000c6500000, 0x00000000c6500000| Untracked 
|  38|0x00000000c6600000, 0x00000000c6600000, 0x00000000c6700000|  0%| F|  |TAMS 0x00000000c6600000, 0x00000000c6600000| Untracked 
|  39|0x00000000c6700000, 0x00000000c6700000, 0x00000000c6800000|  0%| F|  |TAMS 0x00000000c6700000, 0x00000000c6700000| Untracked 
|  40|0x00000000c6800000, 0x00000000c6800000, 0x00000000c6900000|  0%| F|  |TAMS 0x00000000c6800000, 0x00000000c6800000| Untracked 
|  41|0x00000000c6900000, 0x00000000c6900000, 0x00000000c6a00000|  0%| F|  |TAMS 0x00000000c6900000, 0x00000000c6900000| Untracked 
|  42|0x00000000c6a00000, 0x00000000c6a00000, 0x00000000c6b00000|  0%| F|  |TAMS 0x00000000c6a00000, 0x00000000c6a00000| Untracked 
|  43|0x00000000c6b00000, 0x00000000c6b00000, 0x00000000c6c00000|  0%| F|  |TAMS 0x00000000c6b00000, 0x00000000c6b00000| Untracked 
|  44|0x00000000c6c00000, 0x00000000c6c00000, 0x00000000c6d00000|  0%| F|  |TAMS 0x00000000c6c00000, 0x00000000c6c00000| Untracked 
|  45|0x00000000c6d00000, 0x00000000c6d00000, 0x00000000c6e00000|  0%| F|  |TAMS 0x00000000c6d00000, 0x00000000c6d00000| Untracked 
|  46|0x00000000c6e00000, 0x00000000c6ebd970, 0x00000000c6f00000| 74%| S|CS|TAMS 0x00000000c6e00000, 0x00000000c6e00000| Complete 
|  47|0x00000000c6f00000, 0x00000000c7000000, 0x00000000c7000000|100%| S|CS|TAMS 0x00000000c6f00000, 0x00000000c6f00000| Complete 
|  48|0x00000000c7000000, 0x00000000c7100000, 0x00000000c7100000|100%| S|CS|TAMS 0x00000000c7000000, 0x00000000c7000000| Complete 
|  49|0x00000000c7100000, 0x00000000c7200000, 0x00000000c7200000|100%| S|CS|TAMS 0x00000000c7100000, 0x00000000c7100000| Complete 
|  50|0x00000000c7200000, 0x00000000c7200000, 0x00000000c7300000|  0%| F|  |TAMS 0x00000000c7200000, 0x00000000c7200000| Untracked 
|  51|0x00000000c7300000, 0x00000000c7300000, 0x00000000c7400000|  0%| F|  |TAMS 0x00000000c7300000, 0x00000000c7300000| Untracked 
|  52|0x00000000c7400000, 0x00000000c7400000, 0x00000000c7500000|  0%| F|  |TAMS 0x00000000c7400000, 0x00000000c7400000| Untracked 
|  53|0x00000000c7500000, 0x00000000c7500000, 0x00000000c7600000|  0%| F|  |TAMS 0x00000000c7500000, 0x00000000c7500000| Untracked 
|  54|0x00000000c7600000, 0x00000000c7600000, 0x00000000c7700000|  0%| F|  |TAMS 0x00000000c7600000, 0x00000000c7600000| Untracked 
|  55|0x00000000c7700000, 0x00000000c7700000, 0x00000000c7800000|  0%| F|  |TAMS 0x00000000c7700000, 0x00000000c7700000| Untracked 
|  56|0x00000000c7800000, 0x00000000c7800000, 0x00000000c7900000|  0%| F|  |TAMS 0x00000000c7800000, 0x00000000c7800000| Untracked 
|  57|0x00000000c7900000, 0x00000000c7900000, 0x00000000c7a00000|  0%| F|  |TAMS 0x00000000c7900000, 0x00000000c7900000| Untracked 
|  58|0x00000000c7a00000, 0x00000000c7a00000, 0x00000000c7b00000|  0%| F|  |TAMS 0x00000000c7a00000, 0x00000000c7a00000| Untracked 
|  59|0x00000000c7b00000, 0x00000000c7b00000, 0x00000000c7c00000|  0%| F|  |TAMS 0x00000000c7b00000, 0x00000000c7b00000| Untracked 
|  60|0x00000000c7c00000, 0x00000000c7c00000, 0x00000000c7d00000|  0%| F|  |TAMS 0x00000000c7c00000, 0x00000000c7c00000| Untracked 
|  61|0x00000000c7d00000, 0x00000000c7d00000, 0x00000000c7e00000|  0%| F|  |TAMS 0x00000000c7d00000, 0x00000000c7d00000| Untracked 
|  62|0x00000000c7e00000, 0x00000000c7e00000, 0x00000000c7f00000|  0%| F|  |TAMS 0x00000000c7e00000, 0x00000000c7e00000| Untracked 
|  63|0x00000000c7f00000, 0x00000000c7f00000, 0x00000000c8000000|  0%| F|  |TAMS 0x00000000c7f00000, 0x00000000c7f00000| Untracked 
|  64|0x00000000c8000000, 0x00000000c8000000, 0x00000000c8100000|  0%| F|  |TAMS 0x00000000c8000000, 0x00000000c8000000| Untracked 
|  65|0x00000000c8100000, 0x00000000c8100000, 0x00000000c8200000|  0%| F|  |TAMS 0x00000000c8100000, 0x00000000c8100000| Untracked 
|  66|0x00000000c8200000, 0x00000000c8200000, 0x00000000c8300000|  0%| F|  |TAMS 0x00000000c8200000, 0x00000000c8200000| Untracked 
|  67|0x00000000c8300000, 0x00000000c8300000, 0x00000000c8400000|  0%| F|  |TAMS 0x00000000c8300000, 0x00000000c8300000| Untracked 
|  68|0x00000000c8400000, 0x00000000c8400000, 0x00000000c8500000|  0%| F|  |TAMS 0x00000000c8400000, 0x00000000c8400000| Untracked 
|  69|0x00000000c8500000, 0x00000000c8500000, 0x00000000c8600000|  0%| F|  |TAMS 0x00000000c8500000, 0x00000000c8500000| Untracked 
|  70|0x00000000c8600000, 0x00000000c8600000, 0x00000000c8700000|  0%| F|  |TAMS 0x00000000c8600000, 0x00000000c8600000| Untracked 
|  71|0x00000000c8700000, 0x00000000c8700000, 0x00000000c8800000|  0%| F|  |TAMS 0x00000000c8700000, 0x00000000c8700000| Untracked 
|  72|0x00000000c8800000, 0x00000000c8800000, 0x00000000c8900000|  0%| F|  |TAMS 0x00000000c8800000, 0x00000000c8800000| Untracked 
|  73|0x00000000c8900000, 0x00000000c8900000, 0x00000000c8a00000|  0%| F|  |TAMS 0x00000000c8900000, 0x00000000c8900000| Untracked 
|  74|0x00000000c8a00000, 0x00000000c8a00000, 0x00000000c8b00000|  0%| F|  |TAMS 0x00000000c8a00000, 0x00000000c8a00000| Untracked 
|  75|0x00000000c8b00000, 0x00000000c8b00000, 0x00000000c8c00000|  0%| F|  |TAMS 0x00000000c8b00000, 0x00000000c8b00000| Untracked 
|  76|0x00000000c8c00000, 0x00000000c8c00000, 0x00000000c8d00000|  0%| F|  |TAMS 0x00000000c8c00000, 0x00000000c8c00000| Untracked 
|  77|0x00000000c8d00000, 0x00000000c8d68ef0, 0x00000000c8e00000| 40%| E|  |TAMS 0x00000000c8d00000, 0x00000000c8d00000| Complete 
|  78|0x00000000c8e00000, 0x00000000c8f00000, 0x00000000c8f00000|100%| E|CS|TAMS 0x00000000c8e00000, 0x00000000c8e00000| Complete 
|  79|0x00000000c8f00000, 0x00000000c9000000, 0x00000000c9000000|100%| E|CS|TAMS 0x00000000c8f00000, 0x00000000c8f00000| Complete 
|  80|0x00000000c9000000, 0x00000000c9100000, 0x00000000c9100000|100%| E|CS|TAMS 0x00000000c9000000, 0x00000000c9000000| Complete 
|  81|0x00000000c9100000, 0x00000000c9200000, 0x00000000c9200000|100%| E|CS|TAMS 0x00000000c9100000, 0x00000000c9100000| Complete 
|  82|0x00000000c9200000, 0x00000000c9300000, 0x00000000c9300000|100%| E|CS|TAMS 0x00000000c9200000, 0x00000000c9200000| Complete 
|  83|0x00000000c9300000, 0x00000000c9400000, 0x00000000c9400000|100%| E|CS|TAMS 0x00000000c9300000, 0x00000000c9300000| Complete 
|  84|0x00000000c9400000, 0x00000000c9500000, 0x00000000c9500000|100%| E|CS|TAMS 0x00000000c9400000, 0x00000000c9400000| Complete 
|  85|0x00000000c9500000, 0x00000000c9600000, 0x00000000c9600000|100%| E|CS|TAMS 0x00000000c9500000, 0x00000000c9500000| Complete 
|  86|0x00000000c9600000, 0x00000000c9700000, 0x00000000c9700000|100%| E|CS|TAMS 0x00000000c9600000, 0x00000000c9600000| Complete 
|  87|0x00000000c9700000, 0x00000000c9800000, 0x00000000c9800000|100%| E|CS|TAMS 0x00000000c9700000, 0x00000000c9700000| Complete 
| 958|0x00000000ffe00000, 0x00000000ffe47000, 0x00000000fff00000| 27%|OA|  |TAMS 0x00000000ffe47000, 0x00000000ffe00000| Untracked 
| 959|0x00000000fff00000, 0x00000000fff6a000, 0x0000000100000000| 41%|CA|  |TAMS 0x00000000fff6a000, 0x00000000fff00000| Untracked 

Card table byte_map: [0x00007fcafd625000,0x00007fcafd805000] _byte_map_base: 0x00007fcafd005000

Marking Bits (Prev, Next): (CMBitMap*) 0x00007fcaf8048570, (CMBitMap*) 0x00007fcaf8048538
 Prev Bits: [0x00007fcadb100000, 0x00007fcadc000000)
 Next Bits: [0x00007fcafc545000, 0x00007fcafd445000)

Polling page: 0x00007fcb02368000

Metaspace:

Usage:
  Non-class:     55,57 MB capacity,    54,67 MB ( 98%) used,   736,32 KB (  1%) free+waste,   193,69 KB ( <1%) overhead. 
      Class:      8,65 MB capacity,     8,05 MB ( 93%) used,   529,95 KB (  6%) free+waste,    89,06 KB (  1%) overhead. 
       Both:     64,23 MB capacity,    62,71 MB ( 98%) used,     1,24 MB (  2%) free+waste,   282,75 KB ( <1%) overhead. 

Virtual space:
  Non-class space:       56,00 MB reserved,      55,75 MB (>99%) committed 
      Class space:        1,00 GB reserved,       8,75 MB ( <1%) committed 
             Both:        1,05 GB reserved,      64,50 MB (  6%) committed 

Chunk freelists:
   Non-Class:  57,00 KB
       Class:  3,00 KB
        Both:  60,00 KB

MaxMetaspaceSize: unlimited
CompressedClassSpaceSize: 1,00 GB

CodeHeap 'non-profiled nmethods': size=120032Kb used=5415Kb max_used=5415Kb free=114617Kb
 bounds [0x00007fcae83d5000, 0x00007fcae8925000, 0x00007fcaef90d000]
CodeHeap 'profiled nmethods': size=120032Kb used=14099Kb max_used=14099Kb free=105932Kb
 bounds [0x00007fcae0e9d000, 0x00007fcae1c6d000, 0x00007fcae83d5000]
CodeHeap 'non-nmethods': size=5696Kb used=1303Kb max_used=1376Kb free=4393Kb
 bounds [0x00007fcae090d000, 0x00007fcae0b7d000, 0x00007fcae0e9d000]
 total_blobs=7990 nmethods=5822 adapters=537
 compilation: enabled
              stopped_count=0, restarted_count=0
 full_count=0

Compilation events (20 events):
Event: 210,389 Thread 0x00007fcaf8134800 6124       3       org.apache.juli.logging.DirectJDKLog::isTraceEnabled (11 bytes)
Event: 210,390 Thread 0x00007fcaf8134800 nmethod 6124 0x00007fcae1c5c410 code [0x00007fcae1c5c5e0, 0x00007fcae1c5c910]
Event: 212,478 Thread 0x00007fcaf8134800 6125       3       java.util.concurrent.ThreadPoolExecutor$Worker::unlock (7 bytes)
Event: 212,479 Thread 0x00007fcaf8134800 nmethod 6125 0x00007fcae1c5ca90 code [0x00007fcae1c5cc60, 0x00007fcae1c5cfe8]
Event: 212,479 Thread 0x00007fcaf8134800 6126       3       java.util.concurrent.ThreadPoolExecutor$Worker::tryRelease (12 bytes)
Event: 212,480 Thread 0x00007fcaf8134800 nmethod 6126 0x00007fcae1c5d110 code [0x00007fcae1c5d2c0, 0x00007fcae1c5d490]
Event: 213,478 Thread 0x00007fcaf8134800 6127   !   3       java.util.concurrent.ThreadPoolExecutor::getTask (177 bytes)
Event: 213,480 Thread 0x00007fcaf8134800 nmethod 6127 0x00007fcae1c5d510 code [0x00007fcae1c5d7a0, 0x00007fcae1c5e818]
Event: 216,537 Thread 0x00007fcaf8132800 6128       4       java.io.File::isDirectory (43 bytes)
Event: 216,553 Thread 0x00007fcaf8132800 nmethod 6128 0x00007fcae891df90 code [0x00007fcae891e160, 0x00007fcae891e568]
Event: 219,398 Thread 0x00007fcaf8134800 6129   !   3       sun.nio.ch.EPollSelectorImpl::processUpdateQueue (193 bytes)
Event: 219,400 Thread 0x00007fcaf8134800 nmethod 6129 0x00007fcae1c5ed10 code [0x00007fcae1c5efc0, 0x00007fcae1c5ffe8]
Event: 219,400 Thread 0x00007fcaf8134800 6130       3       java.nio.channels.spi.AbstractSelector::begin (48 bytes)
Event: 219,401 Thread 0x00007fcaf8134800 nmethod 6130 0x00007fcae1c60710 code [0x00007fcae1c60940, 0x00007fcae1c61378]
Event: 219,543 Thread 0x00007fcaf8134800 6132       3       java.util.Date::<init> (8 bytes)
Event: 219,543 Thread 0x00007fcaf8134800 nmethod 6132 0x00007fcae1c61710 code [0x00007fcae1c618e0, 0x00007fcae1c61b30]
Event: 221,400 Thread 0x00007fcaf8134800 6133       3       sun.nio.ch.EPollSelectorImpl::processEvents (129 bytes)
Event: 221,403 Thread 0x00007fcaf8134800 nmethod 6133 0x00007fcae1c61c10 code [0x00007fcae1c61e80, 0x00007fcae1c62c48]
Event: 221,478 Thread 0x00007fcaf8134800 6134       3       java.util.concurrent.ThreadPoolExecutor::ensurePrestart (41 bytes)
Event: 221,478 Thread 0x00007fcaf8134800 nmethod 6134 0x00007fcae1c63210 code [0x00007fcae1c63400, 0x00007fcae1c63718]

GC Heap History (20 events):
Event: 29,980 GC heap before
{Heap before GC invocations=22 (full 0):
 garbage-first heap   total 76800K, used 58585K [0x00000000c4000000, 0x0000000100000000)
  region size 1024K, 40 young (40960K), 4 survivors (4096K)
 Metaspace       used 40792K, capacity 41973K, committed 42368K, reserved 1085440K
  class space    used 4939K, capacity 5384K, committed 5504K, reserved 1048576K
}
Event: 29,989 GC heap after
{Heap after GC invocations=23 (full 0):
 garbage-first heap   total 76800K, used 22498K [0x00000000c4000000, 0x0000000100000000)
  region size 1024K, 4 young (4096K), 4 survivors (4096K)
 Metaspace       used 40792K, capacity 41973K, committed 42368K, reserved 1085440K
  class space    used 4939K, capacity 5384K, committed 5504K, reserved 1048576K
}
Event: 30,830 GC heap before
{Heap before GC invocations=23 (full 0):
 garbage-first heap   total 76800K, used 59362K [0x00000000c4000000, 0x0000000100000000)
  region size 1024K, 40 young (40960K), 4 survivors (4096K)
 Metaspace       used 43926K, capacity 45100K, committed 45440K, reserved 1089536K
  class space    used 5524K, capacity 5977K, committed 6016K, reserved 1048576K
}
Event: 30,840 GC heap after
{Heap after GC invocations=24 (full 0):
 garbage-first heap   total 76800K, used 23249K [0x00000000c4000000, 0x0000000100000000)
  region size 1024K, 4 young (4096K), 4 survivors (4096K)
 Metaspace       used 43926K, capacity 45100K, committed 45440K, reserved 1089536K
  class space    used 5524K, capacity 5977K, committed 6016K, reserved 1048576K
}
Event: 31,929 GC heap before
{Heap before GC invocations=24 (full 0):
 garbage-first heap   total 76800K, used 60113K [0x00000000c4000000, 0x0000000100000000)
  region size 1024K, 40 young (40960K), 4 survivors (4096K)
 Metaspace       used 46959K, capacity 48122K, committed 48384K, reserved 1091584K
  class space    used 5913K, capacity 6366K, committed 6400K, reserved 1048576K
}
Event: 31,936 GC heap after
{Heap after GC invocations=25 (full 0):
 garbage-first heap   total 76800K, used 23681K [0x00000000c4000000, 0x0000000100000000)
  region size 1024K, 4 young (4096K), 4 survivors (4096K)
 Metaspace       used 46959K, capacity 48122K, committed 48384K, reserved 1091584K
  class space    used 5913K, capacity 6366K, committed 6400K, reserved 1048576K
}
Event: 33,154 GC heap before
{Heap before GC invocations=25 (full 0):
 garbage-first heap   total 76800K, used 60545K [0x00000000c4000000, 0x0000000100000000)
  region size 1024K, 40 young (40960K), 4 survivors (4096K)
 Metaspace       used 49904K, capacity 51153K, committed 51456K, reserved 1093632K
  class space    used 6332K, capacity 6799K, committed 6912K, reserved 1048576K
}
Event: 33,165 GC heap after
{Heap after GC invocations=26 (full 0):
 garbage-first heap   total 76800K, used 24125K [0x00000000c4000000, 0x0000000100000000)
  region size 1024K, 3 young (3072K), 3 survivors (3072K)
 Metaspace       used 49904K, capacity 51153K, committed 51456K, reserved 1093632K
  class space    used 6332K, capacity 6799K, committed 6912K, reserved 1048576K
}
Event: 34,691 GC heap before
{Heap before GC invocations=26 (full 0):
 garbage-first heap   total 76800K, used 60989K [0x00000000c4000000, 0x0000000100000000)
  region size 1024K, 39 young (39936K), 3 survivors (3072K)
 Metaspace       used 52838K, capacity 54034K, committed 54144K, reserved 1095680K
  class space    used 6810K, capacity 7263K, committed 7296K, reserved 1048576K
}
Event: 34,706 GC heap after
{Heap after GC invocations=27 (full 0):
 garbage-first heap   total 76800K, used 24586K [0x00000000c4000000, 0x0000000100000000)
  region size 1024K, 3 young (3072K), 3 survivors (3072K)
 Metaspace       used 52838K, capacity 54034K, committed 54144K, reserved 1095680K
  class space    used 6810K, capacity 7263K, committed 7296K, reserved 1048576K
}
Event: 35,798 GC heap before
{Heap before GC invocations=27 (full 0):
 garbage-first heap   total 76800K, used 61450K [0x00000000c4000000, 0x0000000100000000)
  region size 1024K, 39 young (39936K), 3 survivors (3072K)
 Metaspace       used 55798K, capacity 57142K, committed 57472K, reserved 1099776K
  class space    used 7199K, capacity 7705K, committed 7808K, reserved 1048576K
}
Event: 35,817 GC heap after
{Heap after GC invocations=28 (full 0):
 garbage-first heap   total 76800K, used 25997K [0x00000000c4000000, 0x0000000100000000)
  region size 1024K, 4 young (4096K), 4 survivors (4096K)
 Metaspace       used 55798K, capacity 57142K, committed 57472K, reserved 1099776K
  class space    used 7199K, capacity 7705K, committed 7808K, reserved 1048576K
}
Event: 36,612 GC heap before
{Heap before GC invocations=28 (full 0):
 garbage-first heap   total 76800K, used 61837K [0x00000000c4000000, 0x0000000100000000)
  region size 1024K, 39 young (39936K), 4 survivors (4096K)
 Metaspace       used 57873K, capacity 59282K, committed 59520K, reserved 1101824K
  class space    used 7426K, capacity 7948K, committed 8064K, reserved 1048576K
}
Event: 36,621 GC heap after
{Heap after GC invocations=29 (full 0):
 garbage-first heap   total 92160K, used 27378K [0x00000000c4000000, 0x0000000100000000)
  region size 1024K, 4 young (4096K), 4 survivors (4096K)
 Metaspace       used 57873K, capacity 59282K, committed 59520K, reserved 1101824K
  class space    used 7426K, capacity 7948K, committed 8064K, reserved 1048576K
}
Event: 37,997 GC heap before
{Heap before GC invocations=29 (full 0):
 garbage-first heap   total 92160K, used 44786K [0x00000000c4000000, 0x0000000100000000)
  region size 1024K, 22 young (22528K), 4 survivors (4096K)
 Metaspace       used 58597K, capacity 60005K, committed 60160K, reserved 1101824K
  class space    used 7527K, capacity 8101K, committed 8192K, reserved 1048576K
}
Event: 38,010 GC heap after
{Heap after GC invocations=30 (full 0):
 garbage-first heap   total 92160K, used 27948K [0x00000000c4000000, 0x0000000100000000)
  region size 1024K, 4 young (4096K), 4 survivors (4096K)
 Metaspace       used 58597K, capacity 60005K, committed 60160K, reserved 1101824K
  class space    used 7527K, capacity 8101K, committed 8192K, reserved 1048576K
}
Event: 49,846 GC heap before
{Heap before GC invocations=31 (full 0):
 garbage-first heap   total 92160K, used 67884K [0x00000000c4000000, 0x0000000100000000)
  region size 1024K, 43 young (44032K), 4 survivors (4096K)
 Metaspace       used 60163K, capacity 61663K, committed 61952K, reserved 1103872K
  class space    used 7753K, capacity 8325K, committed 8448K, reserved 1048576K
}
Event: 49,862 GC heap after
{Heap after GC invocations=32 (full 0):
 garbage-first heap   total 92160K, used 28927K [0x00000000c4000000, 0x0000000100000000)
  region size 1024K, 4 young (4096K), 4 survivors (4096K)
 Metaspace       used 60163K, capacity 61663K, committed 61952K, reserved 1103872K
  class space    used 7753K, capacity 8325K, committed 8448K, reserved 1048576K
}
Event: 99,941 GC heap before
{Heap before GC invocations=32 (full 0):
 garbage-first heap   total 92160K, used 67839K [0x00000000c4000000, 0x0000000100000000)
  region size 1024K, 42 young (43008K), 4 survivors (4096K)
 Metaspace       used 63422K, capacity 64979K, committed 65408K, reserved 1105920K
  class space    used 8154K, capacity 8728K, committed 8832K, reserved 1048576K
}
Event: 100,141 GC heap after
{Heap after GC invocations=33 (full 0):
 garbage-first heap   total 92160K, used 29506K [0x00000000c4000000, 0x0000000100000000)
  region size 1024K, 4 young (4096K), 4 survivors (4096K)
 Metaspace       used 63422K, capacity 64979K, committed 65408K, reserved 1105920K
  class space    used 8154K, capacity 8728K, committed 8832K, reserved 1048576K
}

Deoptimization events (20 events):
Event: 143,442 Thread 0x00007fca88eb1000 DEOPT PACKING pc=0x00007fcae8910d0c sp=0x00007fca62bf4ff0
Event: 143,442 Thread 0x00007fca88eb1000 DEOPT UNPACKING pc=0x00007fcae0946225 sp=0x00007fca62bf4f68 mode 2
Event: 143,458 Thread 0x00007fca88eb1000 Uncommon trap: trap_request=0xffffff6e fr.pc=0x00007fcae8910d0c relative=0x00000000000004ac
Event: 143,458 Thread 0x00007fca88eb1000 Uncommon trap: reason=speculate_class_check action=maybe_recompile pc=0x00007fcae8910d0c method=java.lang.ThreadLocal.setInitialValue()Ljava/lang/Object; @ 35 c2
Event: 143,458 Thread 0x00007fca88eb1000 DEOPT PACKING pc=0x00007fcae8910d0c sp=0x00007fca62bf5410
Event: 143,458 Thread 0x00007fca88eb1000 DEOPT UNPACKING pc=0x00007fcae0946225 sp=0x00007fca62bf5388 mode 2
Event: 143,656 Thread 0x00007fca88eb1000 DEOPT PACKING pc=0x00007fcae138670c sp=0x00007fca62bf3a10
Event: 143,656 Thread 0x00007fca88eb1000 DEOPT UNPACKING pc=0x00007fcae094603a sp=0x00007fca62bf2fa8 mode 1
Event: 143,656 Thread 0x00007fca88eb1000 DEOPT PACKING pc=0x00007fcae87a1a08 sp=0x00007fca62bf3b40
Event: 143,656 Thread 0x00007fca88eb1000 DEOPT UNPACKING pc=0x00007fcae094603a sp=0x00007fca62bf30c0 mode 1
Event: 174,338 Thread 0x00007fca88019000 DEOPT PACKING pc=0x00007fcae136a861 sp=0x00007fca629eefc0
Event: 174,338 Thread 0x00007fca88019000 DEOPT UNPACKING pc=0x00007fcae094603a sp=0x00007fca629ee4a8 mode 1
Event: 174,338 Thread 0x00007fca88019000 DEOPT PACKING pc=0x00007fcae14a2434 sp=0x00007fca629ef040
Event: 174,339 Thread 0x00007fca88019000 DEOPT UNPACKING pc=0x00007fcae094603a sp=0x00007fca629ee508 mode 1
Event: 174,339 Thread 0x00007fca88019000 DEOPT PACKING pc=0x00007fcae1ac2974 sp=0x00007fca629ef0a0
Event: 174,339 Thread 0x00007fca88019000 DEOPT UNPACKING pc=0x00007fcae094603a sp=0x00007fca629ee610 mode 1
Event: 174,346 Thread 0x00007fca88019000 DEOPT PACKING pc=0x00007fcae138670c sp=0x00007fca629f1a10
Event: 174,346 Thread 0x00007fca88019000 DEOPT UNPACKING pc=0x00007fcae094603a sp=0x00007fca629f0fa8 mode 1
Event: 174,346 Thread 0x00007fca88019000 DEOPT PACKING pc=0x00007fcae87a1a08 sp=0x00007fca629f1b40
Event: 174,346 Thread 0x00007fca88019000 DEOPT UNPACKING pc=0x00007fcae094603a sp=0x00007fca629f10c0 mode 1

Classes redefined (0 events):
No events

Internal exceptions (20 events):
Event: 36,304 Thread 0x00007fca84003800 Exception <a 'java/lang/ClassNotFoundException'{0x00000000c6e3b070}: org/springframework/web/servlet/config/annotation/WebMvcConfigurationSupportCustomizer> (0x00000000c6e3b070) thrown at [./src/hotspot/share/classfile/systemDictionary.cpp, line 231]
Event: 36,305 Thread 0x00007fca84003800 Exception <a 'java/lang/ClassNotFoundException'{0x00000000c6e54868}: org/springframework/web/servlet/config/annotation/DelegatingWebMvcConfigurationCustomizer> (0x00000000c6e54868) thrown at [./src/hotspot/share/classfile/systemDictionary.cpp, line 231]
Event: 36,306 Thread 0x00007fca84003800 Exception <a 'java/lang/ClassNotFoundException'{0x00000000c6e69898}: org/springframework/boot/autoconfigure/web/servlet/WebMvcAutoConfiguration$EnableWebMvcConfigurationCustomizer> (0x00000000c6e69898) thrown at [./src/hotspot/share/classfile/systemDictionary.cpp, line 231]
Event: 36,307 Thread 0x00007fca84003800 Exception <a 'java/lang/ClassNotFoundException'{0x00000000c6e84ab8}: org/springframework/boot/autoconfigure/web/servlet/WebMvcAutoConfiguration$EnableWebMvcConfiguration$$EnhancerBySpringCGLIB$$487c61d7Customizer> (0x00000000c6e84ab8) thrown at [./src/hotspot/share/classfile/systemDictionary.cpp, line 231]
Event: 36,309 Thread 0x00007fca84003800 Exception <a 'java/lang/ClassNotFoundException'{0x00000000c6eacf70}: org/springframework/context/annotation/ConfigurationClassEnhancer$EnhancedConfigurationCustomizer> (0x00000000c6eacf70) thrown at [./src/hotspot/share/classfile/systemDictionary.cpp, line 231]
Event: 36,309 Thread 0x00007fca84003800 Exception <a 'java/lang/ClassNotFoundException'{0x00000000c6eb92b8}: org/springframework/beans/factory/BeanFactoryAwareCustomizer> (0x00000000c6eb92b8) thrown at [./src/hotspot/share/classfile/systemDictionary.cpp, line 231]
Event: 36,310 Thread 0x00007fca84003800 Exception <a 'java/lang/ClassNotFoundException'{0x00000000c6ec5480}: org/springframework/beans/factory/AwareCustomizer> (0x00000000c6ec5480) thrown at [./src/hotspot/share/classfile/systemDictionary.cpp, line 231]
Event: 36,310 Thread 0x00007fca84003800 Exception <a 'java/lang/ClassNotFoundException'{0x00000000c6ed0e68}: org/springframework/context/ResourceLoaderAwareCustomizer> (0x00000000c6ed0e68) thrown at [./src/hotspot/share/classfile/systemDictionary.cpp, line 231]
Event: 36,311 Thread 0x00007fca84003800 Exception <a 'java/lang/ClassNotFoundException'{0x00000000c6edcad8}: org/springframework/beans/factory/AwareCustomizer> (0x00000000c6edcad8) thrown at [./src/hotspot/share/classfile/systemDictionary.cpp, line 231]
Event: 36,311 Thread 0x00007fca84003800 Exception <a 'java/lang/ClassNotFoundException'{0x00000000c6ee8e30}: org/springframework/context/ApplicationContextAwareCustomizer> (0x00000000c6ee8e30) thrown at [./src/hotspot/share/classfile/systemDictionary.cpp, line 231]
Event: 36,312 Thread 0x00007fca84003800 Exception <a 'java/lang/ClassNotFoundException'{0x00000000c6ef5430}: org/springframework/beans/factory/AwareCustomizer> (0x00000000c6ef5430) thrown at [./src/hotspot/share/classfile/systemDictionary.cpp, line 231]
Event: 36,312 Thread 0x00007fca84003800 Exception <a 'java/lang/ClassNotFoundException'{0x00000000c6d01c28}: org/springframework/web/context/ServletContextAwareCustomizer> (0x00000000c6d01c28) thrown at [./src/hotspot/share/classfile/systemDictionary.cpp, line 231]
Event: 36,313 Thread 0x00007fca84003800 Exception <a 'java/lang/ClassNotFoundException'{0x00000000c6d0dd00}: org/springframework/beans/factory/AwareCustomizer> (0x00000000c6d0dd00) thrown at [./src/hotspot/share/classfile/systemDictionary.cpp, line 231]
Event: 37,857 Thread 0x00007fca84003800 Exception <a 'java/lang/NoSuchMethodError'{0x00000000c896b7a8}: 'void java.lang.invoke.DirectMethodHandle$Holder.invokeVirtual(java.lang.Object, java.lang.Object, int)'> (0x00000000c896b7a8) thrown at [./src/hotspot/share/interpreter/linkResolver.cpp, line 773]
Event: 89,523 Thread 0x00007fca887aa000 Exception <a 'java/lang/NoSuchMethodError'{0x00000000c7d66370}: 'void java.lang.invoke.DirectMethodHandle$Holder.invokeStaticInit(java.lang.Object, java.lang.Object, java.lang.Object, java.lang.Object)'> (0x00000000c7d66370) thrown at [./src/hotspot/share/interpreter/linkResolver.cpp, line 773]
Event: 90,199 Thread 0x00007fca887aa000 Exception <a 'java/lang/ClassNotFoundException'{0x00000000c7aa6a30}: java/lang/ObjectCustomizer> (0x00000000c7aa6a30) thrown at [./src/hotspot/share/classfile/systemDictionary.cpp, line 231]
Event: 90,200 Thread 0x00007fca887aa000 Exception <a 'java/lang/ClassNotFoundException'{0x00000000c7ab7fe8}: com/crud/rest/model/UserCustomizer> (0x00000000c7ab7fe8) thrown at [./src/hotspot/share/classfile/systemDictionary.cpp, line 231]
Event: 98,872 Thread 0x00007fca88ead800 Exception <a 'java/lang/reflect/InvocationTargetException'{0x00000000c7436a70}> (0x00000000c7436a70) thrown at [./src/hotspot/share/runtime/reflection.cpp, line 1247]
Event: 143,656 Thread 0x00007fca88eb1000 Exception <a 'java/lang/reflect/InvocationTargetException'{0x00000000c90c28b0}> (0x00000000c90c28b0) thrown at [./src/hotspot/share/runtime/reflection.cpp, line 1247]
Event: 174,346 Thread 0x00007fca88019000 Exception <a 'java/lang/reflect/InvocationTargetException'{0x00000000c8fd1860}> (0x00000000c8fd1860) thrown at [./src/hotspot/share/runtime/reflection.cpp, line 1247]

Events (20 events):
Event: 111,334 loading class javax/crypto/ProviderVerifier
Event: 111,335 loading class javax/crypto/ProviderVerifier done
Event: 111,336 loading class com/sun/crypto/provider/HmacCore$HmacSHA512
Event: 111,342 loading class com/sun/crypto/provider/HmacCore
Event: 111,343 loading class javax/crypto/MacSpi
Event: 111,343 loading class javax/crypto/MacSpi done
Event: 111,343 loading class com/sun/crypto/provider/HmacCore done
Event: 111,343 loading class com/sun/crypto/provider/HmacCore$HmacSHA512 done
Event: 111,343 loading class sun/security/provider/SHA5$SHA512
Event: 111,350 loading class sun/security/provider/SHA5
Event: 111,351 loading class sun/security/provider/SHA5 done
Event: 111,351 loading class sun/security/provider/SHA5$SHA512 done
Event: 111,354 loading class org/springframework/web/context/request/async/DeferredResult
Event: 111,354 loading class org/springframework/web/context/request/async/DeferredResult done
Event: 111,376 loading class org/springframework/web/context/request/async/WebAsyncTask
Event: 111,376 loading class org/springframework/web/context/request/async/WebAsyncTask done
Event: 160,392 Loaded shared library /usr/lib/jvm/java-11-openjdk-amd64/lib/server/libjvm.so
Event: 219,482 Loaded shared library /usr/lib/jvm/java-11-openjdk-amd64/lib/libnio.so
Event: 222,262 Thread 0x00007fca9c001800 Thread exited: 0x00007fca9c001800
Event: 222,334 loading class jdk/internal/misc/Signal$1


Dynamic libraries:
c4000000-c9800000 rw-p 00000000 00:00 0 
c9800000-ffe00000 ---p 00000000 00:00 0 
ffe00000-ffe47000 rw-p 0110b000 08:02 8915484                            /usr/lib/jvm/java-11-openjdk-amd64/lib/server/classes.jsa
ffe47000-fff00000 rw-p 00000000 00:00 0 
fff00000-fff6a000 rw-p 010a1000 08:02 8915484                            /usr/lib/jvm/java-11-openjdk-amd64/lib/server/classes.jsa
fff6a000-100000000 rw-p 00000000 00:00 0 
800000000-800002000 rwxp 00001000 08:02 8915484                          /usr/lib/jvm/java-11-openjdk-amd64/lib/server/classes.jsa
800002000-8010a0000 rw-p 00003000 08:02 8915484                          /usr/lib/jvm/java-11-openjdk-amd64/lib/server/classes.jsa
840000000-8408c0000 rw-p 00000000 00:00 0 
8408c0000-880000000 ---p 00000000 00:00 0 
55e6f48f3000-55e6f48f4000 r-xp 00000000 08:02 8916882                    /usr/lib/jvm/java-11-openjdk-amd64/bin/java
55e6f4af4000-55e6f4af5000 r--p 00001000 08:02 8916882                    /usr/lib/jvm/java-11-openjdk-amd64/bin/java
55e6f4af5000-55e6f4af6000 rw-p 00002000 08:02 8916882                    /usr/lib/jvm/java-11-openjdk-amd64/bin/java
55e6f5af7000-55e6f5b18000 rw-p 00000000 00:00 0                          [heap]
7fca5c000000-7fca5c19a000 rw-p 00000000 00:00 0 
7fca5c19a000-7fca60000000 ---p 00000000 00:00 0 
7fca61dc0000-7fca61dea000 r-xp 00000000 08:02 8916966                    /usr/lib/jvm/java-11-openjdk-amd64/lib/libsunec.so
7fca61dea000-7fca61fe9000 ---p 0002a000 08:02 8916966                    /usr/lib/jvm/java-11-openjdk-amd64/lib/libsunec.so
7fca61fe9000-7fca61fed000 r--p 00029000 08:02 8916966                    /usr/lib/jvm/java-11-openjdk-amd64/lib/libsunec.so
7fca61fed000-7fca61fef000 rw-p 0002d000 08:02 8916966                    /usr/lib/jvm/java-11-openjdk-amd64/lib/libsunec.so
7fca61fef000-7fca621af000 rw-p 00000000 00:00 0 
7fca621af000-7fca621ef000 ---p 00000000 00:00 0 
7fca621ef000-7fca623ef000 rw-p 00000000 00:00 0 
7fca623ef000-7fca623f3000 ---p 00000000 00:00 0 
7fca623f3000-7fca624f0000 rw-p 00000000 00:00 0 
7fca624f0000-7fca624f4000 ---p 00000000 00:00 0 
7fca624f4000-7fca625f1000 rw-p 00000000 00:00 0 
7fca625f1000-7fca625f5000 ---p 00000000 00:00 0 
7fca625f5000-7fca626f2000 rw-p 00000000 00:00 0 
7fca626f2000-7fca626f6000 ---p 00000000 00:00 0 
7fca626f6000-7fca627f3000 rw-p 00000000 00:00 0 
7fca627f3000-7fca627f7000 ---p 00000000 00:00 0 
7fca627f7000-7fca628f4000 rw-p 00000000 00:00 0 
7fca628f4000-7fca628f8000 ---p 00000000 00:00 0 
7fca628f8000-7fca629f5000 rw-p 00000000 00:00 0 
7fca629f5000-7fca629f9000 ---p 00000000 00:00 0 
7fca629f9000-7fca62af6000 rw-p 00000000 00:00 0 
7fca62af6000-7fca62afa000 ---p 00000000 00:00 0 
7fca62afa000-7fca62bf7000 rw-p 00000000 00:00 0 
7fca62bf7000-7fca62bfb000 ---p 00000000 00:00 0 
7fca62bfb000-7fca62cf8000 rw-p 00000000 00:00 0 
7fca62cf8000-7fca62cfc000 ---p 00000000 00:00 0 
7fca62cfc000-7fca62df9000 rw-p 00000000 00:00 0 
7fca62df9000-7fca62dfd000 ---p 00000000 00:00 0 
7fca62dfd000-7fca62efa000 rw-p 00000000 00:00 0 
7fca62efa000-7fca62efe000 ---p 00000000 00:00 0 
7fca62efe000-7fca62ffb000 rw-p 00000000 00:00 0 
7fca62ffb000-7fca62fff000 ---p 00000000 00:00 0 
7fca62fff000-7fca630fc000 rw-p 00000000 00:00 0 
7fca630fc000-7fca63100000 ---p 00000000 00:00 0 
7fca63100000-7fca633fd000 rw-p 00000000 00:00 0 
7fca633fd000-7fca635fd000 rw-p 00000000 00:00 0 
7fca635fd000-7fca637fd000 rw-p 00000000 00:00 0 
7fca637fd000-7fca637ff000 r-xp 00000000 08:02 8916941                    /usr/lib/jvm/java-11-openjdk-amd64/lib/libextnet.so
7fca637ff000-7fca639fe000 ---p 00002000 08:02 8916941                    /usr/lib/jvm/java-11-openjdk-amd64/lib/libextnet.so
7fca639fe000-7fca639ff000 r--p 00001000 08:02 8916941                    /usr/lib/jvm/java-11-openjdk-amd64/lib/libextnet.so
7fca639ff000-7fca63a00000 rw-p 00002000 08:02 8916941                    /usr/lib/jvm/java-11-openjdk-amd64/lib/libextnet.so
7fca63a00000-7fca63c00000 rw-p 00000000 00:00 0 
7fca63c00000-7fca63e00000 rw-p 00000000 00:00 0 
7fca63e00000-7fca64000000 rw-p 00000000 00:00 0 
7fca64000000-7fca64065000 rw-p 00000000 00:00 0 
7fca64065000-7fca68000000 ---p 00000000 00:00 0 
7fca68000000-7fca68025000 rw-p 00000000 00:00 0 
7fca68025000-7fca6c000000 ---p 00000000 00:00 0 
7fca6c000000-7fca6c021000 rw-p 00000000 00:00 0 
7fca6c021000-7fca70000000 ---p 00000000 00:00 0 
7fca70000000-7fca70080000 rw-p 00000000 00:00 0 
7fca70080000-7fca74000000 ---p 00000000 00:00 0 
7fca74000000-7fca74022000 rw-p 00000000 00:00 0 
7fca74022000-7fca78000000 ---p 00000000 00:00 0 
7fca78000000-7fca78099000 rw-p 00000000 00:00 0 
7fca78099000-7fca7c000000 ---p 00000000 00:00 0 
7fca7c000000-7fca7c49d000 rw-p 00000000 00:00 0 
7fca7c49d000-7fca80000000 ---p 00000000 00:00 0 
7fca80000000-7fca80021000 rw-p 00000000 00:00 0 
7fca80021000-7fca84000000 ---p 00000000 00:00 0 
7fca84000000-7fca84021000 rw-p 00000000 00:00 0 
7fca84021000-7fca88000000 ---p 00000000 00:00 0 
7fca88000000-7fca894ac000 rw-p 00000000 00:00 0 
7fca894ac000-7fca8c000000 ---p 00000000 00:00 0 
7fca8c000000-7fca8c021000 rw-p 00000000 00:00 0 
7fca8c021000-7fca90000000 ---p 00000000 00:00 0 
7fca90000000-7fca9004f000 rw-p 00000000 00:00 0 
7fca9004f000-7fca94000000 ---p 00000000 00:00 0 
7fca94000000-7fca94021000 rw-p 00000000 00:00 0 
7fca94021000-7fca98000000 ---p 00000000 00:00 0 
7fca98000000-7fca98021000 rw-p 00000000 00:00 0 
7fca98021000-7fca9c000000 ---p 00000000 00:00 0 
7fca9c000000-7fca9c021000 rw-p 00000000 00:00 0 
7fca9c021000-7fcaa0000000 ---p 00000000 00:00 0 
7fcaa0000000-7fcaa0021000 rw-p 00000000 00:00 0 
7fcaa0021000-7fcaa4000000 ---p 00000000 00:00 0 
7fcaa4000000-7fcaa4021000 rw-p 00000000 00:00 0 
7fcaa4021000-7fcaa8000000 ---p 00000000 00:00 0 
7fcaa8000000-7fcaa8021000 rw-p 00000000 00:00 0 
7fcaa8021000-7fcaac000000 ---p 00000000 00:00 0 
7fcaac000000-7fcaafd47000 rw-p 00000000 00:00 0 
7fcaafd47000-7fcab0000000 ---p 00000000 00:00 0 
7fcab0000000-7fcab1196000 rw-p 00000000 00:00 0 
7fcab1196000-7fcab4000000 ---p 00000000 00:00 0 
7fcab4000000-7fcab4021000 rw-p 00000000 00:00 0 
7fcab4021000-7fcab8000000 ---p 00000000 00:00 0 
7fcab80bd000-7fcab82bd000 rw-p 00000000 00:00 0 
7fcab82bd000-7fcab84bd000 rw-p 00000000 00:00 0 
7fcab84bd000-7fcab84c1000 ---p 00000000 00:00 0 
7fcab84c1000-7fcab87be000 rw-p 00000000 00:00 0 
7fcab87be000-7fcab87c2000 ---p 00000000 00:00 0 
7fcab87c2000-7fcab88bf000 rw-p 00000000 00:00 0 
7fcab88bf000-7fcab88c3000 ---p 00000000 00:00 0 
7fcab88c3000-7fcab8bc0000 rw-p 00000000 00:00 0 
7fcab8bc0000-7fcab8dc0000 rw-p 00000000 00:00 0 
7fcab8dc0000-7fcab8dc4000 ---p 00000000 00:00 0 
7fcab8dc4000-7fcab90c1000 rw-p 00000000 00:00 0 
7fcab90c1000-7fcab92c1000 rw-p 00000000 00:00 0 
7fcab92c1000-7fcab94c1000 rw-p 00000000 00:00 0 
7fcab94c1000-7fcab96c1000 rw-p 00000000 00:00 0 
7fcab96c1000-7fcab98c1000 rw-p 00000000 00:00 0 
7fcab98c1000-7fcab9ac1000 rw-p 00000000 00:00 0 
7fcab9ac1000-7fcab9ac5000 ---p 00000000 00:00 0 
7fcab9ac5000-7fcab9dc2000 rw-p 00000000 00:00 0 
7fcab9dc2000-7fcab9fc2000 rw-p 00000000 00:00 0 
7fcab9fc2000-7fcaba1c2000 rw-p 00000000 00:00 0 
7fcaba1c2000-7fcaba3c2000 rw-p 00000000 00:00 0 
7fcaba3c2000-7fcaba5c2000 rw-p 00000000 00:00 0 
7fcaba5c2000-7fcaba5c6000 ---p 00000000 00:00 0 
7fcaba5c6000-7fcaba6c3000 rw-p 00000000 00:00 0 
7fcaba6f3000-7fcaba6f4000 ---p 00000000 00:00 0 
7fcaba6f4000-7fcaba7f5000 rw-p 00000000 00:00 0 
7fcaba7f5000-7fcaba7f6000 ---p 00000000 00:00 0 
7fcaba7f6000-7fcaba8f7000 rw-p 00000000 00:00 0 
7fcaba8f7000-7fcaba8fb000 ---p 00000000 00:00 0 
7fcaba8fb000-7fcaba9f8000 rw-p 00000000 00:00 0 
7fcaba9f8000-7fcaba9fc000 ---p 00000000 00:00 0 
7fcaba9fc000-7fcabaaf9000 rw-p 00000000 00:00 0 
7fcabaaf9000-7fcabaafe000 r-xp 00000000 08:02 8916958                    /usr/lib/jvm/java-11-openjdk-amd64/lib/libmanagement_ext.so
7fcabaafe000-7fcabacfd000 ---p 00005000 08:02 8916958                    /usr/lib/jvm/java-11-openjdk-amd64/lib/libmanagement_ext.so
7fcabacfd000-7fcabacfe000 r--p 00004000 08:02 8916958                    /usr/lib/jvm/java-11-openjdk-amd64/lib/libmanagement_ext.so
7fcabacfe000-7fcabacff000 rw-p 00005000 08:02 8916958                    /usr/lib/jvm/java-11-openjdk-amd64/lib/libmanagement_ext.so
7fcabacff000-7fcabad03000 r-xp 00000000 08:02 8916956                    /usr/lib/jvm/java-11-openjdk-amd64/lib/libmanagement.so
7fcabad03000-7fcabaf02000 ---p 00004000 08:02 8916956                    /usr/lib/jvm/java-11-openjdk-amd64/lib/libmanagement.so
7fcabaf02000-7fcabaf03000 r--p 00003000 08:02 8916956                    /usr/lib/jvm/java-11-openjdk-amd64/lib/libmanagement.so
7fcabaf03000-7fcabaf04000 rw-p 00004000 08:02 8916956                    /usr/lib/jvm/java-11-openjdk-amd64/lib/libmanagement.so
7fcabaf04000-7fcabaf05000 ---p 00000000 00:00 0 
7fcabaf05000-7fcabb006000 rw-p 00000000 00:00 0 
7fcabb006000-7fcabb007000 ---p 00000000 00:00 0 
7fcabb007000-7fcabb108000 rw-p 00000000 00:00 0 
7fcabb108000-7fcabb10c000 ---p 00000000 00:00 0 
7fcabb10c000-7fcabb209000 rw-p 00000000 00:00 0 
7fcabb209000-7fcabb21f000 r-xp 00000000 08:02 8916960                    /usr/lib/jvm/java-11-openjdk-amd64/lib/libnet.so
7fcabb21f000-7fcabb41e000 ---p 00016000 08:02 8916960                    /usr/lib/jvm/java-11-openjdk-amd64/lib/libnet.so
7fcabb41e000-7fcabb41f000 r--p 00015000 08:02 8916960                    /usr/lib/jvm/java-11-openjdk-amd64/lib/libnet.so
7fcabb41f000-7fcabb420000 rw-p 00016000 08:02 8916960                    /usr/lib/jvm/java-11-openjdk-amd64/lib/libnet.so
7fcabb420000-7fcabb430000 r-xp 00000000 08:02 8916961                    /usr/lib/jvm/java-11-openjdk-amd64/lib/libnio.so
7fcabb430000-7fcabb62f000 ---p 00010000 08:02 8916961                    /usr/lib/jvm/java-11-openjdk-amd64/lib/libnio.so
7fcabb62f000-7fcabb630000 r--p 0000f000 08:02 8916961                    /usr/lib/jvm/java-11-openjdk-amd64/lib/libnio.so
7fcabb630000-7fcabb631000 rw-p 00010000 08:02 8916961                    /usr/lib/jvm/java-11-openjdk-amd64/lib/libnio.so
7fcabb631000-7fcabc000000 r--p 00000000 08:02 8919727                    /usr/lib/locale/locale-archive
7fcabc000000-7fcabc021000 rw-p 00000000 00:00 0 
7fcabc021000-7fcac0000000 ---p 00000000 00:00 0 
7fcac0000000-7fcac0021000 rw-p 00000000 00:00 0 
7fcac0021000-7fcac4000000 ---p 00000000 00:00 0 
7fcac4000000-7fcac4021000 rw-p 00000000 00:00 0 
7fcac4021000-7fcac8000000 ---p 00000000 00:00 0 
7fcac8000000-7fcac8104000 rw-p 00000000 00:00 0 
7fcac8104000-7fcacc000000 ---p 00000000 00:00 0 
7fcacc000000-7fcacc024000 rw-p 00000000 00:00 0 
7fcacc024000-7fcad0000000 ---p 00000000 00:00 0 
7fcad0000000-7fcad0021000 rw-p 00000000 00:00 0 
7fcad0021000-7fcad4000000 ---p 00000000 00:00 0 
7fcad4000000-7fcad4021000 rw-p 00000000 00:00 0 
7fcad4021000-7fcad8000000 ---p 00000000 00:00 0 
7fcad80f4000-7fcad80f8000 ---p 00000000 00:00 0 
7fcad80f8000-7fcad81f5000 rw-p 00000000 00:00 0 
7fcad81f5000-7fcad81f9000 ---p 00000000 00:00 0 
7fcad81f9000-7fcad82f6000 rw-p 00000000 00:00 0 
7fcad82f6000-7fcad82fa000 ---p 00000000 00:00 0 
7fcad82fa000-7fcad83f7000 rw-p 00000000 00:00 0 
7fcad83f7000-7fcad83fb000 r-xp 00000000 08:02 8916940                    /usr/lib/jvm/java-11-openjdk-amd64/lib/libdt_socket.so
7fcad83fb000-7fcad85fb000 ---p 00004000 08:02 8916940                    /usr/lib/jvm/java-11-openjdk-amd64/lib/libdt_socket.so
7fcad85fb000-7fcad85fc000 r--p 00004000 08:02 8916940                    /usr/lib/jvm/java-11-openjdk-amd64/lib/libdt_socket.so
7fcad85fc000-7fcad85fd000 rw-p 00005000 08:02 8916940                    /usr/lib/jvm/java-11-openjdk-amd64/lib/libdt_socket.so
7fcad85fd000-7fcad8601000 ---p 00000000 00:00 0 
7fcad8601000-7fcad86fe000 rw-p 00000000 00:00 0 
7fcad86fe000-7fcad8702000 ---p 00000000 00:00 0 
7fcad8702000-7fcad87ff000 rw-p 00000000 00:00 0 
7fcad87ff000-7fcad8803000 ---p 00000000 00:00 0 
7fcad8803000-7fcadb260000 rw-p 00000000 00:00 0 
7fcadb260000-7fcadbff8000 ---p 00000000 00:00 0 
7fcadbff8000-7fcadc000000 rw-p 00000000 00:00 0 
7fcadc000000-7fcadc021000 rw-p 00000000 00:00 0 
7fcadc021000-7fcae0000000 ---p 00000000 00:00 0 
7fcae0081000-7fcae0085000 ---p 00000000 00:00 0 
7fcae0085000-7fcae0182000 rw-p 00000000 00:00 0 
7fcae0182000-7fcae0186000 ---p 00000000 00:00 0 
7fcae0186000-7fcae0283000 rw-p 00000000 00:00 0 
7fcae0283000-7fcae0287000 ---p 00000000 00:00 0 
7fcae0287000-7fcae0384000 rw-p 00000000 00:00 0 
7fcae0384000-7fcae0388000 ---p 00000000 00:00 0 
7fcae0388000-7fcae0485000 rw-p 00000000 00:00 0 
7fcae0485000-7fcae0486000 ---p 00000000 00:00 0 
7fcae0486000-7fcae0608000 rw-p 00000000 00:00 0 
7fcae0608000-7fcae0609000 ---p 00000000 00:00 0 
7fcae0609000-7fcae070a000 rw-p 00000000 00:00 0 
7fcae070a000-7fcae070b000 ---p 00000000 00:00 0 
7fcae070b000-7fcae090d000 rw-p 00000000 00:00 0 
7fcae090d000-7fcae0b7d000 rwxp 00000000 00:00 0 
7fcae0b7d000-7fcae0e9d000 ---p 00000000 00:00 0 
7fcae0e9d000-7fcae1c6d000 rwxp 00000000 00:00 0 
7fcae1c6d000-7fcae83d5000 ---p 00000000 00:00 0 
7fcae83d5000-7fcae8925000 rwxp 00000000 00:00 0 
7fcae8925000-7fcaef90d000 ---p 00000000 00:00 0 
7fcaf8000000-7fcaf872d000 rw-p 00000000 00:00 0 
7fcaf872d000-7fcafc000000 ---p 00000000 00:00 0 
7fcafc03e000-7fcafc341000 rw-p 00000000 00:00 0 
7fcafc341000-7fcafc342000 ---p 00000000 00:00 0 
7fcafc342000-7fcafc443000 rw-p 00000000 00:00 0 
7fcafc443000-7fcafc444000 ---p 00000000 00:00 0 
7fcafc444000-7fcafc6a5000 rw-p 00000000 00:00 0 
7fcafc6a5000-7fcafd43d000 ---p 00000000 00:00 0 
7fcafd43d000-7fcafd471000 rw-p 00000000 00:00 0 
7fcafd471000-7fcafd624000 ---p 00000000 00:00 0 
7fcafd624000-7fcafd651000 rw-p 00000000 00:00 0 
7fcafd651000-7fcafd804000 ---p 00000000 00:00 0 
7fcafd804000-7fcafd831000 rw-p 00000000 00:00 0 
7fcafd831000-7fcafd9e4000 ---p 00000000 00:00 0 
7fcafd9e4000-7fcafdde9000 rw-p 00000000 00:00 0 
7fcafdde9000-7fcafddea000 ---p 00000000 00:00 0 
7fcafddea000-7fcafdef6000 rw-p 00000000 00:00 0 
7fcafdef6000-7fcafdfd6000 ---p 00000000 00:00 0 
7fcafdfd6000-7fcafdff2000 rw-p 00000000 00:00 0 
7fcafdff2000-7fcafe0c1000 ---p 00000000 00:00 0 
7fcafe0c1000-7fcafe0c6000 r-xp 00000000 08:02 8916952                    /usr/lib/jvm/java-11-openjdk-amd64/lib/libjimage.so
7fcafe0c6000-7fcafe2c5000 ---p 00005000 08:02 8916952                    /usr/lib/jvm/java-11-openjdk-amd64/lib/libjimage.so
7fcafe2c5000-7fcafe2c6000 r--p 00004000 08:02 8916952                    /usr/lib/jvm/java-11-openjdk-amd64/lib/libjimage.so
7fcafe2c6000-7fcafe2c7000 rw-p 00005000 08:02 8916952                    /usr/lib/jvm/java-11-openjdk-amd64/lib/libjimage.so
7fcafe2c7000-7fcafe2ce000 r-xp 00000000 08:02 8916969                    /usr/lib/jvm/java-11-openjdk-amd64/lib/libzip.so
7fcafe2ce000-7fcafe4cd000 ---p 00007000 08:02 8916969                    /usr/lib/jvm/java-11-openjdk-amd64/lib/libzip.so
7fcafe4cd000-7fcafe4ce000 r--p 00006000 08:02 8916969                    /usr/lib/jvm/java-11-openjdk-amd64/lib/libzip.so
7fcafe4ce000-7fcafe4cf000 rw-p 00007000 08:02 8916969                    /usr/lib/jvm/java-11-openjdk-amd64/lib/libzip.so
7fcafe4cf000-7fcafe4da000 r-xp 00000000 08:02 3150863                    /lib/x86_64-linux-gnu/libnss_files-2.27.so
7fcafe4da000-7fcafe6d9000 ---p 0000b000 08:02 3150863                    /lib/x86_64-linux-gnu/libnss_files-2.27.so
7fcafe6d9000-7fcafe6da000 r--p 0000a000 08:02 3150863                    /lib/x86_64-linux-gnu/libnss_files-2.27.so
7fcafe6da000-7fcafe6db000 rw-p 0000b000 08:02 3150863                    /lib/x86_64-linux-gnu/libnss_files-2.27.so
7fcafe6db000-7fcafe6e1000 rw-p 00000000 00:00 0 
7fcafe6e1000-7fcafe6f8000 r-xp 00000000 08:02 3150857                    /lib/x86_64-linux-gnu/libnsl-2.27.so
7fcafe6f8000-7fcafe8f7000 ---p 00017000 08:02 3150857                    /lib/x86_64-linux-gnu/libnsl-2.27.so
7fcafe8f7000-7fcafe8f8000 r--p 00016000 08:02 3150857                    /lib/x86_64-linux-gnu/libnsl-2.27.so
7fcafe8f8000-7fcafe8f9000 rw-p 00017000 08:02 3150857                    /lib/x86_64-linux-gnu/libnsl-2.27.so
7fcafe8f9000-7fcafe8fb000 rw-p 00000000 00:00 0 
7fcafe8fb000-7fcafe906000 r-xp 00000000 08:02 3150874                    /lib/x86_64-linux-gnu/libnss_nis-2.27.so
7fcafe906000-7fcafeb05000 ---p 0000b000 08:02 3150874                    /lib/x86_64-linux-gnu/libnss_nis-2.27.so
7fcafeb05000-7fcafeb06000 r--p 0000a000 08:02 3150874                    /lib/x86_64-linux-gnu/libnss_nis-2.27.so
7fcafeb06000-7fcafeb07000 rw-p 0000b000 08:02 3150874                    /lib/x86_64-linux-gnu/libnss_nis-2.27.so
7fcafeb07000-7fcafeb0f000 r-xp 00000000 08:02 3150859                    /lib/x86_64-linux-gnu/libnss_compat-2.27.so
7fcafeb0f000-7fcafed0f000 ---p 00008000 08:02 3150859                    /lib/x86_64-linux-gnu/libnss_compat-2.27.so
7fcafed0f000-7fcafed10000 r--p 00008000 08:02 3150859                    /lib/x86_64-linux-gnu/libnss_compat-2.27.so
7fcafed10000-7fcafed11000 rw-p 00009000 08:02 3150859                    /lib/x86_64-linux-gnu/libnss_compat-2.27.so
7fcafed11000-7fcafed1b000 r-xp 00000000 08:02 8916943                    /usr/lib/jvm/java-11-openjdk-amd64/lib/libinstrument.so
7fcafed1b000-7fcafef1a000 ---p 0000a000 08:02 8916943                    /usr/lib/jvm/java-11-openjdk-amd64/lib/libinstrument.so
7fcafef1a000-7fcafef1b000 r--p 00009000 08:02 8916943                    /usr/lib/jvm/java-11-openjdk-amd64/lib/libinstrument.so
7fcafef1b000-7fcafef1c000 rw-p 0000a000 08:02 8916943                    /usr/lib/jvm/java-11-openjdk-amd64/lib/libinstrument.so
7fcafef1c000-7fcafef58000 r-xp 00000000 08:02 8916951                    /usr/lib/jvm/java-11-openjdk-amd64/lib/libjdwp.so
7fcafef58000-7fcaff157000 ---p 0003c000 08:02 8916951                    /usr/lib/jvm/java-11-openjdk-amd64/lib/libjdwp.so
7fcaff157000-7fcaff158000 r--p 0003b000 08:02 8916951                    /usr/lib/jvm/java-11-openjdk-amd64/lib/libjdwp.so
7fcaff158000-7fcaff159000 rw-p 0003c000 08:02 8916951                    /usr/lib/jvm/java-11-openjdk-amd64/lib/libjdwp.so
7fcaff159000-7fcaff182000 r-xp 00000000 08:02 8916948                    /usr/lib/jvm/java-11-openjdk-amd64/lib/libjava.so
7fcaff182000-7fcaff381000 ---p 00029000 08:02 8916948                    /usr/lib/jvm/java-11-openjdk-amd64/lib/libjava.so
7fcaff381000-7fcaff382000 r--p 00028000 08:02 8916948                    /usr/lib/jvm/java-11-openjdk-amd64/lib/libjava.so
7fcaff382000-7fcaff384000 rw-p 00029000 08:02 8916948                    /usr/lib/jvm/java-11-openjdk-amd64/lib/libjava.so
7fcaff384000-7fcaff391000 r-xp 00000000 08:02 8916968                    /usr/lib/jvm/java-11-openjdk-amd64/lib/libverify.so
7fcaff391000-7fcaff590000 ---p 0000d000 08:02 8916968                    /usr/lib/jvm/java-11-openjdk-amd64/lib/libverify.so
7fcaff590000-7fcaff592000 r--p 0000c000 08:02 8916968                    /usr/lib/jvm/java-11-openjdk-amd64/lib/libverify.so
7fcaff592000-7fcaff593000 rw-p 0000e000 08:02 8916968                    /usr/lib/jvm/java-11-openjdk-amd64/lib/libverify.so
7fcaff593000-7fcaff59a000 r-xp 00000000 08:02 3150914                    /lib/x86_64-linux-gnu/librt-2.27.so
7fcaff59a000-7fcaff799000 ---p 00007000 08:02 3150914                    /lib/x86_64-linux-gnu/librt-2.27.so
7fcaff799000-7fcaff79a000 r--p 00006000 08:02 3150914                    /lib/x86_64-linux-gnu/librt-2.27.so
7fcaff79a000-7fcaff79b000 rw-p 00007000 08:02 3150914                    /lib/x86_64-linux-gnu/librt-2.27.so
7fcaff79b000-7fcaff7b2000 r-xp 00000000 08:02 3146543                    /lib/x86_64-linux-gnu/libgcc_s.so.1
7fcaff7b2000-7fcaff9b1000 ---p 00017000 08:02 3146543                    /lib/x86_64-linux-gnu/libgcc_s.so.1
7fcaff9b1000-7fcaff9b2000 r--p 00016000 08:02 3146543                    /lib/x86_64-linux-gnu/libgcc_s.so.1
7fcaff9b2000-7fcaff9b3000 rw-p 00017000 08:02 3146543                    /lib/x86_64-linux-gnu/libgcc_s.so.1
7fcaff9b3000-7fcaffb50000 r-xp 00000000 08:02 3150836                    /lib/x86_64-linux-gnu/libm-2.27.so
7fcaffb50000-7fcaffd4f000 ---p 0019d000 08:02 3150836                    /lib/x86_64-linux-gnu/libm-2.27.so
7fcaffd4f000-7fcaffd50000 r--p 0019c000 08:02 3150836                    /lib/x86_64-linux-gnu/libm-2.27.so
7fcaffd50000-7fcaffd51000 rw-p 0019d000 08:02 3150836                    /lib/x86_64-linux-gnu/libm-2.27.so
7fcaffd51000-7fcaffeca000 r-xp 00000000 08:02 8914332                    /usr/lib/x86_64-linux-gnu/libstdc++.so.6.0.25
7fcaffeca000-7fcb000ca000 ---p 00179000 08:02 8914332                    /usr/lib/x86_64-linux-gnu/libstdc++.so.6.0.25
7fcb000ca000-7fcb000d4000 r--p 00179000 08:02 8914332                    /usr/lib/x86_64-linux-gnu/libstdc++.so.6.0.25
7fcb000d4000-7fcb000d6000 rw-p 00183000 08:02 8914332                    /usr/lib/x86_64-linux-gnu/libstdc++.so.6.0.25
7fcb000d6000-7fcb000da000 rw-p 00000000 00:00 0 
7fcb000da000-7fcb011b7000 r-xp 00000000 08:02 8916973                    /usr/lib/jvm/java-11-openjdk-amd64/lib/server/libjvm.so
7fcb011b7000-7fcb013b6000 ---p 010dd000 08:02 8916973                    /usr/lib/jvm/java-11-openjdk-amd64/lib/server/libjvm.so
7fcb013b6000-7fcb01473000 r--p 010dc000 08:02 8916973                    /usr/lib/jvm/java-11-openjdk-amd64/lib/server/libjvm.so
7fcb01473000-7fcb014ad000 rw-p 01199000 08:02 8916973                    /usr/lib/jvm/java-11-openjdk-amd64/lib/server/libjvm.so
7fcb014ad000-7fcb01503000 rw-p 00000000 00:00 0 
7fcb01503000-7fcb0151d000 r-xp 00000000 08:02 3150906                    /lib/x86_64-linux-gnu/libpthread-2.27.so
7fcb0151d000-7fcb0171c000 ---p 0001a000 08:02 3150906                    /lib/x86_64-linux-gnu/libpthread-2.27.so
7fcb0171c000-7fcb0171d000 r--p 00019000 08:02 3150906                    /lib/x86_64-linux-gnu/libpthread-2.27.so
7fcb0171d000-7fcb0171e000 rw-p 0001a000 08:02 3150906                    /lib/x86_64-linux-gnu/libpthread-2.27.so
7fcb0171e000-7fcb01722000 rw-p 00000000 00:00 0 
7fcb01722000-7fcb01725000 r-xp 00000000 08:02 3150796                    /lib/x86_64-linux-gnu/libdl-2.27.so
7fcb01725000-7fcb01924000 ---p 00003000 08:02 3150796                    /lib/x86_64-linux-gnu/libdl-2.27.so
7fcb01924000-7fcb01925000 r--p 00002000 08:02 3150796                    /lib/x86_64-linux-gnu/libdl-2.27.so
7fcb01925000-7fcb01926000 rw-p 00003000 08:02 3150796                    /lib/x86_64-linux-gnu/libdl-2.27.so
7fcb01926000-7fcb01942000 r-xp 00000000 08:02 3150945                    /lib/x86_64-linux-gnu/libz.so.1.2.11
7fcb01942000-7fcb01b41000 ---p 0001c000 08:02 3150945                    /lib/x86_64-linux-gnu/libz.so.1.2.11
7fcb01b41000-7fcb01b42000 r--p 0001b000 08:02 3150945                    /lib/x86_64-linux-gnu/libz.so.1.2.11
7fcb01b42000-7fcb01b43000 rw-p 0001c000 08:02 3150945                    /lib/x86_64-linux-gnu/libz.so.1.2.11
7fcb01b43000-7fcb01d2a000 r-xp 00000000 08:02 3150773                    /lib/x86_64-linux-gnu/libc-2.27.so
7fcb01d2a000-7fcb01f2a000 ---p 001e7000 08:02 3150773                    /lib/x86_64-linux-gnu/libc-2.27.so
7fcb01f2a000-7fcb01f2e000 r--p 001e7000 08:02 3150773                    /lib/x86_64-linux-gnu/libc-2.27.so
7fcb01f2e000-7fcb01f30000 rw-p 001eb000 08:02 3150773                    /lib/x86_64-linux-gnu/libc-2.27.so
7fcb01f30000-7fcb01f34000 rw-p 00000000 00:00 0 
7fcb01f34000-7fcb01f44000 r-xp 00000000 08:02 8916932                    /usr/lib/jvm/java-11-openjdk-amd64/lib/jli/libjli.so
7fcb01f44000-7fcb02143000 ---p 00010000 08:02 8916932                    /usr/lib/jvm/java-11-openjdk-amd64/lib/jli/libjli.so
7fcb02143000-7fcb02144000 r--p 0000f000 08:02 8916932                    /usr/lib/jvm/java-11-openjdk-amd64/lib/jli/libjli.so
7fcb02144000-7fcb02145000 rw-p 00010000 08:02 8916932                    /usr/lib/jvm/java-11-openjdk-amd64/lib/jli/libjli.so
7fcb02145000-7fcb0216c000 r-xp 00000000 08:02 3150745                    /lib/x86_64-linux-gnu/ld-2.27.so
7fcb021a4000-7fcb021ca000 r--p 00000000 08:02 10621175                   /usr/share/locale-langpack/pt_BR/LC_MESSAGES/libc.mo
7fcb021ca000-7fcb0224a000 rw-p 00000000 00:00 0 
7fcb0224a000-7fcb02251000 ---p 00000000 00:00 0 
7fcb02251000-7fcb02255000 ---p 00000000 00:00 0 
7fcb02255000-7fcb02354000 rw-p 00000000 00:00 0 
7fcb02357000-7fcb0235e000 r--s 00000000 08:02 9178368                    /usr/lib/x86_64-linux-gnu/gconv/gconv-modules.cache
7fcb0235e000-7fcb02360000 r--s 00007000 08:02 9310546                    /usr/share/java/java-atk-wrapper.jar
7fcb02360000-7fcb02368000 rw-s 00000000 08:02 21758408                   /tmp/hsperfdata_italo/5174
7fcb02368000-7fcb02369000 ---p 00000000 00:00 0 
7fcb02369000-7fcb0236a000 r--p 00000000 00:00 0 
7fcb0236a000-7fcb0236c000 rw-p 00000000 00:00 0 
7fcb0236c000-7fcb0236d000 r--p 00027000 08:02 3150745                    /lib/x86_64-linux-gnu/ld-2.27.so
7fcb0236d000-7fcb0236e000 rw-p 00028000 08:02 3150745                    /lib/x86_64-linux-gnu/ld-2.27.so
7fcb0236e000-7fcb0236f000 rw-p 00000000 00:00 0 
7ffd7e1f6000-7ffd7e219000 rw-p 00000000 00:00 0                          [stack]
7ffd7e330000-7ffd7e333000 r--p 00000000 00:00 0                          [vvar]
7ffd7e333000-7ffd7e334000 r-xp 00000000 00:00 0                          [vdso]
ffffffffff600000-ffffffffff601000 --xp 00000000 00:00 0                  [vsyscall]


VM Arguments:
jvm_args: -agentlib:jdwp=transport=dt_socket,suspend=y,address=localhost:44475 -javaagent:/home/italo/.eclipse/360744286_linux_gtk_x86_64/configuration/org.eclipse.osgi/222/0/.cp/lib/javaagent-shaded.jar -Dfile.encoding=UTF-8 
java_command: com.crud.rest.CrudApplication
java_class_path (initial): /home/italo/workspace/CRUD spring boot/API-RESTful-using-spring-boot/crud/target/classes:/home/italo/.m2/repository/org/springframework/boot/spring-boot-starter-data-jpa/2.1.14.RELEASE/spring-boot-starter-data-jpa-2.1.14.RELEASE.jar:/home/italo/.m2/repository/org/springframework/boot/spring-boot-starter-aop/2.1.14.RELEASE/spring-boot-starter-aop-2.1.14.RELEASE.jar:/home/italo/.m2/repository/org/springframework/spring-aop/5.1.15.RELEASE/spring-aop-5.1.15.RELEASE.jar:/home/italo/.m2/repository/org/aspectj/aspectjweaver/1.9.5/aspectjweaver-1.9.5.jar:/home/italo/.m2/repository/org/springframework/boot/spring-boot-starter-jdbc/2.1.14.RELEASE/spring-boot-starter-jdbc-2.1.14.RELEASE.jar:/home/italo/.m2/repository/com/zaxxer/HikariCP/3.2.0/HikariCP-3.2.0.jar:/home/italo/.m2/repository/org/springframework/spring-jdbc/5.1.15.RELEASE/spring-jdbc-5.1.15.RELEASE.jar:/home/italo/.m2/repository/javax/transaction/javax.transaction-api/1.3/javax.transaction-api-1.3.jar:/home/italo/.m2/repository/javax/xml/bind/jaxb-api/2.3.1/jaxb-api-2.3.1.jar:/home/italo/.m2/repository/javax/activation/javax.activation-api/1.2.0/javax.activation-api-1.2.0.jar:/home/italo/.m2/repository/org/hibernate/hibernate-core/5.3.17.Final/hibernate-core-5.3.17.Final.jar:/home/italo/.m2/repository/org/jboss/logging/jboss-logging/3.3.3.Final/jboss-logging-3.3.3.Final.jar:/home/italo/.m2/repository/javax/persistence/javax.persistence-api/2.2/javax.persistence-api-2.2.jar:/home/italo/.m2/repository/org/javassist/javassist/3.23.2-GA/javassist-3.23.2-GA.jar:/home/italo/.m2/repository/net/bytebuddy/byte-buddy/1.9.16/byte-buddy-1.9.16.jar:/home/italo/.m2/repository/antlr/antlr/2.7.7/antlr-2.7.7.jar:/home/italo/.m2/repository/org/jboss/jandex/2.0.5.Final/jandex-2.0.5.Final.jar:/home/italo/.m2/repository/com/fasterxml/classmate/1.4.0/classmate-1.4.0.jar:/home/italo/.m2/repository/org/dom4j/dom4j/2.1.3/dom4j-2.1.3.jar:/home/italo/.m2/repository/org/hibernate/common/hibernate-commons-annotatio
Launcher Type: SUN_STANDARD

[Global flags]
     intx CICompilerCount                          = 3                                         {product} {ergonomic}
     uint ConcGCThreads                            = 1                                         {product} {ergonomic}
     uint G1ConcRefinementThreads                  = 4                                         {product} {ergonomic}
   size_t G1HeapRegionSize                         = 1048576                                   {product} {ergonomic}
    uintx GCDrainStackTargetSize                   = 64                                        {product} {ergonomic}
   size_t InitialHeapSize                          = 62914560                                  {product} {ergonomic}
   size_t MarkStackSize                            = 4194304                                   {product} {ergonomic}
   size_t MaxHeapSize                              = 1006632960                                {product} {ergonomic}
   size_t MaxNewSize                               = 603979776                                 {product} {ergonomic}
   size_t MinHeapDeltaBytes                        = 1048576                                   {product} {ergonomic}
    uintx NonNMethodCodeHeapSize                   = 5830732                                {pd product} {ergonomic}
    uintx NonProfiledCodeHeapSize                  = 122913754                              {pd product} {ergonomic}
    uintx ProfiledCodeHeapSize                     = 122913754                              {pd product} {ergonomic}
    uintx ReservedCodeCacheSize                    = 251658240                              {pd product} {ergonomic}
     bool SegmentedCodeCache                       = true                                      {product} {ergonomic}
     bool UseCompressedClassPointers               = true                                 {lp64_product} {ergonomic}
     bool UseCompressedOops                        = true                                 {lp64_product} {ergonomic}
     bool UseG1GC                                  = true                                      {product} {ergonomic}

Logging:
Log output configuration:
 #0: stdout all=warning uptime,level,tags
 #1: stderr all=off uptime,level,tags

Environment Variables:
PATH=/usr/local/sbin:/usr/local/bin:/usr/sbin:/usr/bin:/sbin:/bin:/usr/games:/usr/local/games:/snap/bin
USERNAME=italo
SHELL=/bin/bash
DISPLAY=:0

Signal Handlers:
SIGSEGV: [libjvm.so+0xdf8d00], sa_mask[0]=11111111011111111101111111111110, sa_flags=SA_RESTART|SA_SIGINFO
SIGBUS: [libjvm.so+0xdf8d00], sa_mask[0]=11111111011111111101111111111110, sa_flags=SA_RESTART|SA_SIGINFO
SIGFPE: [libjvm.so+0xdf8d00], sa_mask[0]=11111111011111111101111111111110, sa_flags=SA_RESTART|SA_SIGINFO
SIGPIPE: [libjvm.so+0xbcbc30], sa_mask[0]=11111111011111111101111111111110, sa_flags=SA_RESTART|SA_SIGINFO
SIGXFSZ: [libjvm.so+0xbcbc30], sa_mask[0]=11111111011111111101111111111110, sa_flags=SA_RESTART|SA_SIGINFO
SIGILL: [libjvm.so+0xdf8d00], sa_mask[0]=11111111011111111101111111111110, sa_flags=SA_RESTART|SA_SIGINFO
SIGUSR2: [libjvm.so+0xbcbad0], sa_mask[0]=00100000000000000000000000000000, sa_flags=SA_RESTART|SA_SIGINFO
SIGHUP: [libjvm.so+0xbcbe30], sa_mask[0]=11111111011111111101111111111110, sa_flags=SA_RESTART|SA_SIGINFO
SIGINT: [libjvm.so+0xbcbe30], sa_mask[0]=11111111011111111101111111111110, sa_flags=SA_RESTART|SA_SIGINFO
SIGTERM: [libjvm.so+0xbcbe30], sa_mask[0]=11111111011111111101111111111110, sa_flags=SA_RESTART|SA_SIGINFO
SIGQUIT: [libjvm.so+0xbcbe30], sa_mask[0]=11111111011111111101111111111110, sa_flags=SA_RESTART|SA_SIGINFO


---------------  S Y S T E M  ---------------

OS:DISTRIB_ID=Ubuntu
DISTRIB_RELEASE=18.04
DISTRIB_CODENAME=bionic
DISTRIB_DESCRIPTION="Ubuntu 18.04.4 LTS"
uname:Linux 5.3.0-53-generic #47~18.04.1-Ubuntu SMP Thu May 7 13:10:50 UTC 2020 x86_64
OS uptime: 0 days 1:13 hours
libc:glibc 2.27 NPTL 2.27 
rlimit: STACK 8192k, CORE 0k, NPROC 15150, NOFILE 1048576, AS infinity, CPU infinity, DATA infinity, FSIZE infinity
load average:1,11 1,28 1,12

/proc/meminfo:
MemTotal:        3927164 kB
MemFree:          104972 kB
MemAvailable:     149864 kB
Buffers:           18840 kB
Cached:           630304 kB
SwapCached:         3724 kB
Active:          2840752 kB
Inactive:         675804 kB
Active(anon):    2733932 kB
Inactive(anon):   556448 kB
Active(file):     106820 kB
Inactive(file):   119356 kB
Unevictable:       56352 kB
Mlocked:             112 kB
SwapTotal:       7999484 kB
SwapFree:        7538428 kB
Dirty:               248 kB
Writeback:             0 kB
AnonPages:       2920824 kB
Mapped:           499912 kB
Shmem:            439944 kB
KReclaimable:      42668 kB
Slab:             100444 kB
SReclaimable:      42668 kB
SUnreclaim:        57776 kB
KernelStack:       15048 kB
PageTables:        67372 kB
NFS_Unstable:          0 kB
Bounce:                0 kB
WritebackTmp:          0 kB
CommitLimit:     9963064 kB
Committed_AS:   10194340 kB
VmallocTotal:   34359738367 kB
VmallocUsed:       32136 kB
VmallocChunk:          0 kB
Percpu:             1392 kB
HardwareCorrupted:     0 kB
AnonHugePages:         0 kB
ShmemHugePages:        0 kB
ShmemPmdMapped:        0 kB
CmaTotal:              0 kB
CmaFree:               0 kB
HugePages_Total:       0
HugePages_Free:        0
HugePages_Rsvd:        0
HugePages_Surp:        0
Hugepagesize:       2048 kB
Hugetlb:               0 kB
DirectMap4k:      216316 kB
DirectMap2M:     3874816 kB
DirectMap1G:           0 kB


/proc/sys/kernel/threads-max (system-wide limit on the number of threads):
30300


/proc/sys/vm/max_map_count (maximum number of memory map areas a process may have):
65530


/proc/sys/kernel/pid_max (system-wide limit on number of process identifiers):
32768



container (cgroup) information:
container_type: cgroupv1
cpu_cpuset_cpus: 0-3
cpu_memory_nodes: 0
active_processor_count: 4
cpu_quota: -1
cpu_period: 100000
cpu_shares: -1
memory_limit_in_bytes: -1
memory_and_swap_limit_in_bytes: -2
memory_soft_limit_in_bytes: -1
memory_usage_in_bytes: 3656994816
memory_max_usage_in_bytes: 122511360

Steal ticks since vm start: 0
Steal ticks percentage since vm start:  0,000

CPU:total 4 (initial active 4) (2 cores per cpu, 2 threads per core) family 6 model 61 stepping 4, cmov, cx8, fxsr, mmx, sse, sse2, sse3, ssse3, sse4.1, sse4.2, popcnt, avx, avx2, aes, clmul, erms, 3dnowpref, lzcnt, ht, tsc, tscinvbit, bmi1, bmi2, adx, fma
CPU Model and flags from /proc/cpuinfo:
model name	: Intel(R) Core(TM) i3-5005U CPU @ 2.00GHz
flags		: fpu vme de pse tsc msr pae mce cx8 apic sep mtrr pge mca cmov pat pse36 clflush dts acpi mmx fxsr sse sse2 ss ht tm pbe syscall nx pdpe1gb rdtscp lm constant_tsc arch_perfmon pebs bts rep_good nopl xtopology nonstop_tsc cpuid aperfmperf pni pclmulqdq dtes64 monitor ds_cpl vmx est tm2 ssse3 sdbg fma cx16 xtpr pdcm pcid sse4_1 sse4_2 x2apic movbe popcnt tsc_deadline_timer aes xsave avx f16c rdrand lahf_lm abm 3dnowprefetch cpuid_fault epb invpcid_single pti ssbd ibrs ibpb stibp tpr_shadow vnmi flexpriority ept vpid ept_ad fsgsbase tsc_adjust bmi1 avx2 smep bmi2 erms invpcid rdseed adx smap intel_pt xsaveopt dtherm arat pln pts md_clear flush_l1d

Memory: 4k page, physical 3927164k(104972k free), swap 7999484k(7538428k free)

vm_info: OpenJDK 64-Bit Server VM (11.0.7+10-post-Ubuntu-2ubuntu218.04) for linux-amd64 JRE (11.0.7+10-post-Ubuntu-2ubuntu218.04), built on Apr 15 2020 21:12:54 by "unknown" with gcc 7.5.0

END.
