#
# A fatal error has been detected by the Java Runtime Environment:
#
#  SIGSEGV (0xb) at pc=0x00007f35b8f06401, pid=2887, tid=2906
#
# JRE version: OpenJDK Runtime Environment (11.0.7+10) (build 11.0.7+10-post-Ubuntu-2ubuntu218.04)
# Java VM: OpenJDK 64-Bit Server VM (11.0.7+10-post-Ubuntu-2ubuntu218.04, mixed mode, sharing, tiered, compressed oops, g1 gc, linux-amd64)
# Problematic frame:
# C  [libjimage.so+0x2401]
#
# Core dump will be written. Default location: Core dumps may be processed with "/usr/share/apport/apport %p %s %c %d %P %E" (or dumping to /home/italo/workspace/CRUD spring boot/API-RESTful-using-spring-boot/crud/core.2887)
#
# If you would like to submit a bug report, please visit:
#   https://bugs.launchpad.net/ubuntu/+source/openjdk-lts
#

---------------  S U M M A R Y ------------

Command Line: -agentlib:jdwp=transport=dt_socket,suspend=y,address=localhost:39155 -javaagent:/home/italo/.eclipse/360744286_linux_gtk_x86_64/configuration/org.eclipse.osgi/222/0/.cp/lib/javaagent-shaded.jar -Dfile.encoding=UTF-8 com.crud.rest.CrudApplication

Host: Intel(R) Core(TM) i3-5005U CPU @ 2.00GHz, 4 cores, 3G, Ubuntu 18.04.4 LTS
Time: Tue Jun  2 16:18:08 2020 -03 elapsed time: 81 seconds (0d 0h 1m 21s)

---------------  T H R E A D  ---------------

Current thread (0x00007f35b4130000):  JavaThread "Signal Dispatcher" daemon [_thread_in_vm, id=2906, stack(0x00007f35940ff000,0x00007f3594200000)]

Stack: [0x00007f35940ff000,0x00007f3594200000],  sp=0x00007f35941fd1e0,  free space=1016k
Native frames: (J=compiled Java code, A=aot compiled Java code, j=interpreted, Vv=VM code, C=native code)
C  [libjimage.so+0x2401]
C  [libjimage.so+0x30ea]
C  [libjimage.so+0x35c6]  JIMAGE_FindResource+0xd6
V  [libjvm.so+0x59105e]
V  [libjvm.so+0x593dc0]
V  [libjvm.so+0xd503b5]
V  [libjvm.so+0xd4dd4a]
V  [libjvm.so+0xd50942]
V  [libjvm.so+0x64589d]
V  [libjvm.so+0x83ea5c]
j  jdk.internal.misc.Signal.dispatch(I)V+25 java.base@11.0.7
v  ~StubRoutines::call_stub
V  [libjvm.so+0x84e319]
V  [libjvm.so+0x84d105]
V  [libjvm.so+0xbc377c]
V  [libjvm.so+0xd8918f]
V  [libjvm.so+0xd85acf]
V  [libjvm.so+0xbd59de]

Java frames: (J=compiled Java code, j=interpreted, Vv=VM code)
j  jdk.internal.misc.Signal.dispatch(I)V+25 java.base@11.0.7
v  ~StubRoutines::call_stub

siginfo: si_signo: 11 (SIGSEGV), si_code: 1 (SEGV_MAPERR), si_addr: 0x00007f35ab91b498

Register to memory mapping:

RAX=0x000000000000391f is an unknown value
RBX=0x00007f35941fd291 is pointing into the stack for thread: 0x00007f35b4130000
RCX=0x00007f35ab90d01c is an unknown value
RDX=0x000000000000391f is an unknown value
RSP=0x00007f35941fd1e0 is pointing into the stack for thread: 0x00007f35b4130000
RBP=0x00007f35941fd200 is pointing into the stack for thread: 0x00007f35b4130000
RSI=0x00007f35941fd290 is pointing into the stack for thread: 0x00007f35b4130000
RDI=0x00007f35b9109130: <offset 0x0000000000205130> in /usr/lib/jvm/java-11-openjdk-amd64/lib/libjimage.so at 0x00007f35b8f04000
R8 =0x0 is NULL
R9 =0x0000000076100fa4 is an unknown value
R10=0x00007f35941fd2b3 is pointing into the stack for thread: 0x00007f35b4130000
R11=0x00007f35bcb354c0: <offset 0x00000000001af4c0> in /lib/x86_64-linux-gnu/libc.so.6 at 0x00007f35bc986000
R12=0x00007f35941fd290 is pointing into the stack for thread: 0x00007f35b4130000
R13=0x00000000000083ac is an unknown value
R14=0x00007f35941fe328 is pointing into the stack for thread: 0x00007f35b4130000
R15=0x00007f35b4130cd0 points into unknown readable memory: 6a 64 6b 2f 69 6e 74 65


Registers:
RAX=0x000000000000391f, RBX=0x00007f35941fd291, RCX=0x00007f35ab90d01c, RDX=0x000000000000391f
RSP=0x00007f35941fd1e0, RBP=0x00007f35941fd200, RSI=0x00007f35941fd290, RDI=0x00007f35b9109130
R8 =0x0000000000000000, R9 =0x0000000076100fa4, R10=0x00007f35941fd2b3, R11=0x00007f35bcb354c0
R12=0x00007f35941fd290, R13=0x00000000000083ac, R14=0x00007f35941fe328, R15=0x00007f35b4130cd0
RIP=0x00007f35b8f06401, EFLAGS=0x0000000000010246, CSGSFS=0x002b000000000033, ERR=0x0000000000000004
  TRAPNO=0x000000000000000e

Top of Stack: (sp=0x00007f35941fd1e0)
0x00007f35941fd1e0:   0000000000000000 00007f35b4026b00
0x00007f35941fd1f0:   0000000000000000 00007f35941fd290
0x00007f35941fd200:   00007f35941fd270 00007f35b8f070ea
0x00007f35941fd210:   0000000000000000 0000000000000000 

Instructions: (pc=0x00007f35b8f06401)
0x00007f35b8f06301:   c5 4c 01 e3 48 89 ce e8 d3 f3 ff ff e9 69 fd ff
0x00007f35b8f06311:   ff 89 d1 0f b7 74 08 fe 66 41 89 74 0e fe e9 7a
0x00007f35b8f06321:   fe ff ff 0f 1f 40 00 8b 08 49 8d 1c 16 41 89 0e
0x00007f35b8f06331:   89 d1 8b 74 08 fc 41 89 74 0e fc 48 8d 34 10 48
0x00007f35b8f06341:   89 75 b8 e9 0b fe ff ff 0f 1f 80 00 00 00 00 0f
0x00007f35b8f06351:   b6 17 55 89 f0 48 89 e5 84 d2 74 22 48 8d 4f 01
0x00007f35b8f06361:   0f 1f 80 00 00 00 00 48 83 c1 01 0f b6 f2 0f b6
0x00007f35b8f06371:   51 ff 69 c0 93 01 00 01 31 f0 84 d2 75 e9 25 ff
0x00007f35b8f06381:   ff ff 7f 5d c3 66 2e 0f 1f 84 00 00 00 00 00 48
0x00007f35b8f06391:   85 d2 0f 84 dd 00 00 00 85 c9 0f 84 d5 00 00 00
0x00007f35b8f063a1:   55 48 89 e5 41 55 41 54 53 48 8d 5e 01 48 83 ec
0x00007f35b8f063b1:   08 44 0f b6 06 45 84 c0 0f 84 a9 00 00 00 49 89
0x00007f35b8f063c1:   da b8 93 01 00 01 66 0f 1f 84 00 00 00 00 00 49
0x00007f35b8f063d1:   83 c2 01 44 69 c8 93 01 00 01 41 0f b6 c0 45 0f
0x00007f35b8f063e1:   b6 42 ff 44 31 c8 45 84 c0 75 e4 25 ff ff ff 7f
0x00007f35b8f063f1:   41 89 cd 48 89 d1 31 d2 41 f7 f5 49 89 f4 89 d0
0x00007f35b8f06401:   8b 34 81 48 8b 07 ff 50 20 83 f8 00 7e 41 41 0f
0x00007f35b8f06411:   b6 14 24 84 d2 74 1c 0f 1f 84 00 00 00 00 00 69
0x00007f35b8f06421:   c0 93 01 00 01 48 83 c3 01 31 d0 0f b6 53 ff 84
0x00007f35b8f06431:   d2 75 ec 25 ff ff ff 7f 31 d2 41 f7 f5 48 83 c4
0x00007f35b8f06441:   08 89 d0 5b 41 5c 41 5d 5d c3 0f 1f 44 00 00 74
0x00007f35b8f06451:   1d f7 d0 48 83 c4 08 89 c2 5b 89 d0 41 5c 41 5d
0x00007f35b8f06461:   5d c3 0f 1f 44 00 00 b8 93 01 00 01 eb 82 ba ff
0x00007f35b8f06471:   ff ff ff eb c8 83 ca ff 89 d0 c3 0f 1f 40 00 0f
0x00007f35b8f06481:   b6 17 55 48 89 f8 48 89 e5 84 d2 75 15 eb 1a 38
0x00007f35b8f06491:   ca 75 1c 48 83 c0 01 0f b6 10 48 83 c6 01 84 d2
0x00007f35b8f064a1:   74 07 0f b6 0e 84 c9 75 e6 5d c3 0f 1f 40 00 31
0x00007f35b8f064b1:   c0 5d c3 66 90 66 2e 0f 1f 84 00 00 00 00 00 55
0x00007f35b8f064c1:   48 85 f6 48 89 e5 74 57 0f 1f 80 00 00 00 00 0f
0x00007f35b8f064d1:   b6 06 84 c0 74 49 0f b6 d0 83 e0 07 c1 fa 03 44
0x00007f35b8f064e1:   8d 50 01 0f b6 c0 41 89 d1 48 8d 56 01 4c 8d 44
0x00007f35b8f064f1:   06 02 31 c0 0f 1f 00 0f b6 0a 48 c1 e0 08 48 83 


Stack slot to memory mapping:
stack at sp + 0 slots: 0x0 is NULL
stack at sp + 1 slots: 0x00007f35b4026b00 points into unknown readable memory: 20 6d 00 60 35 7f 00 00
stack at sp + 2 slots: 0x0 is NULL
stack at sp + 3 slots: 0x00007f35941fd290 is pointing into the stack for thread: 0x00007f35b4130000
stack at sp + 4 slots: 0x00007f35941fd270 is pointing into the stack for thread: 0x00007f35b4130000
stack at sp + 5 slots: 0x00007f35b8f070ea: <offset 0x00000000000030ea> in /usr/lib/jvm/java-11-openjdk-amd64/lib/libjimage.so at 0x00007f35b8f04000
stack at sp + 6 slots: 0x0 is NULL
stack at sp + 7 slots: 0x0 is NULL


---------------  P R O C E S S  ---------------

Threads class SMR info:
_java_thread_list=0x00007f3558002280, length=31, elements={
0x00007f35b4019800, 0x00007f35b4128800, 0x00007f35b412a800, 0x00007f35b4130000,
0x00007f35b4132800, 0x00007f35b4134800, 0x00007f35b4136800, 0x00007f35b414c800,
0x00007f35b418f000, 0x00007f35b4192800, 0x00007f35b44a7000, 0x00007f353cce9000,
0x00007f3540171800, 0x00007f353ccf8800, 0x00007f353cf92000, 0x00007f353cf8c800,
0x00007f353d456800, 0x00007f353d778000, 0x00007f353d789800, 0x00007f353d78b800,
0x00007f353d78d000, 0x00007f353d78e800, 0x00007f353d790800, 0x00007f353d792800,
0x00007f353d794800, 0x00007f353d796800, 0x00007f353d798800, 0x00007f353d79a800,
0x00007f353d79c800, 0x00007f353d7a3800, 0x00007f353d7a6800
}

Java Threads: ( => current thread )
  0x00007f35b4019800 JavaThread "main" [_thread_blocked, id=2896, stack(0x00007f35bd094000,0x00007f35bd195000)]
  0x00007f35b4128800 JavaThread "Reference Handler" daemon [_thread_blocked, id=2904, stack(0x00007f359c102000,0x00007f359c203000)]
  0x00007f35b412a800 JavaThread "Finalizer" daemon [_thread_blocked, id=2905, stack(0x00007f359c001000,0x00007f359c102000)]
=>0x00007f35b4130000 JavaThread "Signal Dispatcher" daemon [_thread_in_vm, id=2906, stack(0x00007f35940ff000,0x00007f3594200000)]
  0x00007f35b4132800 JavaThread "C2 CompilerThread0" daemon [_thread_blocked, id=2907, stack(0x00007f3586d30000,0x00007f3586e31000)]
  0x00007f35b4134800 JavaThread "C1 CompilerThread0" daemon [_thread_blocked, id=2908, stack(0x00007f3586c2f000,0x00007f3586d30000)]
  0x00007f35b4136800 JavaThread "Sweeper thread" daemon [_thread_blocked, id=2909, stack(0x00007f3586b2e000,0x00007f3586c2f000)]
  0x00007f35b414c800 JavaThread "Common-Cleaner" daemon [_thread_blocked, id=2910, stack(0x00007f3586a2d000,0x00007f3586b2e000)]
  0x00007f35b418f000 JavaThread "JDWP Transport Listener: dt_socket" daemon [_thread_in_native, id=2912, stack(0x00007f3586726000,0x00007f3586827000)]
  0x00007f35b4192800 JavaThread "JDWP Event Helper Thread" daemon [_thread_blocked, id=2913, stack(0x00007f3586625000,0x00007f3586726000)]
  0x00007f35b44a7000 JavaThread "Service Thread" daemon [_thread_blocked, id=2919, stack(0x00007f3585ffb000,0x00007f35860fc000)]
  0x00007f353cce9000 JavaThread "Catalina-utility-1" [_thread_blocked, id=2931, stack(0x00007f35856e9000,0x00007f35857ea000)]
  0x00007f3540171800 JavaThread "Catalina-utility-2" [_thread_blocked, id=2932, stack(0x00007f35849e4000,0x00007f3584ae5000)]
  0x00007f353ccf8800 JavaThread "container-0" [_thread_blocked, id=2933, stack(0x00007f35846e3000,0x00007f35847e4000)]
  0x00007f353cf92000 JavaThread "MVStore background writer nio:/home/italo/test.mv.db" daemon [_thread_blocked, id=2934, stack(0x00007f35338ff000,0x00007f3533a00000)]
  0x00007f353cf8c800 JavaThread "HikariPool-1 housekeeper" daemon [_thread_blocked, id=2935, stack(0x00007f35337fe000,0x00007f35338ff000)]
  0x00007f353d456800 JavaThread "Live Reload Server" daemon [_thread_in_native, id=2939, stack(0x00007f3532fbb000,0x00007f35330bc000)]
  0x00007f353d778000 JavaThread "File Watcher" daemon [_thread_blocked, id=2940, stack(0x00007f35334fd000,0x00007f35335fe000)]
  0x00007f353d789800 JavaThread "http-nio-8080-BlockPoller" daemon [_thread_in_native, id=2941, stack(0x00007f3531e12000,0x00007f3531f13000)]
  0x00007f353d78b800 JavaThread "http-nio-8080-exec-1" daemon [_thread_blocked, id=2942, stack(0x00007f3531d11000,0x00007f3531e12000)]
  0x00007f353d78d000 JavaThread "http-nio-8080-exec-2" daemon [_thread_blocked, id=2943, stack(0x00007f3531c10000,0x00007f3531d11000)]
  0x00007f353d78e800 JavaThread "http-nio-8080-exec-3" daemon [_thread_blocked, id=2944, stack(0x00007f3531b0f000,0x00007f3531c10000)]
  0x00007f353d790800 JavaThread "http-nio-8080-exec-4" daemon [_thread_blocked, id=2945, stack(0x00007f3531a0e000,0x00007f3531b0f000)]
  0x00007f353d792800 JavaThread "http-nio-8080-exec-5" daemon [_thread_blocked, id=2946, stack(0x00007f353190d000,0x00007f3531a0e000)]
  0x00007f353d794800 JavaThread "http-nio-8080-exec-6" daemon [_thread_blocked, id=2947, stack(0x00007f353180c000,0x00007f353190d000)]
  0x00007f353d796800 JavaThread "http-nio-8080-exec-7" daemon [_thread_blocked, id=2948, stack(0x00007f353170b000,0x00007f353180c000)]
  0x00007f353d798800 JavaThread "http-nio-8080-exec-8" daemon [_thread_blocked, id=2949, stack(0x00007f353160a000,0x00007f353170b000)]
  0x00007f353d79a800 JavaThread "http-nio-8080-exec-9" daemon [_thread_blocked, id=2950, stack(0x00007f3531509000,0x00007f353160a000)]
  0x00007f353d79c800 JavaThread "http-nio-8080-exec-10" daemon [_thread_blocked, id=2951, stack(0x00007f3531408000,0x00007f3531509000)]
  0x00007f353d7a3800 JavaThread "http-nio-8080-ClientPoller" daemon [_thread_in_native, id=2952, stack(0x00007f3531307000,0x00007f3531408000)]
  0x00007f353d7a6800 JavaThread "http-nio-8080-Acceptor" daemon [_thread_in_native, id=2953, stack(0x00007f3531206000,0x00007f3531307000)]

Other Threads:
  0x00007f35b4126000 VMThread "VM Thread" [stack: 0x00007f359c205000,0x00007f359c305000] [id=2903]
  0x00007f35b44a9000 WatcherThread [stack: 0x00007f3585efb000,0x00007f3585ffb000] [id=2920]
  0x00007f35b4032800 GCTaskThread "GC Thread#0" [stack: 0x00007f35b8c2e000,0x00007f35b8d2e000] [id=2897]
  0x00007f357c001000 GCTaskThread "GC Thread#1" [stack: 0x00007f3585df9000,0x00007f3585ef9000] [id=2921]
  0x00007f357c004800 GCTaskThread "GC Thread#2" [stack: 0x00007f35855e9000,0x00007f35856e9000] [id=2925]
  0x00007f357c006000 GCTaskThread "GC Thread#3" [stack: 0x00007f35854e7000,0x00007f35855e7000] [id=2926]
  0x00007f35b404d000 ConcurrentGCThread "G1 Main Marker" [stack: 0x00007f35b8188000,0x00007f35b8288000] [id=2898]
  0x00007f35b404f000 ConcurrentGCThread "G1 Conc#0" [stack: 0x00007f35b8086000,0x00007f35b8186000] [id=2899]
  0x00007f35b4090800 ConcurrentGCThread "G1 Refine#0" [stack: 0x00007f359c409000,0x00007f359c509000] [id=2900]
  0x00007f35b4092800 ConcurrentGCThread "G1 Young RemSet Sampling" [stack: 0x00007f359c307000,0x00007f359c407000] [id=2901]

Threads with active compile tasks:

VM state:not at safepoint (normal execution)

VM Mutex/Monitor currently owned by a thread: None

Heap address: 0x00000000c4000000, size: 960 MB, Compressed Oops mode: 32-bit
Narrow klass base: 0x0000000800000000, Narrow klass shift: 3
Compressed class space size: 1073741824 Address: 0x0000000840000000

Heap:
 garbage-first heap   total 110592K, used 74013K [0x00000000c4000000, 0x0000000100000000)
  region size 1024K, 49 young (50176K), 4 survivors (4096K)
 Metaspace       used 63734K, capacity 65300K, committed 65408K, reserved 1105920K
  class space    used 8191K, capacity 8793K, committed 8832K, reserved 1048576K
Heap Regions: E=young(eden), S=young(survivor), O=old, HS=humongous(starts), HC=humongous(continues), CS=collection set, F=free, A=archive, TAMS=top-at-mark-start (previous, next)
|   0|0x00000000c4000000, 0x00000000c4100000, 0x00000000c4100000|100%|HS|  |TAMS 0x00000000c4100000, 0x00000000c4000000| Complete 
|   1|0x00000000c4100000, 0x00000000c4200000, 0x00000000c4200000|100%| O|  |TAMS 0x00000000c4200000, 0x00000000c4100000| Untracked 
|   2|0x00000000c4200000, 0x00000000c4300000, 0x00000000c4300000|100%| O|  |TAMS 0x00000000c4300000, 0x00000000c4200000| Untracked 
|   3|0x00000000c4300000, 0x00000000c4400000, 0x00000000c4400000|100%| O|  |TAMS 0x00000000c4400000, 0x00000000c4300000| Untracked 
|   4|0x00000000c4400000, 0x00000000c4500000, 0x00000000c4500000|100%| O|  |TAMS 0x00000000c4500000, 0x00000000c4400000| Untracked 
|   5|0x00000000c4500000, 0x00000000c4600000, 0x00000000c4600000|100%| O|  |TAMS 0x00000000c4600000, 0x00000000c4500000| Untracked 
|   6|0x00000000c4600000, 0x00000000c4700000, 0x00000000c4700000|100%| O|  |TAMS 0x00000000c4700000, 0x00000000c4600000| Untracked 
|   7|0x00000000c4700000, 0x00000000c4800000, 0x00000000c4800000|100%| O|  |TAMS 0x00000000c4800000, 0x00000000c4700000| Untracked 
|   8|0x00000000c4800000, 0x00000000c4900000, 0x00000000c4900000|100%| O|  |TAMS 0x00000000c4900000, 0x00000000c4800000| Untracked 
|   9|0x00000000c4900000, 0x00000000c4a00000, 0x00000000c4a00000|100%| O|  |TAMS 0x00000000c4a00000, 0x00000000c4900000| Untracked 
|  10|0x00000000c4a00000, 0x00000000c4b00000, 0x00000000c4b00000|100%| O|  |TAMS 0x00000000c4b00000, 0x00000000c4a00000| Untracked 
|  11|0x00000000c4b00000, 0x00000000c4c00000, 0x00000000c4c00000|100%| O|  |TAMS 0x00000000c4c00000, 0x00000000c4b00000| Untracked 
|  12|0x00000000c4c00000, 0x00000000c4d00000, 0x00000000c4d00000|100%| O|  |TAMS 0x00000000c4d00000, 0x00000000c4c00000| Untracked 
|  13|0x00000000c4d00000, 0x00000000c4e00000, 0x00000000c4e00000|100%| O|  |TAMS 0x00000000c4e00000, 0x00000000c4d00000| Untracked 
|  14|0x00000000c4e00000, 0x00000000c4f00000, 0x00000000c4f00000|100%| O|  |TAMS 0x00000000c4f00000, 0x00000000c4e00000| Untracked 
|  15|0x00000000c4f00000, 0x00000000c5000000, 0x00000000c5000000|100%|HS|  |TAMS 0x00000000c5000000, 0x00000000c4f00000| Complete 
|  16|0x00000000c5000000, 0x00000000c5100000, 0x00000000c5100000|100%|HC|  |TAMS 0x00000000c5100000, 0x00000000c5000000| Complete 
|  17|0x00000000c5100000, 0x00000000c5200000, 0x00000000c5200000|100%| O|  |TAMS 0x00000000c5200000, 0x00000000c5100000| Untracked 
|  18|0x00000000c5200000, 0x00000000c5300000, 0x00000000c5300000|100%| O|  |TAMS 0x00000000c5300000, 0x00000000c5200000| Untracked 
|  19|0x00000000c5300000, 0x00000000c5400000, 0x00000000c5400000|100%| O|  |TAMS 0x00000000c5400000, 0x00000000c5300000| Untracked 
|  20|0x00000000c5400000, 0x00000000c5500000, 0x00000000c5500000|100%| O|  |TAMS 0x00000000c5500000, 0x00000000c5400000| Untracked 
|  21|0x00000000c5500000, 0x00000000c5600000, 0x00000000c5600000|100%| O|  |TAMS 0x00000000c5600000, 0x00000000c5500000| Untracked 
|  22|0x00000000c5600000, 0x00000000c5700000, 0x00000000c5700000|100%| O|  |TAMS 0x00000000c5700000, 0x00000000c5600000| Untracked 
|  23|0x00000000c5700000, 0x00000000c57c6600, 0x00000000c5800000| 77%| O|  |TAMS 0x00000000c57c6600, 0x00000000c5700000| Untracked 
|  24|0x00000000c5800000, 0x00000000c5800000, 0x00000000c5900000|  0%| F|  |TAMS 0x00000000c5800000, 0x00000000c5800000| Untracked 
|  25|0x00000000c5900000, 0x00000000c5900000, 0x00000000c5a00000|  0%| F|  |TAMS 0x00000000c5900000, 0x00000000c5900000| Untracked 
|  26|0x00000000c5a00000, 0x00000000c5a00000, 0x00000000c5b00000|  0%| F|  |TAMS 0x00000000c5a00000, 0x00000000c5a00000| Untracked 
|  27|0x00000000c5b00000, 0x00000000c5b00000, 0x00000000c5c00000|  0%| F|  |TAMS 0x00000000c5b00000, 0x00000000c5b00000| Untracked 
|  28|0x00000000c5c00000, 0x00000000c5c00000, 0x00000000c5d00000|  0%| F|  |TAMS 0x00000000c5c00000, 0x00000000c5c00000| Untracked 
|  29|0x00000000c5d00000, 0x00000000c5d00000, 0x00000000c5e00000|  0%| F|  |TAMS 0x00000000c5d00000, 0x00000000c5d00000| Untracked 
|  30|0x00000000c5e00000, 0x00000000c5e00000, 0x00000000c5f00000|  0%| F|  |TAMS 0x00000000c5e00000, 0x00000000c5e00000| Untracked 
|  31|0x00000000c5f00000, 0x00000000c5f00000, 0x00000000c6000000|  0%| F|  |TAMS 0x00000000c5f00000, 0x00000000c5f00000| Untracked 
|  32|0x00000000c6000000, 0x00000000c6000000, 0x00000000c6100000|  0%| F|  |TAMS 0x00000000c6000000, 0x00000000c6000000| Untracked 
|  33|0x00000000c6100000, 0x00000000c6100000, 0x00000000c6200000|  0%| F|  |TAMS 0x00000000c6100000, 0x00000000c6100000| Untracked 
|  34|0x00000000c6200000, 0x00000000c6200000, 0x00000000c6300000|  0%| F|  |TAMS 0x00000000c6200000, 0x00000000c6200000| Untracked 
|  35|0x00000000c6300000, 0x00000000c6300000, 0x00000000c6400000|  0%| F|  |TAMS 0x00000000c6300000, 0x00000000c6300000| Untracked 
|  36|0x00000000c6400000, 0x00000000c6400000, 0x00000000c6500000|  0%| F|  |TAMS 0x00000000c6400000, 0x00000000c6400000| Untracked 
|  37|0x00000000c6500000, 0x00000000c6500000, 0x00000000c6600000|  0%| F|  |TAMS 0x00000000c6500000, 0x00000000c6500000| Untracked 
|  38|0x00000000c6600000, 0x00000000c6600000, 0x00000000c6700000|  0%| F|  |TAMS 0x00000000c6600000, 0x00000000c6600000| Untracked 
|  39|0x00000000c6700000, 0x00000000c6700000, 0x00000000c6800000|  0%| F|  |TAMS 0x00000000c6700000, 0x00000000c6700000| Untracked 
|  40|0x00000000c6800000, 0x00000000c68cff80, 0x00000000c6900000| 81%| S|CS|TAMS 0x00000000c6800000, 0x00000000c6800000| Complete 
|  41|0x00000000c6900000, 0x00000000c6a00000, 0x00000000c6a00000|100%| S|CS|TAMS 0x00000000c6900000, 0x00000000c6900000| Complete 
|  42|0x00000000c6a00000, 0x00000000c6b00000, 0x00000000c6b00000|100%| S|CS|TAMS 0x00000000c6a00000, 0x00000000c6a00000| Complete 
|  43|0x00000000c6b00000, 0x00000000c6c00000, 0x00000000c6c00000|100%| S|CS|TAMS 0x00000000c6b00000, 0x00000000c6b00000| Complete 
|  44|0x00000000c6c00000, 0x00000000c6c00000, 0x00000000c6d00000|  0%| F|  |TAMS 0x00000000c6c00000, 0x00000000c6c00000| Untracked 
|  45|0x00000000c6d00000, 0x00000000c6d00000, 0x00000000c6e00000|  0%| F|  |TAMS 0x00000000c6d00000, 0x00000000c6d00000| Untracked 
|  46|0x00000000c6e00000, 0x00000000c6e00000, 0x00000000c6f00000|  0%| F|  |TAMS 0x00000000c6e00000, 0x00000000c6e00000| Untracked 
|  47|0x00000000c6f00000, 0x00000000c6f00000, 0x00000000c7000000|  0%| F|  |TAMS 0x00000000c6f00000, 0x00000000c6f00000| Untracked 
|  48|0x00000000c7000000, 0x00000000c7000000, 0x00000000c7100000|  0%| F|  |TAMS 0x00000000c7000000, 0x00000000c7000000| Untracked 
|  49|0x00000000c7100000, 0x00000000c7100000, 0x00000000c7200000|  0%| F|  |TAMS 0x00000000c7100000, 0x00000000c7100000| Untracked 
|  50|0x00000000c7200000, 0x00000000c7200000, 0x00000000c7300000|  0%| F|  |TAMS 0x00000000c7200000, 0x00000000c7200000| Untracked 
|  51|0x00000000c7300000, 0x00000000c7300000, 0x00000000c7400000|  0%| F|  |TAMS 0x00000000c7300000, 0x00000000c7300000| Untracked 
|  52|0x00000000c7400000, 0x00000000c7400000, 0x00000000c7500000|  0%| F|  |TAMS 0x00000000c7400000, 0x00000000c7400000| Untracked 
|  53|0x00000000c7500000, 0x00000000c7500000, 0x00000000c7600000|  0%| F|  |TAMS 0x00000000c7500000, 0x00000000c7500000| Untracked 
|  54|0x00000000c7600000, 0x00000000c7600000, 0x00000000c7700000|  0%| F|  |TAMS 0x00000000c7600000, 0x00000000c7600000| Untracked 
|  55|0x00000000c7700000, 0x00000000c7700000, 0x00000000c7800000|  0%| F|  |TAMS 0x00000000c7700000, 0x00000000c7700000| Untracked 
|  56|0x00000000c7800000, 0x00000000c7800000, 0x00000000c7900000|  0%| F|  |TAMS 0x00000000c7800000, 0x00000000c7800000| Untracked 
|  57|0x00000000c7900000, 0x00000000c7900000, 0x00000000c7a00000|  0%| F|  |TAMS 0x00000000c7900000, 0x00000000c7900000| Untracked 
|  58|0x00000000c7a00000, 0x00000000c7a00000, 0x00000000c7b00000|  0%| F|  |TAMS 0x00000000c7a00000, 0x00000000c7a00000| Untracked 
|  59|0x00000000c7b00000, 0x00000000c7b00000, 0x00000000c7c00000|  0%| F|  |TAMS 0x00000000c7b00000, 0x00000000c7b00000| Untracked 
|  60|0x00000000c7c00000, 0x00000000c7c00000, 0x00000000c7d00000|  0%| F|  |TAMS 0x00000000c7c00000, 0x00000000c7c00000| Untracked 
|  61|0x00000000c7d00000, 0x00000000c7d930c0, 0x00000000c7e00000| 57%| E|  |TAMS 0x00000000c7d00000, 0x00000000c7d00000| Complete 
|  62|0x00000000c7e00000, 0x00000000c7f00000, 0x00000000c7f00000|100%| E|CS|TAMS 0x00000000c7e00000, 0x00000000c7e00000| Complete 
|  63|0x00000000c7f00000, 0x00000000c8000000, 0x00000000c8000000|100%| E|CS|TAMS 0x00000000c7f00000, 0x00000000c7f00000| Complete 
|  64|0x00000000c8000000, 0x00000000c8100000, 0x00000000c8100000|100%| E|CS|TAMS 0x00000000c8000000, 0x00000000c8000000| Complete 
|  65|0x00000000c8100000, 0x00000000c8200000, 0x00000000c8200000|100%| E|CS|TAMS 0x00000000c8100000, 0x00000000c8100000| Complete 
|  66|0x00000000c8200000, 0x00000000c8300000, 0x00000000c8300000|100%| E|CS|TAMS 0x00000000c8200000, 0x00000000c8200000| Complete 
|  67|0x00000000c8300000, 0x00000000c8400000, 0x00000000c8400000|100%| E|CS|TAMS 0x00000000c8300000, 0x00000000c8300000| Complete 
|  68|0x00000000c8400000, 0x00000000c8500000, 0x00000000c8500000|100%| E|CS|TAMS 0x00000000c8400000, 0x00000000c8400000| Complete 
|  69|0x00000000c8500000, 0x00000000c8600000, 0x00000000c8600000|100%| E|CS|TAMS 0x00000000c8500000, 0x00000000c8500000| Complete 
|  70|0x00000000c8600000, 0x00000000c8700000, 0x00000000c8700000|100%| E|CS|TAMS 0x00000000c8600000, 0x00000000c8600000| Complete 
|  71|0x00000000c8700000, 0x00000000c8800000, 0x00000000c8800000|100%| E|CS|TAMS 0x00000000c8700000, 0x00000000c8700000| Complete 
|  72|0x00000000c8800000, 0x00000000c8900000, 0x00000000c8900000|100%| E|CS|TAMS 0x00000000c8800000, 0x00000000c8800000| Complete 
|  73|0x00000000c8900000, 0x00000000c8a00000, 0x00000000c8a00000|100%| E|CS|TAMS 0x00000000c8900000, 0x00000000c8900000| Complete 
|  74|0x00000000c8a00000, 0x00000000c8b00000, 0x00000000c8b00000|100%| E|CS|TAMS 0x00000000c8a00000, 0x00000000c8a00000| Complete 
|  75|0x00000000c8b00000, 0x00000000c8c00000, 0x00000000c8c00000|100%| E|CS|TAMS 0x00000000c8b00000, 0x00000000c8b00000| Complete 
|  76|0x00000000c8c00000, 0x00000000c8d00000, 0x00000000c8d00000|100%| E|CS|TAMS 0x00000000c8c00000, 0x00000000c8c00000| Complete 
|  77|0x00000000c8d00000, 0x00000000c8e00000, 0x00000000c8e00000|100%| E|CS|TAMS 0x00000000c8d00000, 0x00000000c8d00000| Complete 
|  78|0x00000000c8e00000, 0x00000000c8f00000, 0x00000000c8f00000|100%| E|CS|TAMS 0x00000000c8e00000, 0x00000000c8e00000| Complete 
|  79|0x00000000c8f00000, 0x00000000c9000000, 0x00000000c9000000|100%| E|CS|TAMS 0x00000000c8f00000, 0x00000000c8f00000| Complete 
|  80|0x00000000c9000000, 0x00000000c9100000, 0x00000000c9100000|100%| E|CS|TAMS 0x00000000c9000000, 0x00000000c9000000| Complete 
|  81|0x00000000c9100000, 0x00000000c9200000, 0x00000000c9200000|100%| E|CS|TAMS 0x00000000c9100000, 0x00000000c9100000| Complete 
|  82|0x00000000c9200000, 0x00000000c9300000, 0x00000000c9300000|100%| E|CS|TAMS 0x00000000c9200000, 0x00000000c9200000| Complete 
|  83|0x00000000c9300000, 0x00000000c9400000, 0x00000000c9400000|100%| E|CS|TAMS 0x00000000c9300000, 0x00000000c9300000| Complete 
|  84|0x00000000c9400000, 0x00000000c9500000, 0x00000000c9500000|100%| E|CS|TAMS 0x00000000c9400000, 0x00000000c9400000| Complete 
|  85|0x00000000c9500000, 0x00000000c9600000, 0x00000000c9600000|100%| E|CS|TAMS 0x00000000c9500000, 0x00000000c9500000| Complete 
|  86|0x00000000c9600000, 0x00000000c9700000, 0x00000000c9700000|100%| E|CS|TAMS 0x00000000c9600000, 0x00000000c9600000| Complete 
|  87|0x00000000c9700000, 0x00000000c9800000, 0x00000000c9800000|100%| E|CS|TAMS 0x00000000c9700000, 0x00000000c9700000| Complete 
|  88|0x00000000c9800000, 0x00000000c9900000, 0x00000000c9900000|100%| E|CS|TAMS 0x00000000c9800000, 0x00000000c9800000| Complete 
|  89|0x00000000c9900000, 0x00000000c9a00000, 0x00000000c9a00000|100%| E|CS|TAMS 0x00000000c9900000, 0x00000000c9900000| Complete 
|  90|0x00000000c9a00000, 0x00000000c9b00000, 0x00000000c9b00000|100%| E|CS|TAMS 0x00000000c9a00000, 0x00000000c9a00000| Complete 
|  91|0x00000000c9b00000, 0x00000000c9c00000, 0x00000000c9c00000|100%| E|CS|TAMS 0x00000000c9b00000, 0x00000000c9b00000| Complete 
|  92|0x00000000c9c00000, 0x00000000c9d00000, 0x00000000c9d00000|100%| E|CS|TAMS 0x00000000c9c00000, 0x00000000c9c00000| Complete 
|  93|0x00000000c9d00000, 0x00000000c9e00000, 0x00000000c9e00000|100%| E|CS|TAMS 0x00000000c9d00000, 0x00000000c9d00000| Complete 
|  94|0x00000000c9e00000, 0x00000000c9f00000, 0x00000000c9f00000|100%| E|CS|TAMS 0x00000000c9e00000, 0x00000000c9e00000| Complete 
|  95|0x00000000c9f00000, 0x00000000ca000000, 0x00000000ca000000|100%| E|CS|TAMS 0x00000000c9f00000, 0x00000000c9f00000| Complete 
|  96|0x00000000ca000000, 0x00000000ca100000, 0x00000000ca100000|100%| E|CS|TAMS 0x00000000ca000000, 0x00000000ca000000| Complete 
|  97|0x00000000ca100000, 0x00000000ca200000, 0x00000000ca200000|100%| E|CS|TAMS 0x00000000ca100000, 0x00000000ca100000| Complete 
|  98|0x00000000ca200000, 0x00000000ca300000, 0x00000000ca300000|100%| E|CS|TAMS 0x00000000ca200000, 0x00000000ca200000| Complete 
|  99|0x00000000ca300000, 0x00000000ca400000, 0x00000000ca400000|100%| E|CS|TAMS 0x00000000ca300000, 0x00000000ca300000| Complete 
| 100|0x00000000ca400000, 0x00000000ca500000, 0x00000000ca500000|100%| E|CS|TAMS 0x00000000ca400000, 0x00000000ca400000| Complete 
| 101|0x00000000ca500000, 0x00000000ca600000, 0x00000000ca600000|100%| E|CS|TAMS 0x00000000ca500000, 0x00000000ca500000| Complete 
| 102|0x00000000ca600000, 0x00000000ca700000, 0x00000000ca700000|100%| E|CS|TAMS 0x00000000ca600000, 0x00000000ca600000| Complete 
| 103|0x00000000ca700000, 0x00000000ca800000, 0x00000000ca800000|100%| E|CS|TAMS 0x00000000ca700000, 0x00000000ca700000| Complete 
| 104|0x00000000ca800000, 0x00000000ca900000, 0x00000000ca900000|100%| E|CS|TAMS 0x00000000ca800000, 0x00000000ca800000| Complete 
| 105|0x00000000ca900000, 0x00000000caa00000, 0x00000000caa00000|100%| E|CS|TAMS 0x00000000ca900000, 0x00000000ca900000| Complete 
| 958|0x00000000ffe00000, 0x00000000ffe47000, 0x00000000fff00000| 27%|OA|  |TAMS 0x00000000ffe47000, 0x00000000ffe00000| Untracked 
| 959|0x00000000fff00000, 0x00000000fff6a000, 0x0000000100000000| 41%|CA|  |TAMS 0x00000000fff6a000, 0x00000000fff00000| Untracked 

Card table byte_map: [0x00007f35b8468000,0x00007f35b8648000] _byte_map_base: 0x00007f35b7e48000

Marking Bits (Prev, Next): (CMBitMap*) 0x00007f35b4048538, (CMBitMap*) 0x00007f35b4048570
 Prev Bits: [0x00007f3597100000, 0x00007f3598000000)
 Next Bits: [0x00007f3596200000, 0x00007f3597100000)

Polling page: 0x00007f35bd1ab000

Metaspace:

Usage:
  Non-class:     55,18 MB capacity,    54,24 MB ( 98%) used,   770,75 KB (  1%) free+waste,   192,69 KB ( <1%) overhead. 
      Class:      8,59 MB capacity,     8,00 MB ( 93%) used,   512,95 KB (  6%) free+waste,    88,69 KB (  1%) overhead. 
       Both:     63,77 MB capacity,    62,24 MB ( 98%) used,     1,25 MB (  2%) free+waste,   281,38 KB ( <1%) overhead. 

Virtual space:
  Non-class space:       56,00 MB reserved,      55,25 MB ( 99%) committed 
      Class space:        1,00 GB reserved,       8,62 MB ( <1%) committed 
             Both:        1,05 GB reserved,      63,88 MB (  6%) committed 

Chunk freelists:
   Non-Class:  45,00 KB
       Class:  7,00 KB
        Both:  52,00 KB

MaxMetaspaceSize: unlimited
CompressedClassSpaceSize: 1,00 GB

CodeHeap 'non-profiled nmethods': size=120032Kb used=4159Kb max_used=4159Kb free=115873Kb
 bounds [0x00007f35a43d5000, 0x00007f35a47e5000, 0x00007f35ab90d000]
CodeHeap 'profiled nmethods': size=120032Kb used=13447Kb max_used=13447Kb free=106584Kb
 bounds [0x00007f359ce9d000, 0x00007f359dbcd000, 0x00007f35a43d5000]
CodeHeap 'non-nmethods': size=5696Kb used=1304Kb max_used=1407Kb free=4391Kb
 bounds [0x00007f359c90d000, 0x00007f359cb7d000, 0x00007f359ce9d000]
 total_blobs=7420 nmethods=5559 adapters=536
 compilation: enabled
              stopped_count=0, restarted_count=0
 full_count=0

Compilation events (20 events):
Event: 74,452 Thread 0x00007f35b4134800 5871       1       com.fasterxml.jackson.databind.SerializationFeature::getMask (5 bytes)
Event: 74,452 Thread 0x00007f35b4134800 nmethod 5871 0x00007f35a47e3b10 code [0x00007f35a47e3cc0, 0x00007f35a47e3df0]
Event: 74,457 Thread 0x00007f35b4132800 5872       4       java.util.Calendar::internalSet (8 bytes)
Event: 74,468 Thread 0x00007f35b4132800 nmethod 5872 0x00007f35a47e3e90 code [0x00007f35a47e4020, 0x00007f35a47e40f8]
Event: 74,469 Thread 0x00007f35b4132800 5873       4       jdk.internal.reflect.ClassFileAssembler::cpi (22 bytes)
Event: 74,469 Thread 0x00007f35b4132800 nmethod 5873 0x00007f35a47e4210 code [0x00007f35a47e43a0, 0x00007f35a47e4438]
Event: 74,611 Thread 0x00007f35b4134800 5874       3       org.h2.mvstore.FreeSpaceBitSet::getProjectedFillRate (72 bytes)
Event: 74,612 Thread 0x00007f35b4134800 nmethod 5874 0x00007f359dbbe910 code [0x00007f359dbbeb20, 0x00007f359dbbf288]
Event: 74,661 Thread 0x00007f35b4134800 5875       3       org.h2.mvstore.MVStore::isBackgroundThread (19 bytes)
Event: 74,662 Thread 0x00007f35b4134800 nmethod 5875 0x00007f359d07c910 code [0x00007f359d07cac0, 0x00007f359d07ccd0]
Event: 75,474 Thread 0x00007f35b4134800 5876   !   3       sun.nio.ch.SelectorImpl::processDeregisterQueue (181 bytes)
Event: 75,476 Thread 0x00007f35b4134800 nmethod 5876 0x00007f359dbbf590 code [0x00007f359dbbf880, 0x00007f359dbc0da8]
Event: 75,884 Thread 0x00007f35b4134800 5877       3       java.util.concurrent.ScheduledThreadPoolExecutor$ScheduledFutureTask::compareTo (9 bytes)
Event: 75,884 Thread 0x00007f35b4134800 nmethod 5877 0x00007f359d09ff10 code [0x00007f359d0a00e0, 0x00007f359d0a03e8]
Event: 75,885 Thread 0x00007f35b4134800 5878       3       java.util.concurrent.ScheduledThreadPoolExecutor$ScheduledFutureTask::compareTo (101 bytes)
Event: 75,886 Thread 0x00007f35b4134800 nmethod 5878 0x00007f359dbc1510 code [0x00007f359dbc1740, 0x00007f359dbc1fd8]
Event: 80,558 Thread 0x00007f35b4134800 5879       1       org.apache.catalina.LifecycleEvent::getType (5 bytes)
Event: 80,558 Thread 0x00007f35b4134800 nmethod 5879 0x00007f35a47e4510 code [0x00007f35a47e46c0, 0x00007f35a47e47f0]
Event: 80,559 Thread 0x00007f35b4134800 5880       1       org.apache.catalina.LifecycleState::isAvailable (5 bytes)
Event: 80,559 Thread 0x00007f35b4134800 nmethod 5880 0x00007f35a47e4890 code [0x00007f35a47e4a40, 0x00007f35a47e4b70]

GC Heap History (20 events):
Event: 20,830 GC heap before
{Heap before GC invocations=18 (full 0):
 garbage-first heap   total 76800K, used 55827K [0x00000000c4000000, 0x0000000100000000)
  region size 1024K, 42 young (43008K), 4 survivors (4096K)
 Metaspace       used 34202K, capacity 35306K, committed 35456K, reserved 1079296K
  class space    used 4163K, capacity 4636K, committed 4736K, reserved 1048576K
}
Event: 20,845 GC heap after
{Heap after GC invocations=19 (full 0):
 garbage-first heap   total 76800K, used 18642K [0x00000000c4000000, 0x0000000100000000)
  region size 1024K, 4 young (4096K), 4 survivors (4096K)
 Metaspace       used 34202K, capacity 35306K, committed 35456K, reserved 1079296K
  class space    used 4163K, capacity 4636K, committed 4736K, reserved 1048576K
}
Event: 20,947 GC heap before
{Heap before GC invocations=19 (full 0):
 garbage-first heap   total 76800K, used 20690K [0x00000000c4000000, 0x0000000100000000)
  region size 1024K, 7 young (7168K), 4 survivors (4096K)
 Metaspace       used 34553K, capacity 35658K, committed 35840K, reserved 1081344K
  class space    used 4189K, capacity 4668K, committed 4736K, reserved 1048576K
}
Event: 20,963 GC heap after
{Heap after GC invocations=20 (full 0):
 garbage-first heap   total 76800K, used 18602K [0x00000000c4000000, 0x0000000100000000)
  region size 1024K, 4 young (4096K), 4 survivors (4096K)
 Metaspace       used 34553K, capacity 35658K, committed 35840K, reserved 1081344K
  class space    used 4189K, capacity 4668K, committed 4736K, reserved 1048576K
}
Event: 22,015 GC heap before
{Heap before GC invocations=21 (full 0):
 garbage-first heap   total 76800K, used 58538K [0x00000000c4000000, 0x0000000100000000)
  region size 1024K, 43 young (44032K), 4 survivors (4096K)
 Metaspace       used 37949K, capacity 39057K, committed 39296K, reserved 1083392K
  class space    used 4561K, capacity 4990K, committed 4992K, reserved 1048576K
}
Event: 22,035 GC heap after
{Heap after GC invocations=22 (full 0):
 garbage-first heap   total 92160K, used 19769K [0x00000000c4000000, 0x0000000100000000)
  region size 1024K, 5 young (5120K), 5 survivors (5120K)
 Metaspace       used 37949K, capacity 39057K, committed 39296K, reserved 1083392K
  class space    used 4561K, capacity 4990K, committed 4992K, reserved 1048576K
}
Event: 23,956 GC heap before
{Heap before GC invocations=22 (full 0):
 garbage-first heap   total 92160K, used 71993K [0x00000000c4000000, 0x0000000100000000)
  region size 1024K, 54 young (55296K), 5 survivors (5120K)
 Metaspace       used 42075K, capacity 43270K, committed 43648K, reserved 1087488K
  class space    used 5179K, capacity 5648K, committed 5760K, reserved 1048576K
}
Event: 23,967 GC heap after
{Heap after GC invocations=23 (full 0):
 garbage-first heap   total 92160K, used 22562K [0x00000000c4000000, 0x0000000100000000)
  region size 1024K, 4 young (4096K), 4 survivors (4096K)
 Metaspace       used 42075K, capacity 43270K, committed 43648K, reserved 1087488K
  class space    used 5179K, capacity 5648K, committed 5760K, reserved 1048576K
}
Event: 25,001 GC heap before
{Heap before GC invocations=23 (full 0):
 garbage-first heap   total 92160K, used 73762K [0x00000000c4000000, 0x0000000100000000)
  region size 1024K, 54 young (55296K), 4 survivors (4096K)
 Metaspace       used 46431K, capacity 47597K, committed 48128K, reserved 1091584K
  class space    used 5842K, capacity 6300K, committed 6400K, reserved 1048576K
}
Event: 25,011 GC heap after
{Heap after GC invocations=24 (full 0):
 garbage-first heap   total 92160K, used 23523K [0x00000000c4000000, 0x0000000100000000)
  region size 1024K, 5 young (5120K), 5 survivors (5120K)
 Metaspace       used 46431K, capacity 47597K, committed 48128K, reserved 1091584K
  class space    used 5842K, capacity 6300K, committed 6400K, reserved 1048576K
}
Event: 25,800 GC heap before
{Heap before GC invocations=24 (full 0):
 garbage-first heap   total 92160K, used 73699K [0x00000000c4000000, 0x0000000100000000)
  region size 1024K, 54 young (55296K), 5 survivors (5120K)
 Metaspace       used 50500K, capacity 51694K, committed 52096K, reserved 1093632K
  class space    used 6469K, capacity 6934K, committed 7040K, reserved 1048576K
}
Event: 25,812 GC heap after
{Heap after GC invocations=25 (full 0):
 garbage-first heap   total 92160K, used 24466K [0x00000000c4000000, 0x0000000100000000)
  region size 1024K, 5 young (5120K), 5 survivors (5120K)
 Metaspace       used 50500K, capacity 51694K, committed 52096K, reserved 1093632K
  class space    used 6469K, capacity 6934K, committed 7040K, reserved 1048576K
}
Event: 26,807 GC heap before
{Heap before GC invocations=25 (full 0):
 garbage-first heap   total 92160K, used 74642K [0x00000000c4000000, 0x0000000100000000)
  region size 1024K, 54 young (55296K), 5 survivors (5120K)
 Metaspace       used 54478K, capacity 55743K, committed 56192K, reserved 1097728K
  class space    used 6994K, capacity 7474K, committed 7552K, reserved 1048576K
}
Event: 26,817 GC heap after
{Heap after GC invocations=26 (full 0):
 garbage-first heap   total 92160K, used 25077K [0x00000000c4000000, 0x0000000100000000)
  region size 1024K, 5 young (5120K), 5 survivors (5120K)
 Metaspace       used 54478K, capacity 55743K, committed 56192K, reserved 1097728K
  class space    used 6994K, capacity 7474K, committed 7552K, reserved 1048576K
}
Event: 27,717 GC heap before
{Heap before GC invocations=26 (full 0):
 garbage-first heap   total 92160K, used 75253K [0x00000000c4000000, 0x0000000100000000)
  region size 1024K, 54 young (55296K), 5 survivors (5120K)
 Metaspace       used 57830K, capacity 59271K, committed 59776K, reserved 1101824K
  class space    used 7425K, capacity 7947K, committed 8064K, reserved 1048576K
}
Event: 27,734 GC heap after
{Heap after GC invocations=27 (full 0):
 garbage-first heap   total 92160K, used 26896K [0x00000000c4000000, 0x0000000100000000)
  region size 1024K, 5 young (5120K), 5 survivors (5120K)
 Metaspace       used 57830K, capacity 59271K, committed 59776K, reserved 1101824K
  class space    used 7425K, capacity 7947K, committed 8064K, reserved 1048576K
}
Event: 28,016 GC heap before
{Heap before GC invocations=27 (full 0):
 garbage-first heap   total 92160K, used 43280K [0x00000000c4000000, 0x0000000100000000)
  region size 1024K, 22 young (22528K), 5 survivors (5120K)
 Metaspace       used 58497K, capacity 59898K, committed 60160K, reserved 1101824K
  class space    used 7515K, capacity 8068K, committed 8192K, reserved 1048576K
}
Event: 28,029 GC heap after
{Heap after GC invocations=28 (full 0):
 garbage-first heap   total 92160K, used 27728K [0x00000000c4000000, 0x0000000100000000)
  region size 1024K, 5 young (5120K), 5 survivors (5120K)
 Metaspace       used 58497K, capacity 59898K, committed 60160K, reserved 1101824K
  class space    used 7515K, capacity 8068K, committed 8192K, reserved 1048576K
}
Event: 28,814 GC heap before
{Heap before GC invocations=29 (full 0):
 garbage-first heap   total 92160K, used 67664K [0x00000000c4000000, 0x0000000100000000)
  region size 1024K, 44 young (45056K), 5 survivors (5120K)
 Metaspace       used 59974K, capacity 61461K, committed 61568K, reserved 1101824K
  class space    used 7732K, capacity 8304K, committed 8320K, reserved 1048576K
}
Event: 28,832 GC heap after
{Heap after GC invocations=30 (full 0):
 garbage-first heap   total 110592K, used 28957K [0x00000000c4000000, 0x0000000100000000)
  region size 1024K, 4 young (4096K), 4 survivors (4096K)
 Metaspace       used 59974K, capacity 61461K, committed 61568K, reserved 1101824K
  class space    used 7732K, capacity 8304K, committed 8320K, reserved 1048576K
}

Deoptimization events (20 events):
Event: 66,212 Thread 0x00007f353cf92000 Uncommon trap: trap_request=0xffffff4d fr.pc=0x00007f35a47b72a8 relative=0x0000000000000088
Event: 66,212 Thread 0x00007f353cf92000 Uncommon trap: reason=unstable_if action=reinterpret pc=0x00007f35a47b72a8 method=org.h2.mvstore.RootReference.getVersion()J @ 17 c2
Event: 66,212 Thread 0x00007f353cf92000 DEOPT PACKING pc=0x00007f35a47b72a8 sp=0x00007f35339fe480
Event: 66,212 Thread 0x00007f353cf92000 DEOPT UNPACKING pc=0x00007f359c946225 sp=0x00007f35339fe428 mode 2
Event: 66,213 Thread 0x00007f353cf92000 DEOPT PACKING pc=0x00007f359d9c7fe6 sp=0x00007f35339fdfa0
Event: 66,213 Thread 0x00007f353cf92000 DEOPT UNPACKING pc=0x00007f359c94603a sp=0x00007f35339fd4e0 mode 0
Event: 74,437 Thread 0x00007f353d79a800 Uncommon trap: trap_request=0xffffff6e fr.pc=0x00007f35a47d4314 relative=0x00000000000004b4
Event: 74,437 Thread 0x00007f353d79a800 Uncommon trap: reason=speculate_class_check action=maybe_recompile pc=0x00007f35a47d4314 method=java.lang.ThreadLocal.setInitialValue()Ljava/lang/Object; @ 35 c2
Event: 74,437 Thread 0x00007f353d79a800 DEOPT PACKING pc=0x00007f35a47d4314 sp=0x00007f3531608030
Event: 74,437 Thread 0x00007f353d79a800 DEOPT UNPACKING pc=0x00007f359c946225 sp=0x00007f3531607fa8 mode 2
Event: 74,448 Thread 0x00007f353d79a800 DEOPT PACKING pc=0x00007f359d3d378c sp=0x00007f3531606aa0
Event: 74,448 Thread 0x00007f353d79a800 DEOPT UNPACKING pc=0x00007f359c94603a sp=0x00007f3531606038 mode 1
Event: 74,449 Thread 0x00007f353d79a800 DEOPT PACKING pc=0x00007f359d3cf12c sp=0x00007f3531606bd0
Event: 74,449 Thread 0x00007f353d79a800 DEOPT UNPACKING pc=0x00007f359c94603a sp=0x00007f3531606090 mode 1
Event: 74,449 Thread 0x00007f353d79a800 DEOPT PACKING pc=0x00007f359d3f9f24 sp=0x00007f3531606c20
Event: 74,449 Thread 0x00007f353d79a800 DEOPT UNPACKING pc=0x00007f359c94603a sp=0x00007f3531606130 mode 1
Event: 74,449 Thread 0x00007f353d79a800 Uncommon trap: trap_request=0xffffffd6 fr.pc=0x00007f35a47c7e3c relative=0x0000000000000cdc
Event: 74,449 Thread 0x00007f353d79a800 Uncommon trap: reason=array_check action=maybe_recompile pc=0x00007f35a47c7e3c method=java.util.AbstractCollection.toArray([Ljava/lang/Object;)[Ljava/lang/Object; @ 116 c2
Event: 74,449 Thread 0x00007f353d79a800 DEOPT PACKING pc=0x00007f35a47c7e3c sp=0x00007f35316063a0
Event: 74,449 Thread 0x00007f353d79a800 DEOPT UNPACKING pc=0x00007f359c946225 sp=0x00007f3531606260 mode 2

Classes redefined (0 events):
No events

Internal exceptions (20 events):
Event: 27,601 Thread 0x00007f3548003800 Exception <a 'java/lang/ClassNotFoundException'{0x00000000c6feaa40}: org/springframework/boot/autoconfigure/web/servlet/WebMvcAutoConfiguration$EnableWebMvcConfigurationCustomizer> (0x00000000c6feaa40) thrown at [./src/hotspot/share/classfile/systemDictionary.cpp, line 231]
Event: 27,603 Thread 0x00007f3548003800 Exception <a 'java/lang/ClassNotFoundException'{0x00000000c6e05650}: org/springframework/boot/autoconfigure/web/servlet/WebMvcAutoConfiguration$EnableWebMvcConfiguration$$EnhancerBySpringCGLIB$$bd84928bCustomizer> (0x00000000c6e05650) thrown at [./src/hotspot/share/classfile/systemDictionary.cpp, line 231]
Event: 27,605 Thread 0x00007f3548003800 Exception <a 'java/lang/ClassNotFoundException'{0x00000000c6e2d268}: org/springframework/context/annotation/ConfigurationClassEnhancer$EnhancedConfigurationCustomizer> (0x00000000c6e2d268) thrown at [./src/hotspot/share/classfile/systemDictionary.cpp, line 231]
Event: 27,606 Thread 0x00007f3548003800 Exception <a 'java/lang/ClassNotFoundException'{0x00000000c6e39178}: org/springframework/beans/factory/BeanFactoryAwareCustomizer> (0x00000000c6e39178) thrown at [./src/hotspot/share/classfile/systemDictionary.cpp, line 231]
Event: 27,606 Thread 0x00007f3548003800 Exception <a 'java/lang/ClassNotFoundException'{0x00000000c6e44f08}: org/springframework/beans/factory/AwareCustomizer> (0x00000000c6e44f08) thrown at [./src/hotspot/share/classfile/systemDictionary.cpp, line 231]
Event: 27,607 Thread 0x00007f3548003800 Exception <a 'java/lang/ClassNotFoundException'{0x00000000c6e504b8}: org/springframework/context/ResourceLoaderAwareCustomizer> (0x00000000c6e504b8) thrown at [./src/hotspot/share/classfile/systemDictionary.cpp, line 231]
Event: 27,608 Thread 0x00007f3548003800 Exception <a 'java/lang/ClassNotFoundException'{0x00000000c6e5bcf0}: org/springframework/beans/factory/AwareCustomizer> (0x00000000c6e5bcf0) thrown at [./src/hotspot/share/classfile/systemDictionary.cpp, line 231]
Event: 27,609 Thread 0x00007f3548003800 Exception <a 'java/lang/ClassNotFoundException'{0x00000000c6e67c10}: org/springframework/context/ApplicationContextAwareCustomizer> (0x00000000c6e67c10) thrown at [./src/hotspot/share/classfile/systemDictionary.cpp, line 231]
Event: 27,609 Thread 0x00007f3548003800 Exception <a 'java/lang/ClassNotFoundException'{0x00000000c6e73dd8}: org/springframework/beans/factory/AwareCustomizer> (0x00000000c6e73dd8) thrown at [./src/hotspot/share/classfile/systemDictionary.cpp, line 231]
Event: 27,610 Thread 0x00007f3548003800 Exception <a 'java/lang/ClassNotFoundException'{0x00000000c6e7fcd0}: org/springframework/web/context/ServletContextAwareCustomizer> (0x00000000c6e7fcd0) thrown at [./src/hotspot/share/classfile/systemDictionary.cpp, line 231]
Event: 27,611 Thread 0x00007f3548003800 Exception <a 'java/lang/ClassNotFoundException'{0x00000000c6e8bbb8}: org/springframework/beans/factory/AwareCustomizer> (0x00000000c6e8bbb8) thrown at [./src/hotspot/share/classfile/systemDictionary.cpp, line 231]
Event: 27,977 Thread 0x00007f3548003800 Exception <a 'java/lang/NoSuchMethodError'{0x00000000c89e5398}: 'void java.lang.invoke.DirectMethodHandle$Holder.invokeVirtual(java.lang.Object, java.lang.Object, int)'> (0x00000000c89e5398) thrown at [./src/hotspot/share/interpreter/linkResolver.cpp, line 773]
Event: 40,448 Thread 0x00007f353d78b800 Exception <a 'java/lang/ClassNotFoundException'{0x00000000c8d15268}: java/lang/ObjectCustomizer> (0x00000000c8d15268) thrown at [./src/hotspot/share/classfile/systemDictionary.cpp, line 231]
Event: 40,449 Thread 0x00007f353d78b800 Exception <a 'java/lang/ClassNotFoundException'{0x00000000c8d26770}: com/crud/rest/model/ProductCustomizer> (0x00000000c8d26770) thrown at [./src/hotspot/share/classfile/systemDictionary.cpp, line 231]
Event: 51,297 Thread 0x00007f353d790800 Exception <a 'java/lang/reflect/InvocationTargetException'{0x00000000c83e5180}> (0x00000000c83e5180) thrown at [./src/hotspot/share/runtime/reflection.cpp, line 1247]
Event: 59,688 Thread 0x00007f353d794800 Exception <a 'java/lang/reflect/InvocationTargetException'{0x00000000c8013020}> (0x00000000c8013020) thrown at [./src/hotspot/share/runtime/reflection.cpp, line 1247]
Event: 66,176 Thread 0x00007f353d798800 Exception <a 'java/lang/NoSuchMethodError'{0x00000000c7fa0c80}: 'void java.lang.invoke.DirectMethodHandle$Holder.invokeStaticInit(java.lang.Object, java.lang.Object, java.lang.Object, java.lang.Object)'> (0x00000000c7fa0c80) thrown at [./src/hotspot/share/interpreter/linkResolver.cpp, line 773]
Event: 66,197 Thread 0x00007f353d798800 Exception <a 'java/lang/ClassNotFoundException'{0x00000000c7e70108}: java/lang/ObjectCustomizer> (0x00000000c7e70108) thrown at [./src/hotspot/share/classfile/systemDictionary.cpp, line 231]
Event: 66,199 Thread 0x00007f353d798800 Exception <a 'java/lang/ClassNotFoundException'{0x00000000c7e81450}: com/crud/rest/model/UserCustomizer> (0x00000000c7e81450) thrown at [./src/hotspot/share/classfile/systemDictionary.cpp, line 231]
Event: 74,448 Thread 0x00007f353d79a800 Exception <a 'java/lang/reflect/InvocationTargetException'{0x00000000c7d759e0}> (0x00000000c7d759e0) thrown at [./src/hotspot/share/runtime/reflection.cpp, line 1247]

Events (20 events):
Event: 66,198 loading class com/crud/rest/model/UserCustomizer
Event: 66,198 loading class com/crud/rest/model/UserCustomizer done
Event: 66,198 loading class com/crud/rest/model/UserCustomizer
Event: 66,198 loading class com/crud/rest/model/UserCustomizer done
Event: 66,199 loading class com/crud/rest/model/UserCustomizer
Event: 66,199 loading class com/crud/rest/model/UserCustomizer done
Event: 66,201 loading class org/hibernate/type/ForeignKeyDirection
Event: 66,201 loading class org/hibernate/type/ForeignKeyDirection done
Event: 66,201 loading class org/hibernate/type/ForeignKeyDirection$1
Event: 66,201 loading class org/hibernate/type/ForeignKeyDirection$1 done
Event: 66,202 loading class org/hibernate/type/ForeignKeyDirection$2
Event: 66,202 loading class org/hibernate/type/ForeignKeyDirection$2 done
Event: 66,204 loading class org/h2/index/BaseIndex$1
Event: 66,204 loading class org/h2/index/BaseIndex$1 done
Event: 66,205 loading class org/h2/mvstore/tx/TransactionMap$ValidationIterator
Event: 66,205 loading class org/h2/mvstore/tx/TransactionMap$ValidationIterator done
Event: 66,206 loading class org/h2/mvstore/tx/TransactionMap$UncommittedIterator
Event: 66,206 loading class org/h2/mvstore/tx/TransactionMap$UncommittedIterator done
Event: 80,933 Thread 0x00007f3560001800 Thread exited: 0x00007f3560001800
Event: 80,942 loading class jdk/internal/misc/Signal$1


Dynamic libraries:
c4000000-caa00000 rw-p 00000000 00:00 0 
caa00000-ffe00000 ---p 00000000 00:00 0 
ffe00000-ffe47000 rw-p 0110b000 08:02 8915484                            /usr/lib/jvm/java-11-openjdk-amd64/lib/server/classes.jsa
ffe47000-fff00000 rw-p 00000000 00:00 0 
fff00000-fff6a000 rw-p 010a1000 08:02 8915484                            /usr/lib/jvm/java-11-openjdk-amd64/lib/server/classes.jsa
fff6a000-100000000 rw-p 00000000 00:00 0 
800000000-800002000 rwxp 00001000 08:02 8915484                          /usr/lib/jvm/java-11-openjdk-amd64/lib/server/classes.jsa
800002000-8010a0000 rw-p 00003000 08:02 8915484                          /usr/lib/jvm/java-11-openjdk-amd64/lib/server/classes.jsa
840000000-8408a0000 rw-p 00000000 00:00 0 
8408a0000-880000000 ---p 00000000 00:00 0 
5557a316f000-5557a3170000 r-xp 00000000 08:02 8916882                    /usr/lib/jvm/java-11-openjdk-amd64/bin/java
5557a3370000-5557a3371000 r--p 00001000 08:02 8916882                    /usr/lib/jvm/java-11-openjdk-amd64/bin/java
5557a3371000-5557a3372000 rw-p 00002000 08:02 8916882                    /usr/lib/jvm/java-11-openjdk-amd64/bin/java
5557a4308000-5557a4329000 rw-p 00000000 00:00 0                          [heap]
7f3518000000-7f3518045000 rw-p 00000000 00:00 0 
7f3518045000-7f351c000000 ---p 00000000 00:00 0 
7f351c000000-7f351c23b000 rw-p 00000000 00:00 0 
7f351c23b000-7f3520000000 ---p 00000000 00:00 0 
7f3520000000-7f352002e000 rw-p 00000000 00:00 0 
7f352002e000-7f3524000000 ---p 00000000 00:00 0 
7f3524000000-7f3524048000 rw-p 00000000 00:00 0 
7f3524048000-7f3528000000 ---p 00000000 00:00 0 
7f3528000000-7f3528051000 rw-p 00000000 00:00 0 
7f3528051000-7f352c000000 ---p 00000000 00:00 0 
7f352c000000-7f352c06e000 rw-p 00000000 00:00 0 
7f352c06e000-7f3530000000 ---p 00000000 00:00 0 
7f3530e06000-7f3530f46000 rw-p 00000000 00:00 0 
7f3530f46000-7f3531006000 ---p 00000000 00:00 0 
7f3531006000-7f3531206000 rw-p 00000000 00:00 0 
7f3531206000-7f353120a000 ---p 00000000 00:00 0 
7f353120a000-7f3531307000 rw-p 00000000 00:00 0 
7f3531307000-7f353130b000 ---p 00000000 00:00 0 
7f353130b000-7f3531408000 rw-p 00000000 00:00 0 
7f3531408000-7f353140c000 ---p 00000000 00:00 0 
7f353140c000-7f3531509000 rw-p 00000000 00:00 0 
7f3531509000-7f353150d000 ---p 00000000 00:00 0 
7f353150d000-7f353160a000 rw-p 00000000 00:00 0 
7f353160a000-7f353160e000 ---p 00000000 00:00 0 
7f353160e000-7f353170b000 rw-p 00000000 00:00 0 
7f353170b000-7f353170f000 ---p 00000000 00:00 0 
7f353170f000-7f353180c000 rw-p 00000000 00:00 0 
7f353180c000-7f3531810000 ---p 00000000 00:00 0 
7f3531810000-7f353190d000 rw-p 00000000 00:00 0 
7f353190d000-7f3531911000 ---p 00000000 00:00 0 
7f3531911000-7f3531a0e000 rw-p 00000000 00:00 0 
7f3531a0e000-7f3531a12000 ---p 00000000 00:00 0 
7f3531a12000-7f3531b0f000 rw-p 00000000 00:00 0 
7f3531b0f000-7f3531b13000 ---p 00000000 00:00 0 
7f3531b13000-7f3531c10000 rw-p 00000000 00:00 0 
7f3531c10000-7f3531c14000 ---p 00000000 00:00 0 
7f3531c14000-7f3531d11000 rw-p 00000000 00:00 0 
7f3531d11000-7f3531d15000 ---p 00000000 00:00 0 
7f3531d15000-7f3531e12000 rw-p 00000000 00:00 0 
7f3531e12000-7f3531e16000 ---p 00000000 00:00 0 
7f3531e16000-7f3532113000 rw-p 00000000 00:00 0 
7f3532113000-7f3532313000 rw-p 00000000 00:00 0 
7f3532313000-7f3532315000 r-xp 00000000 08:02 8916941                    /usr/lib/jvm/java-11-openjdk-amd64/lib/libextnet.so
7f3532315000-7f3532514000 ---p 00002000 08:02 8916941                    /usr/lib/jvm/java-11-openjdk-amd64/lib/libextnet.so
7f3532514000-7f3532515000 r--p 00001000 08:02 8916941                    /usr/lib/jvm/java-11-openjdk-amd64/lib/libextnet.so
7f3532515000-7f3532516000 rw-p 00002000 08:02 8916941                    /usr/lib/jvm/java-11-openjdk-amd64/lib/libextnet.so
7f3532516000-7f3532716000 rw-p 00000000 00:00 0 
7f3532716000-7f3532916000 rw-p 00000000 00:00 0 
7f3532916000-7f3532b16000 rw-p 00000000 00:00 0 
7f3532b16000-7f3532d16000 rw-p 00000000 00:00 0 
7f3532d16000-7f3532f16000 rw-p 00000000 00:00 0 
7f3532fbb000-7f3532fbf000 ---p 00000000 00:00 0 
7f3532fbf000-7f35332bc000 rw-p 00000000 00:00 0 
7f35332bc000-7f35334bc000 rw-p 00000000 00:00 0 
7f35334fd000-7f3533501000 ---p 00000000 00:00 0 
7f3533501000-7f35337fe000 rw-p 00000000 00:00 0 
7f35337fe000-7f3533802000 ---p 00000000 00:00 0 
7f3533802000-7f35338ff000 rw-p 00000000 00:00 0 
7f35338ff000-7f3533903000 ---p 00000000 00:00 0 
7f3533903000-7f3533c00000 rw-p 00000000 00:00 0 
7f3533c00000-7f3533e00000 rw-p 00000000 00:00 0 
7f3533e00000-7f3534000000 rw-p 00000000 00:00 0 
7f3534000000-7f35340bf000 rw-p 00000000 00:00 0 
7f35340bf000-7f3538000000 ---p 00000000 00:00 0 
7f3538000000-7f3538021000 rw-p 00000000 00:00 0 
7f3538021000-7f353c000000 ---p 00000000 00:00 0 
7f353c000000-7f353d7de000 rw-p 00000000 00:00 0 
7f353d7de000-7f3540000000 ---p 00000000 00:00 0 
7f3540000000-7f3540540000 rw-p 00000000 00:00 0 
7f3540540000-7f3544000000 ---p 00000000 00:00 0 
7f3544000000-7f3544044000 rw-p 00000000 00:00 0 
7f3544044000-7f3548000000 ---p 00000000 00:00 0 
7f3548000000-7f3548041000 rw-p 00000000 00:00 0 
7f3548041000-7f354c000000 ---p 00000000 00:00 0 
7f354c000000-7f354c021000 rw-p 00000000 00:00 0 
7f354c021000-7f3550000000 ---p 00000000 00:00 0 
7f3550000000-7f3550021000 rw-p 00000000 00:00 0 
7f3550021000-7f3554000000 ---p 00000000 00:00 0 
7f3554000000-7f3554021000 rw-p 00000000 00:00 0 
7f3554021000-7f3558000000 ---p 00000000 00:00 0 
7f3558000000-7f3558021000 rw-p 00000000 00:00 0 
7f3558021000-7f355c000000 ---p 00000000 00:00 0 
7f355c000000-7f355c021000 rw-p 00000000 00:00 0 
7f355c021000-7f3560000000 ---p 00000000 00:00 0 
7f3560000000-7f3560021000 rw-p 00000000 00:00 0 
7f3560021000-7f3564000000 ---p 00000000 00:00 0 
7f3564000000-7f3564b3b000 rw-p 00000000 00:00 0 
7f3564b3b000-7f3568000000 ---p 00000000 00:00 0 
7f3568000000-7f3568021000 rw-p 00000000 00:00 0 
7f3568021000-7f356c000000 ---p 00000000 00:00 0 
7f356c000000-7f356c021000 rw-p 00000000 00:00 0 
7f356c021000-7f3570000000 ---p 00000000 00:00 0 
7f3570000000-7f35738cf000 rw-p 00000000 00:00 0 
7f35738cf000-7f3574000000 ---p 00000000 00:00 0 
7f3574000000-7f3574021000 rw-p 00000000 00:00 0 
7f3574021000-7f3578000000 ---p 00000000 00:00 0 
7f3578000000-7f3578021000 rw-p 00000000 00:00 0 
7f3578021000-7f357c000000 ---p 00000000 00:00 0 
7f357c000000-7f357c19b000 rw-p 00000000 00:00 0 
7f357c19b000-7f3580000000 ---p 00000000 00:00 0 
7f3580000000-7f3580021000 rw-p 00000000 00:00 0 
7f3580021000-7f3584000000 ---p 00000000 00:00 0 
7f3584067000-7f3584267000 rw-p 00000000 00:00 0 
7f3584267000-7f3584467000 rw-p 00000000 00:00 0 
7f3584467000-7f3584667000 rw-p 00000000 00:00 0 
7f35846e3000-7f35846e7000 ---p 00000000 00:00 0 
7f35846e7000-7f35849e4000 rw-p 00000000 00:00 0 
7f35849e4000-7f35849e8000 ---p 00000000 00:00 0 
7f35849e8000-7f3584ce5000 rw-p 00000000 00:00 0 
7f3584ce5000-7f3584ee5000 rw-p 00000000 00:00 0 
7f3584ee5000-7f35850e5000 rw-p 00000000 00:00 0 
7f35850e5000-7f35852e5000 rw-p 00000000 00:00 0 
7f35852e5000-7f35854e5000 rw-p 00000000 00:00 0 
7f35854e5000-7f35854e6000 ---p 00000000 00:00 0 
7f35854e6000-7f35855e7000 rw-p 00000000 00:00 0 
7f35855e7000-7f35855e8000 ---p 00000000 00:00 0 
7f35855e8000-7f35856e9000 rw-p 00000000 00:00 0 
7f35856e9000-7f35856ed000 ---p 00000000 00:00 0 
7f35856ed000-7f35857ea000 rw-p 00000000 00:00 0 
7f35857ea000-7f35857ee000 ---p 00000000 00:00 0 
7f35857ee000-7f35858eb000 rw-p 00000000 00:00 0 
7f35858eb000-7f35858ef000 ---p 00000000 00:00 0 
7f35858ef000-7f35859ec000 rw-p 00000000 00:00 0 
7f35859ec000-7f35859f1000 r-xp 00000000 08:02 8916958                    /usr/lib/jvm/java-11-openjdk-amd64/lib/libmanagement_ext.so
7f35859f1000-7f3585bf0000 ---p 00005000 08:02 8916958                    /usr/lib/jvm/java-11-openjdk-amd64/lib/libmanagement_ext.so
7f3585bf0000-7f3585bf1000 r--p 00004000 08:02 8916958                    /usr/lib/jvm/java-11-openjdk-amd64/lib/libmanagement_ext.so
7f3585bf1000-7f3585bf2000 rw-p 00005000 08:02 8916958                    /usr/lib/jvm/java-11-openjdk-amd64/lib/libmanagement_ext.so
7f3585bf2000-7f3585bf6000 r-xp 00000000 08:02 8916956                    /usr/lib/jvm/java-11-openjdk-amd64/lib/libmanagement.so
7f3585bf6000-7f3585df5000 ---p 00004000 08:02 8916956                    /usr/lib/jvm/java-11-openjdk-amd64/lib/libmanagement.so
7f3585df5000-7f3585df6000 r--p 00003000 08:02 8916956                    /usr/lib/jvm/java-11-openjdk-amd64/lib/libmanagement.so
7f3585df6000-7f3585df7000 rw-p 00004000 08:02 8916956                    /usr/lib/jvm/java-11-openjdk-amd64/lib/libmanagement.so
7f3585df7000-7f3585df8000 ---p 00000000 00:00 0 
7f3585df8000-7f3585ef9000 rw-p 00000000 00:00 0 
7f3585ef9000-7f3585efa000 ---p 00000000 00:00 0 
7f3585efa000-7f3585ffb000 rw-p 00000000 00:00 0 
7f3585ffb000-7f3585fff000 ---p 00000000 00:00 0 
7f3585fff000-7f35860fc000 rw-p 00000000 00:00 0 
7f35860fc000-7f3586112000 r-xp 00000000 08:02 8916960                    /usr/lib/jvm/java-11-openjdk-amd64/lib/libnet.so
7f3586112000-7f3586311000 ---p 00016000 08:02 8916960                    /usr/lib/jvm/java-11-openjdk-amd64/lib/libnet.so
7f3586311000-7f3586312000 r--p 00015000 08:02 8916960                    /usr/lib/jvm/java-11-openjdk-amd64/lib/libnet.so
7f3586312000-7f3586313000 rw-p 00016000 08:02 8916960                    /usr/lib/jvm/java-11-openjdk-amd64/lib/libnet.so
7f3586313000-7f3586323000 r-xp 00000000 08:02 8916961                    /usr/lib/jvm/java-11-openjdk-amd64/lib/libnio.so
7f3586323000-7f3586522000 ---p 00010000 08:02 8916961                    /usr/lib/jvm/java-11-openjdk-amd64/lib/libnio.so
7f3586522000-7f3586523000 r--p 0000f000 08:02 8916961                    /usr/lib/jvm/java-11-openjdk-amd64/lib/libnio.so
7f3586523000-7f3586524000 rw-p 00010000 08:02 8916961                    /usr/lib/jvm/java-11-openjdk-amd64/lib/libnio.so
7f3586524000-7f3586528000 ---p 00000000 00:00 0 
7f3586528000-7f3586625000 rw-p 00000000 00:00 0 
7f3586625000-7f3586629000 ---p 00000000 00:00 0 
7f3586629000-7f3586726000 rw-p 00000000 00:00 0 
7f3586726000-7f358672a000 ---p 00000000 00:00 0 
7f358672a000-7f3586827000 rw-p 00000000 00:00 0 
7f3586827000-7f358682b000 r-xp 00000000 08:02 8916940                    /usr/lib/jvm/java-11-openjdk-amd64/lib/libdt_socket.so
7f358682b000-7f3586a2b000 ---p 00004000 08:02 8916940                    /usr/lib/jvm/java-11-openjdk-amd64/lib/libdt_socket.so
7f3586a2b000-7f3586a2c000 r--p 00004000 08:02 8916940                    /usr/lib/jvm/java-11-openjdk-amd64/lib/libdt_socket.so
7f3586a2c000-7f3586a2d000 rw-p 00005000 08:02 8916940                    /usr/lib/jvm/java-11-openjdk-amd64/lib/libdt_socket.so
7f3586a2d000-7f3586a31000 ---p 00000000 00:00 0 
7f3586a31000-7f3586b2e000 rw-p 00000000 00:00 0 
7f3586b2e000-7f3586b32000 ---p 00000000 00:00 0 
7f3586b32000-7f3586c2f000 rw-p 00000000 00:00 0 
7f3586c2f000-7f3586c33000 ---p 00000000 00:00 0 
7f3586c33000-7f3586d30000 rw-p 00000000 00:00 0 
7f3586d30000-7f3586d34000 ---p 00000000 00:00 0 
7f3586d34000-7f3586e31000 rw-p 00000000 00:00 0 
7f3586e31000-7f3587800000 r--p 00000000 08:02 8919727                    /usr/lib/locale/locale-archive
7f3587800000-7f3588000000 rw-p 00000000 00:00 0 
7f3588000000-7f3588028000 rw-p 00000000 00:00 0 
7f3588028000-7f358c000000 ---p 00000000 00:00 0 
7f358c000000-7f358c021000 rw-p 00000000 00:00 0 
7f358c021000-7f3590000000 ---p 00000000 00:00 0 
7f3590000000-7f3590021000 rw-p 00000000 00:00 0 
7f3590021000-7f3594000000 ---p 00000000 00:00 0 
7f35940ff000-7f3594103000 ---p 00000000 00:00 0 
7f3594103000-7f35963a8000 rw-p 00000000 00:00 0 
7f35963a8000-7f35970f8000 ---p 00000000 00:00 0 
7f35970f8000-7f35972a8000 rw-p 00000000 00:00 0 
7f35972a8000-7f3597ff8000 ---p 00000000 00:00 0 
7f3597ff8000-7f3598000000 rw-p 00000000 00:00 0 
7f3598000000-7f3598021000 rw-p 00000000 00:00 0 
7f3598021000-7f359c000000 ---p 00000000 00:00 0 
7f359c001000-7f359c005000 ---p 00000000 00:00 0 
7f359c005000-7f359c102000 rw-p 00000000 00:00 0 
7f359c102000-7f359c106000 ---p 00000000 00:00 0 
7f359c106000-7f359c203000 rw-p 00000000 00:00 0 
7f359c203000-7f359c204000 ---p 00000000 00:00 0 
7f359c204000-7f359c305000 rw-p 00000000 00:00 0 
7f359c305000-7f359c306000 ---p 00000000 00:00 0 
7f359c306000-7f359c407000 rw-p 00000000 00:00 0 
7f359c407000-7f359c408000 ---p 00000000 00:00 0 
7f359c408000-7f359c90d000 rw-p 00000000 00:00 0 
7f359c90d000-7f359cb7d000 rwxp 00000000 00:00 0 
7f359cb7d000-7f359ce9d000 ---p 00000000 00:00 0 
7f359ce9d000-7f359dbcd000 rwxp 00000000 00:00 0 
7f359dbcd000-7f35a43d5000 ---p 00000000 00:00 0 
7f35a43d5000-7f35a47e5000 rwxp 00000000 00:00 0 
7f35a47e5000-7f35ab90d000 ---p 00000000 00:00 0 
7f35b4000000-7f35b478c000 rw-p 00000000 00:00 0 
7f35b478c000-7f35b8000000 ---p 00000000 00:00 0 
7f35b8003000-7f35b8084000 rw-p 00000000 00:00 0 
7f35b8084000-7f35b8085000 ---p 00000000 00:00 0 
7f35b8085000-7f35b8186000 rw-p 00000000 00:00 0 
7f35b8186000-7f35b8187000 ---p 00000000 00:00 0 
7f35b8187000-7f35b82bd000 rw-p 00000000 00:00 0 
7f35b82bd000-7f35b8467000 ---p 00000000 00:00 0 
7f35b8467000-7f35b849d000 rw-p 00000000 00:00 0 
7f35b849d000-7f35b8647000 ---p 00000000 00:00 0 
7f35b8647000-7f35b867d000 rw-p 00000000 00:00 0 
7f35b867d000-7f35b8827000 ---p 00000000 00:00 0 
7f35b8827000-7f35b8c2c000 rw-p 00000000 00:00 0 
7f35b8c2c000-7f35b8c2d000 ---p 00000000 00:00 0 
7f35b8c2d000-7f35b8d37000 rw-p 00000000 00:00 0 
7f35b8d37000-7f35b8e19000 ---p 00000000 00:00 0 
7f35b8e19000-7f35b8e34000 rw-p 00000000 00:00 0 
7f35b8e34000-7f35b8f04000 ---p 00000000 00:00 0 
7f35b8f04000-7f35b8f09000 r-xp 00000000 08:02 8916952                    /usr/lib/jvm/java-11-openjdk-amd64/lib/libjimage.so
7f35b8f09000-7f35b9108000 ---p 00005000 08:02 8916952                    /usr/lib/jvm/java-11-openjdk-amd64/lib/libjimage.so
7f35b9108000-7f35b9109000 r--p 00004000 08:02 8916952                    /usr/lib/jvm/java-11-openjdk-amd64/lib/libjimage.so
7f35b9109000-7f35b910a000 rw-p 00005000 08:02 8916952                    /usr/lib/jvm/java-11-openjdk-amd64/lib/libjimage.so
7f35b910a000-7f35b9111000 r-xp 00000000 08:02 8916969                    /usr/lib/jvm/java-11-openjdk-amd64/lib/libzip.so
7f35b9111000-7f35b9310000 ---p 00007000 08:02 8916969                    /usr/lib/jvm/java-11-openjdk-amd64/lib/libzip.so
7f35b9310000-7f35b9311000 r--p 00006000 08:02 8916969                    /usr/lib/jvm/java-11-openjdk-amd64/lib/libzip.so
7f35b9311000-7f35b9312000 rw-p 00007000 08:02 8916969                    /usr/lib/jvm/java-11-openjdk-amd64/lib/libzip.so
7f35b9312000-7f35b931d000 r-xp 00000000 08:02 3150863                    /lib/x86_64-linux-gnu/libnss_files-2.27.so
7f35b931d000-7f35b951c000 ---p 0000b000 08:02 3150863                    /lib/x86_64-linux-gnu/libnss_files-2.27.so
7f35b951c000-7f35b951d000 r--p 0000a000 08:02 3150863                    /lib/x86_64-linux-gnu/libnss_files-2.27.so
7f35b951d000-7f35b951e000 rw-p 0000b000 08:02 3150863                    /lib/x86_64-linux-gnu/libnss_files-2.27.so
7f35b951e000-7f35b9524000 rw-p 00000000 00:00 0 
7f35b9524000-7f35b953b000 r-xp 00000000 08:02 3150857                    /lib/x86_64-linux-gnu/libnsl-2.27.so
7f35b953b000-7f35b973a000 ---p 00017000 08:02 3150857                    /lib/x86_64-linux-gnu/libnsl-2.27.so
7f35b973a000-7f35b973b000 r--p 00016000 08:02 3150857                    /lib/x86_64-linux-gnu/libnsl-2.27.so
7f35b973b000-7f35b973c000 rw-p 00017000 08:02 3150857                    /lib/x86_64-linux-gnu/libnsl-2.27.so
7f35b973c000-7f35b973e000 rw-p 00000000 00:00 0 
7f35b973e000-7f35b9749000 r-xp 00000000 08:02 3150874                    /lib/x86_64-linux-gnu/libnss_nis-2.27.so
7f35b9749000-7f35b9948000 ---p 0000b000 08:02 3150874                    /lib/x86_64-linux-gnu/libnss_nis-2.27.so
7f35b9948000-7f35b9949000 r--p 0000a000 08:02 3150874                    /lib/x86_64-linux-gnu/libnss_nis-2.27.so
7f35b9949000-7f35b994a000 rw-p 0000b000 08:02 3150874                    /lib/x86_64-linux-gnu/libnss_nis-2.27.so
7f35b994a000-7f35b9952000 r-xp 00000000 08:02 3150859                    /lib/x86_64-linux-gnu/libnss_compat-2.27.so
7f35b9952000-7f35b9b52000 ---p 00008000 08:02 3150859                    /lib/x86_64-linux-gnu/libnss_compat-2.27.so
7f35b9b52000-7f35b9b53000 r--p 00008000 08:02 3150859                    /lib/x86_64-linux-gnu/libnss_compat-2.27.so
7f35b9b53000-7f35b9b54000 rw-p 00009000 08:02 3150859                    /lib/x86_64-linux-gnu/libnss_compat-2.27.so
7f35b9b54000-7f35b9b5e000 r-xp 00000000 08:02 8916943                    /usr/lib/jvm/java-11-openjdk-amd64/lib/libinstrument.so
7f35b9b5e000-7f35b9d5d000 ---p 0000a000 08:02 8916943                    /usr/lib/jvm/java-11-openjdk-amd64/lib/libinstrument.so
7f35b9d5d000-7f35b9d5e000 r--p 00009000 08:02 8916943                    /usr/lib/jvm/java-11-openjdk-amd64/lib/libinstrument.so
7f35b9d5e000-7f35b9d5f000 rw-p 0000a000 08:02 8916943                    /usr/lib/jvm/java-11-openjdk-amd64/lib/libinstrument.so
7f35b9d5f000-7f35b9d9b000 r-xp 00000000 08:02 8916951                    /usr/lib/jvm/java-11-openjdk-amd64/lib/libjdwp.so
7f35b9d9b000-7f35b9f9a000 ---p 0003c000 08:02 8916951                    /usr/lib/jvm/java-11-openjdk-amd64/lib/libjdwp.so
7f35b9f9a000-7f35b9f9b000 r--p 0003b000 08:02 8916951                    /usr/lib/jvm/java-11-openjdk-amd64/lib/libjdwp.so
7f35b9f9b000-7f35b9f9c000 rw-p 0003c000 08:02 8916951                    /usr/lib/jvm/java-11-openjdk-amd64/lib/libjdwp.so
7f35b9f9c000-7f35b9fc5000 r-xp 00000000 08:02 8916948                    /usr/lib/jvm/java-11-openjdk-amd64/lib/libjava.so
7f35b9fc5000-7f35ba1c4000 ---p 00029000 08:02 8916948                    /usr/lib/jvm/java-11-openjdk-amd64/lib/libjava.so
7f35ba1c4000-7f35ba1c5000 r--p 00028000 08:02 8916948                    /usr/lib/jvm/java-11-openjdk-amd64/lib/libjava.so
7f35ba1c5000-7f35ba1c7000 rw-p 00029000 08:02 8916948                    /usr/lib/jvm/java-11-openjdk-amd64/lib/libjava.so
7f35ba1c7000-7f35ba1d4000 r-xp 00000000 08:02 8916968                    /usr/lib/jvm/java-11-openjdk-amd64/lib/libverify.so
7f35ba1d4000-7f35ba3d3000 ---p 0000d000 08:02 8916968                    /usr/lib/jvm/java-11-openjdk-amd64/lib/libverify.so
7f35ba3d3000-7f35ba3d5000 r--p 0000c000 08:02 8916968                    /usr/lib/jvm/java-11-openjdk-amd64/lib/libverify.so
7f35ba3d5000-7f35ba3d6000 rw-p 0000e000 08:02 8916968                    /usr/lib/jvm/java-11-openjdk-amd64/lib/libverify.so
7f35ba3d6000-7f35ba3dd000 r-xp 00000000 08:02 3150914                    /lib/x86_64-linux-gnu/librt-2.27.so
7f35ba3dd000-7f35ba5dc000 ---p 00007000 08:02 3150914                    /lib/x86_64-linux-gnu/librt-2.27.so
7f35ba5dc000-7f35ba5dd000 r--p 00006000 08:02 3150914                    /lib/x86_64-linux-gnu/librt-2.27.so
7f35ba5dd000-7f35ba5de000 rw-p 00007000 08:02 3150914                    /lib/x86_64-linux-gnu/librt-2.27.so
7f35ba5de000-7f35ba5f5000 r-xp 00000000 08:02 3146543                    /lib/x86_64-linux-gnu/libgcc_s.so.1
7f35ba5f5000-7f35ba7f4000 ---p 00017000 08:02 3146543                    /lib/x86_64-linux-gnu/libgcc_s.so.1
7f35ba7f4000-7f35ba7f5000 r--p 00016000 08:02 3146543                    /lib/x86_64-linux-gnu/libgcc_s.so.1
7f35ba7f5000-7f35ba7f6000 rw-p 00017000 08:02 3146543                    /lib/x86_64-linux-gnu/libgcc_s.so.1
7f35ba7f6000-7f35ba993000 r-xp 00000000 08:02 3150836                    /lib/x86_64-linux-gnu/libm-2.27.so
7f35ba993000-7f35bab92000 ---p 0019d000 08:02 3150836                    /lib/x86_64-linux-gnu/libm-2.27.so
7f35bab92000-7f35bab93000 r--p 0019c000 08:02 3150836                    /lib/x86_64-linux-gnu/libm-2.27.so
7f35bab93000-7f35bab94000 rw-p 0019d000 08:02 3150836                    /lib/x86_64-linux-gnu/libm-2.27.so
7f35bab94000-7f35bad0d000 r-xp 00000000 08:02 8914332                    /usr/lib/x86_64-linux-gnu/libstdc++.so.6.0.25
7f35bad0d000-7f35baf0d000 ---p 00179000 08:02 8914332                    /usr/lib/x86_64-linux-gnu/libstdc++.so.6.0.25
7f35baf0d000-7f35baf17000 r--p 00179000 08:02 8914332                    /usr/lib/x86_64-linux-gnu/libstdc++.so.6.0.25
7f35baf17000-7f35baf19000 rw-p 00183000 08:02 8914332                    /usr/lib/x86_64-linux-gnu/libstdc++.so.6.0.25
7f35baf19000-7f35baf1d000 rw-p 00000000 00:00 0 
7f35baf1d000-7f35bbffa000 r-xp 00000000 08:02 8916973                    /usr/lib/jvm/java-11-openjdk-amd64/lib/server/libjvm.so
7f35bbffa000-7f35bc1f9000 ---p 010dd000 08:02 8916973                    /usr/lib/jvm/java-11-openjdk-amd64/lib/server/libjvm.so
7f35bc1f9000-7f35bc2b6000 r--p 010dc000 08:02 8916973                    /usr/lib/jvm/java-11-openjdk-amd64/lib/server/libjvm.so
7f35bc2b6000-7f35bc2f0000 rw-p 01199000 08:02 8916973                    /usr/lib/jvm/java-11-openjdk-amd64/lib/server/libjvm.so
7f35bc2f0000-7f35bc346000 rw-p 00000000 00:00 0 
7f35bc346000-7f35bc360000 r-xp 00000000 08:02 3150906                    /lib/x86_64-linux-gnu/libpthread-2.27.so
7f35bc360000-7f35bc55f000 ---p 0001a000 08:02 3150906                    /lib/x86_64-linux-gnu/libpthread-2.27.so
7f35bc55f000-7f35bc560000 r--p 00019000 08:02 3150906                    /lib/x86_64-linux-gnu/libpthread-2.27.so
7f35bc560000-7f35bc561000 rw-p 0001a000 08:02 3150906                    /lib/x86_64-linux-gnu/libpthread-2.27.so
7f35bc561000-7f35bc565000 rw-p 00000000 00:00 0 
7f35bc565000-7f35bc568000 r-xp 00000000 08:02 3150796                    /lib/x86_64-linux-gnu/libdl-2.27.so
7f35bc568000-7f35bc767000 ---p 00003000 08:02 3150796                    /lib/x86_64-linux-gnu/libdl-2.27.so
7f35bc767000-7f35bc768000 r--p 00002000 08:02 3150796                    /lib/x86_64-linux-gnu/libdl-2.27.so
7f35bc768000-7f35bc769000 rw-p 00003000 08:02 3150796                    /lib/x86_64-linux-gnu/libdl-2.27.so
7f35bc769000-7f35bc785000 r-xp 00000000 08:02 3150945                    /lib/x86_64-linux-gnu/libz.so.1.2.11
7f35bc785000-7f35bc984000 ---p 0001c000 08:02 3150945                    /lib/x86_64-linux-gnu/libz.so.1.2.11
7f35bc984000-7f35bc985000 r--p 0001b000 08:02 3150945                    /lib/x86_64-linux-gnu/libz.so.1.2.11
7f35bc985000-7f35bc986000 rw-p 0001c000 08:02 3150945                    /lib/x86_64-linux-gnu/libz.so.1.2.11
7f35bc986000-7f35bcb6d000 r-xp 00000000 08:02 3150773                    /lib/x86_64-linux-gnu/libc-2.27.so
7f35bcb6d000-7f35bcd6d000 ---p 001e7000 08:02 3150773                    /lib/x86_64-linux-gnu/libc-2.27.so
7f35bcd6d000-7f35bcd71000 r--p 001e7000 08:02 3150773                    /lib/x86_64-linux-gnu/libc-2.27.so
7f35bcd71000-7f35bcd73000 rw-p 001eb000 08:02 3150773                    /lib/x86_64-linux-gnu/libc-2.27.so
7f35bcd73000-7f35bcd77000 rw-p 00000000 00:00 0 
7f35bcd77000-7f35bcd87000 r-xp 00000000 08:02 8916932                    /usr/lib/jvm/java-11-openjdk-amd64/lib/jli/libjli.so
7f35bcd87000-7f35bcf86000 ---p 00010000 08:02 8916932                    /usr/lib/jvm/java-11-openjdk-amd64/lib/jli/libjli.so
7f35bcf86000-7f35bcf87000 r--p 0000f000 08:02 8916932                    /usr/lib/jvm/java-11-openjdk-amd64/lib/jli/libjli.so
7f35bcf87000-7f35bcf88000 rw-p 00010000 08:02 8916932                    /usr/lib/jvm/java-11-openjdk-amd64/lib/jli/libjli.so
7f35bcf88000-7f35bcfaf000 r-xp 00000000 08:02 3150745                    /lib/x86_64-linux-gnu/ld-2.27.so
7f35bcfe7000-7f35bd00d000 r--p 00000000 08:02 10621175                   /usr/share/locale-langpack/pt_BR/LC_MESSAGES/libc.mo
7f35bd00d000-7f35bd08d000 rw-p 00000000 00:00 0 
7f35bd08d000-7f35bd094000 ---p 00000000 00:00 0 
7f35bd094000-7f35bd098000 ---p 00000000 00:00 0 
7f35bd098000-7f35bd197000 rw-p 00000000 00:00 0 
7f35bd19a000-7f35bd1a1000 r--s 00000000 08:02 9178368                    /usr/lib/x86_64-linux-gnu/gconv/gconv-modules.cache
7f35bd1a1000-7f35bd1a3000 r--s 00007000 08:02 9310546                    /usr/share/java/java-atk-wrapper.jar
7f35bd1a3000-7f35bd1ab000 rw-s 00000000 08:02 21758390                   /tmp/hsperfdata_italo/2887
7f35bd1ab000-7f35bd1ac000 ---p 00000000 00:00 0 
7f35bd1ac000-7f35bd1ad000 r--p 00000000 00:00 0 
7f35bd1ad000-7f35bd1af000 rw-p 00000000 00:00 0 
7f35bd1af000-7f35bd1b0000 r--p 00027000 08:02 3150745                    /lib/x86_64-linux-gnu/ld-2.27.so
7f35bd1b0000-7f35bd1b1000 rw-p 00028000 08:02 3150745                    /lib/x86_64-linux-gnu/ld-2.27.so
7f35bd1b1000-7f35bd1b2000 rw-p 00000000 00:00 0 
7ffdc6103000-7ffdc6126000 rw-p 00000000 00:00 0                          [stack]
7ffdc617d000-7ffdc6180000 r--p 00000000 00:00 0                          [vvar]
7ffdc6180000-7ffdc6181000 r-xp 00000000 00:00 0                          [vdso]
ffffffffff600000-ffffffffff601000 --xp 00000000 00:00 0                  [vsyscall]


VM Arguments:
jvm_args: -agentlib:jdwp=transport=dt_socket,suspend=y,address=localhost:39155 -javaagent:/home/italo/.eclipse/360744286_linux_gtk_x86_64/configuration/org.eclipse.osgi/222/0/.cp/lib/javaagent-shaded.jar -Dfile.encoding=UTF-8 
java_command: com.crud.rest.CrudApplication
java_class_path (initial): /home/italo/workspace/CRUD spring boot/API-RESTful-using-spring-boot/crud/target/classes:/home/italo/.m2/repository/org/springframework/boot/spring-boot-starter-data-jpa/2.1.14.RELEASE/spring-boot-starter-data-jpa-2.1.14.RELEASE.jar:/home/italo/.m2/repository/org/springframework/boot/spring-boot-starter-aop/2.1.14.RELEASE/spring-boot-starter-aop-2.1.14.RELEASE.jar:/home/italo/.m2/repository/org/springframework/spring-aop/5.1.15.RELEASE/spring-aop-5.1.15.RELEASE.jar:/home/italo/.m2/repository/org/aspectj/aspectjweaver/1.9.5/aspectjweaver-1.9.5.jar:/home/italo/.m2/repository/org/springframework/boot/spring-boot-starter-jdbc/2.1.14.RELEASE/spring-boot-starter-jdbc-2.1.14.RELEASE.jar:/home/italo/.m2/repository/com/zaxxer/HikariCP/3.2.0/HikariCP-3.2.0.jar:/home/italo/.m2/repository/org/springframework/spring-jdbc/5.1.15.RELEASE/spring-jdbc-5.1.15.RELEASE.jar:/home/italo/.m2/repository/javax/transaction/javax.transaction-api/1.3/javax.transaction-api-1.3.jar:/home/italo/.m2/repository/javax/xml/bind/jaxb-api/2.3.1/jaxb-api-2.3.1.jar:/home/italo/.m2/repository/javax/activation/javax.activation-api/1.2.0/javax.activation-api-1.2.0.jar:/home/italo/.m2/repository/org/hibernate/hibernate-core/5.3.17.Final/hibernate-core-5.3.17.Final.jar:/home/italo/.m2/repository/org/jboss/logging/jboss-logging/3.3.3.Final/jboss-logging-3.3.3.Final.jar:/home/italo/.m2/repository/javax/persistence/javax.persistence-api/2.2/javax.persistence-api-2.2.jar:/home/italo/.m2/repository/org/javassist/javassist/3.23.2-GA/javassist-3.23.2-GA.jar:/home/italo/.m2/repository/net/bytebuddy/byte-buddy/1.9.16/byte-buddy-1.9.16.jar:/home/italo/.m2/repository/antlr/antlr/2.7.7/antlr-2.7.7.jar:/home/italo/.m2/repository/org/jboss/jandex/2.0.5.Final/jandex-2.0.5.Final.jar:/home/italo/.m2/repository/com/fasterxml/classmate/1.4.0/classmate-1.4.0.jar:/home/italo/.m2/repository/org/dom4j/dom4j/2.1.3/dom4j-2.1.3.jar:/home/italo/.m2/repository/org/hibernate/common/hibernate-commons-annotatio
Launcher Type: SUN_STANDARD

[Global flags]
     intx CICompilerCount                          = 3                                         {product} {ergonomic}
     uint ConcGCThreads                            = 1                                         {product} {ergonomic}
     uint G1ConcRefinementThreads                  = 4                                         {product} {ergonomic}
   size_t G1HeapRegionSize                         = 1048576                                   {product} {ergonomic}
    uintx GCDrainStackTargetSize                   = 64                                        {product} {ergonomic}
   size_t InitialHeapSize                          = 62914560                                  {product} {ergonomic}
   size_t MarkStackSize                            = 4194304                                   {product} {ergonomic}
   size_t MaxHeapSize                              = 1006632960                                {product} {ergonomic}
   size_t MaxNewSize                               = 603979776                                 {product} {ergonomic}
   size_t MinHeapDeltaBytes                        = 1048576                                   {product} {ergonomic}
    uintx NonNMethodCodeHeapSize                   = 5830732                                {pd product} {ergonomic}
    uintx NonProfiledCodeHeapSize                  = 122913754                              {pd product} {ergonomic}
    uintx ProfiledCodeHeapSize                     = 122913754                              {pd product} {ergonomic}
    uintx ReservedCodeCacheSize                    = 251658240                              {pd product} {ergonomic}
     bool SegmentedCodeCache                       = true                                      {product} {ergonomic}
     bool UseCompressedClassPointers               = true                                 {lp64_product} {ergonomic}
     bool UseCompressedOops                        = true                                 {lp64_product} {ergonomic}
     bool UseG1GC                                  = true                                      {product} {ergonomic}

Logging:
Log output configuration:
 #0: stdout all=warning uptime,level,tags
 #1: stderr all=off uptime,level,tags

Environment Variables:
PATH=/usr/local/sbin:/usr/local/bin:/usr/sbin:/usr/bin:/sbin:/bin:/usr/games:/usr/local/games:/snap/bin
USERNAME=italo
SHELL=/bin/bash
DISPLAY=:0

Signal Handlers:
SIGSEGV: [libjvm.so+0xdf8d00], sa_mask[0]=11111111011111111101111111111110, sa_flags=SA_RESTART|SA_SIGINFO
SIGBUS: [libjvm.so+0xdf8d00], sa_mask[0]=11111111011111111101111111111110, sa_flags=SA_RESTART|SA_SIGINFO
SIGFPE: [libjvm.so+0xdf8d00], sa_mask[0]=11111111011111111101111111111110, sa_flags=SA_RESTART|SA_SIGINFO
SIGPIPE: [libjvm.so+0xbcbc30], sa_mask[0]=11111111011111111101111111111110, sa_flags=SA_RESTART|SA_SIGINFO
SIGXFSZ: [libjvm.so+0xbcbc30], sa_mask[0]=11111111011111111101111111111110, sa_flags=SA_RESTART|SA_SIGINFO
SIGILL: [libjvm.so+0xdf8d00], sa_mask[0]=11111111011111111101111111111110, sa_flags=SA_RESTART|SA_SIGINFO
SIGUSR2: [libjvm.so+0xbcbad0], sa_mask[0]=00100000000000000000000000000000, sa_flags=SA_RESTART|SA_SIGINFO
SIGHUP: [libjvm.so+0xbcbe30], sa_mask[0]=11111111011111111101111111111110, sa_flags=SA_RESTART|SA_SIGINFO
SIGINT: [libjvm.so+0xbcbe30], sa_mask[0]=11111111011111111101111111111110, sa_flags=SA_RESTART|SA_SIGINFO
SIGTERM: [libjvm.so+0xbcbe30], sa_mask[0]=11111111011111111101111111111110, sa_flags=SA_RESTART|SA_SIGINFO
SIGQUIT: [libjvm.so+0xbcbe30], sa_mask[0]=11111111011111111101111111111110, sa_flags=SA_RESTART|SA_SIGINFO


---------------  S Y S T E M  ---------------

OS:DISTRIB_ID=Ubuntu
DISTRIB_RELEASE=18.04
DISTRIB_CODENAME=bionic
DISTRIB_DESCRIPTION="Ubuntu 18.04.4 LTS"
uname:Linux 5.3.0-53-generic #47~18.04.1-Ubuntu SMP Thu May 7 13:10:50 UTC 2020 x86_64
OS uptime: 0 days 0:19 hours
libc:glibc 2.27 NPTL 2.27 
rlimit: STACK 8192k, CORE 0k, NPROC 15150, NOFILE 1048576, AS infinity, CPU infinity, DATA infinity, FSIZE infinity
load average:1,50 1,13 0,88

/proc/meminfo:
MemTotal:        3927164 kB
MemFree:          130116 kB
MemAvailable:     245704 kB
Buffers:           26096 kB
Cached:           503900 kB
SwapCached:        90780 kB
Active:          2715128 kB
Inactive:         797384 kB
Active(anon):    2584804 kB
Inactive(anon):   630968 kB
Active(file):     130324 kB
Inactive(file):   166416 kB
Unevictable:       53348 kB
Mlocked:              48 kB
SwapTotal:       7999484 kB
SwapFree:        7907580 kB
Dirty:               104 kB
Writeback:             0 kB
AnonPages:       2945680 kB
Mapped:           345096 kB
Shmem:            284320 kB
KReclaimable:      42932 kB
Slab:              94768 kB
SReclaimable:      42932 kB
SUnreclaim:        51836 kB
KernelStack:       13656 kB
PageTables:        58368 kB
NFS_Unstable:          0 kB
Bounce:                0 kB
WritebackTmp:          0 kB
CommitLimit:     9963064 kB
Committed_AS:    8717368 kB
VmallocTotal:   34359738367 kB
VmallocUsed:       30656 kB
VmallocChunk:          0 kB
Percpu:             1392 kB
HardwareCorrupted:     0 kB
AnonHugePages:         0 kB
ShmemHugePages:        0 kB
ShmemPmdMapped:        0 kB
CmaTotal:              0 kB
CmaFree:               0 kB
HugePages_Total:       0
HugePages_Free:        0
HugePages_Rsvd:        0
HugePages_Surp:        0
Hugepagesize:       2048 kB
Hugetlb:               0 kB
DirectMap4k:      187644 kB
DirectMap2M:     3903488 kB
DirectMap1G:           0 kB


/proc/sys/kernel/threads-max (system-wide limit on the number of threads):
30300


/proc/sys/vm/max_map_count (maximum number of memory map areas a process may have):
65530


/proc/sys/kernel/pid_max (system-wide limit on number of process identifiers):
32768



container (cgroup) information:
container_type: cgroupv1
cpu_cpuset_cpus: 0-3
cpu_memory_nodes: 0
active_processor_count: 4
cpu_quota: -1
cpu_period: 100000
cpu_shares: -1
memory_limit_in_bytes: -1
memory_and_swap_limit_in_bytes: -2
memory_soft_limit_in_bytes: -1
memory_usage_in_bytes: 3652456448
memory_max_usage_in_bytes: 14737408

Steal ticks since vm start: 0
Steal ticks percentage since vm start:  0,000

CPU:total 4 (initial active 4) (2 cores per cpu, 2 threads per core) family 6 model 61 stepping 4, cmov, cx8, fxsr, mmx, sse, sse2, sse3, ssse3, sse4.1, sse4.2, popcnt, avx, avx2, aes, clmul, erms, 3dnowpref, lzcnt, ht, tsc, tscinvbit, bmi1, bmi2, adx, fma
CPU Model and flags from /proc/cpuinfo:
model name	: Intel(R) Core(TM) i3-5005U CPU @ 2.00GHz
flags		: fpu vme de pse tsc msr pae mce cx8 apic sep mtrr pge mca cmov pat pse36 clflush dts acpi mmx fxsr sse sse2 ss ht tm pbe syscall nx pdpe1gb rdtscp lm constant_tsc arch_perfmon pebs bts rep_good nopl xtopology nonstop_tsc cpuid aperfmperf pni pclmulqdq dtes64 monitor ds_cpl vmx est tm2 ssse3 sdbg fma cx16 xtpr pdcm pcid sse4_1 sse4_2 x2apic movbe popcnt tsc_deadline_timer aes xsave avx f16c rdrand lahf_lm abm 3dnowprefetch cpuid_fault epb invpcid_single pti ssbd ibrs ibpb stibp tpr_shadow vnmi flexpriority ept vpid ept_ad fsgsbase tsc_adjust bmi1 avx2 smep bmi2 erms invpcid rdseed adx smap intel_pt xsaveopt dtherm arat pln pts md_clear flush_l1d

Memory: 4k page, physical 3927164k(129108k free), swap 7999484k(7907580k free)

vm_info: OpenJDK 64-Bit Server VM (11.0.7+10-post-Ubuntu-2ubuntu218.04) for linux-amd64 JRE (11.0.7+10-post-Ubuntu-2ubuntu218.04), built on Apr 15 2020 21:12:54 by "unknown" with gcc 7.5.0

END.
